[ 2016-06-24T09:56:52+08:00 ] 127.0.0.1 /index.php/Home/Index/index/p/1.html
INFO: [ app_init ] --START--
INFO: Run Behavior\BuildLiteBehavior [ RunTime:0.000000s ]
INFO: [ app_init ] --END-- [ RunTime:0.000000s ]
INFO: [ app_begin ] --START--
INFO: Run Behavior\ReadHtmlCacheBehavior [ RunTime:0.063003s ]
INFO: [ app_begin ] --END-- [ RunTime:0.063003s ]
NOTIC: [2048] Declaration of Home\Controller\CommonController::error() should be compatible with Think\Controller::error($message = '', $jumpUrl = '', $ajax = false) E:\xampp\htdocs\thinkphp\App\Home\Controller\CommonController.class.php 第 70 行.
SQL: SHOW COLUMNS FROM `tp_news` [ RunTime:0.0140s ]
NOTIC: [2048] Declaration of Home\Model\PositioncontentModel::select() should be compatible with Think\Model::select($options = Array) E:\xampp\htdocs\thinkphp\App\Home\Model\PositioncontentModel.class.php 第 26 行.
SQL: SHOW COLUMNS FROM `tp_position_content` [ RunTime:0.0050s ]
SQL: SELECT * FROM `tp_position_content` WHERE `position_id` = 1 AND `status` = 1 ORDER BY listorder desc,id desc LIMIT 1   [ RunTime:0.0450s ]
SQL: SELECT * FROM `tp_position_content` WHERE `position_id` = 2 AND `status` = 1 ORDER BY listorder desc,id desc LIMIT 2   [ RunTime:0.0010s ]
SQL: SELECT * FROM `tp_news` WHERE `status` = 1 AND `thumb` <> '' ORDER BY listorder desc,news_id desc LIMIT 0,2   [ RunTime:0.0160s ]
SQL: SELECT COUNT(*) AS tp_count FROM `tp_news` WHERE `status` <> -1 AND `thumb` <> '' LIMIT 1   [ RunTime:0.0000s ]
SQL: SELECT * FROM `tp_news` WHERE `status` = 1 ORDER BY count desc,news_id desc LIMIT 3   [ RunTime:0.0010s ]
INFO: [ view_parse ] --START--
INFO: [ template_filter ] --START--
INFO: Run Behavior\ContentReplaceBehavior [ RunTime:0.001000s ]
INFO: [ template_filter ] --END-- [ RunTime:0.001000s ]
SQL: SHOW COLUMNS FROM `tp_menu` [ RunTime:0.0050s ]
SQL: SELECT * FROM `tp_menu` WHERE `status` = 1 AND `type` = 0 ORDER BY listorder asc,menu_id desc  [ RunTime:0.0480s ]
NOTIC: [8] Undefined index: id E:\xampp\htdocs\thinkphp\App\Runtime\Cache\Home\00e52909bed743ea261af4b6823297ff.php 第 30 行.
NOTIC: [8] Undefined index: id E:\xampp\htdocs\thinkphp\App\Runtime\Cache\Home\00e52909bed743ea261af4b6823297ff.php 第 31 行.
NOTIC: [8] Undefined index: id E:\xampp\htdocs\thinkphp\App\Runtime\Cache\Home\00e52909bed743ea261af4b6823297ff.php 第 31 行.
NOTIC: [8] Use of undefined constant news - assumed 'news' E:\xampp\htdocs\thinkphp\App\Runtime\Cache\Home\00e52909bed743ea261af4b6823297ff.php 第 47 行.
NOTIC: [8] Use of undefined constant news - assumed 'news' E:\xampp\htdocs\thinkphp\App\Runtime\Cache\Home\00e52909bed743ea261af4b6823297ff.php 第 47 行.
INFO: Run Behavior\ParseTemplateBehavior [ RunTime:0.315018s ]
INFO: [ view_parse ] --END-- [ RunTime:0.315018s ]
INFO: [ view_filter ] --START--
INFO: Run Behavior\WriteHtmlCacheBehavior [ RunTime:0.376021s ]
INFO: [ view_filter ] --END-- [ RunTime:0.376021s ]
INFO: [ app_end ] --START--
INFO: Run Behavior\ShowPageTraceBehavior [ RunTime:0.007001s ]
INFO: [ app_end ] --END-- [ RunTime:0.008001s ]

[ 2016-06-24T14:37:56+08:00 ] 127.0.0.1 /index.php/Home/Cat/index/id/16/p/1.html
INFO: [ app_init ] --START--
INFO: Run Behavior\BuildLiteBehavior [ RunTime:0.000000s ]
INFO: [ app_init ] --END-- [ RunTime:0.001000s ]
INFO: [ app_begin ] --START--
INFO: Run Behavior\ReadHtmlCacheBehavior [ RunTime:0.001000s ]
INFO: [ app_begin ] --END-- [ RunTime:0.001000s ]
NOTIC: [2048] Declaration of Home\Controller\CommonController::error() should be compatible with Think\Controller::error($message = '', $jumpUrl = '', $ajax = false) E:\xampp\htdocs\thinkphp\App\Home\Controller\CommonController.class.php 第 70 行.
SQL: SHOW COLUMNS FROM `tp_news` [ RunTime:0.0470s ]
SQL: SHOW COLUMNS FROM `tp_menu` [ RunTime:0.0050s ]
SQL: SELECT * FROM `tp_menu` WHERE `menu_id` = 16 LIMIT 1   [ RunTime:0.0010s ]
NOTIC: [2048] Declaration of Home\Model\PositioncontentModel::select() should be compatible with Think\Model::select($options = Array) E:\xampp\htdocs\thinkphp\App\Home\Model\PositioncontentModel.class.php 第 26 行.
SQL: SHOW COLUMNS FROM `tp_position_content` [ RunTime:0.0050s ]
SQL: SELECT * FROM `tp_position_content` WHERE `position_id` = 2 AND `status` = 1 ORDER BY listorder desc,id desc LIMIT 2   [ RunTime:0.0010s ]
SQL: SELECT * FROM `tp_news` WHERE `status` = 1 ORDER BY count desc,news_id desc LIMIT 3   [ RunTime:0.0010s ]
SQL: SELECT * FROM `tp_news` WHERE `status` = 1 AND `catid` = 16 AND `thumb` <> '' ORDER BY listorder desc,news_id desc LIMIT 0,1   [ RunTime:0.0010s ]
SQL: SELECT COUNT(*) AS tp_count FROM `tp_news` WHERE `status` <> -1 AND `catid` = 16 AND `thumb` <> '' LIMIT 1   [ RunTime:0.0000s ]
INFO: [ view_parse ] --START--
INFO: [ template_filter ] --START--
INFO: Run Behavior\ContentReplaceBehavior [ RunTime:0.000000s ]
INFO: [ template_filter ] --END-- [ RunTime:0.000000s ]
SQL: SELECT * FROM `tp_menu` WHERE `status` = 1 AND `type` = 0 ORDER BY listorder asc,menu_id desc  [ RunTime:0.0010s ]
NOTIC: [8] Use of undefined constant news - assumed 'news' E:\xampp\htdocs\thinkphp\App\Runtime\Cache\Home\d9dacb28e47a9efb2ae1adf00823a70e.php 第 41 行.
NOTIC: [8] Use of undefined constant news - assumed 'news' E:\xampp\htdocs\thinkphp\App\Runtime\Cache\Home\d9dacb28e47a9efb2ae1adf00823a70e.php 第 41 行.
INFO: Run Behavior\ParseTemplateBehavior [ RunTime:0.021001s ]
INFO: [ view_parse ] --END-- [ RunTime:0.021001s ]
INFO: [ view_filter ] --START--
INFO: Run Behavior\WriteHtmlCacheBehavior [ RunTime:0.001000s ]
INFO: [ view_filter ] --END-- [ RunTime:0.001000s ]
INFO: [ app_end ] --START--
INFO: Run Behavior\ShowPageTraceBehavior [ RunTime:0.001000s ]
INFO: [ app_end ] --END-- [ RunTime:0.001000s ]

[ 2016-06-24T14:37:57+08:00 ] 127.0.0.1 /
INFO: [ app_init ] --START--
INFO: Run Behavior\BuildLiteBehavior [ RunTime:0.000000s ]
INFO: [ app_init ] --END-- [ RunTime:0.000000s ]
INFO: [ app_begin ] --START--
INFO: Run Behavior\ReadHtmlCacheBehavior [ RunTime:0.001000s ]
INFO: [ app_begin ] --END-- [ RunTime:0.001000s ]
NOTIC: [2048] Declaration of Home\Controller\CommonController::error() should be compatible with Think\Controller::error($message = '', $jumpUrl = '', $ajax = false) E:\xampp\htdocs\thinkphp\App\Home\Controller\CommonController.class.php 第 70 行.
SQL: SHOW COLUMNS FROM `tp_news` [ RunTime:0.0030s ]
NOTIC: [2048] Declaration of Home\Model\PositioncontentModel::select() should be compatible with Think\Model::select($options = Array) E:\xampp\htdocs\thinkphp\App\Home\Model\PositioncontentModel.class.php 第 26 行.
SQL: SHOW COLUMNS FROM `tp_position_content` [ RunTime:0.0030s ]
SQL: SELECT * FROM `tp_position_content` WHERE `position_id` = 1 AND `status` = 1 ORDER BY listorder desc,id desc LIMIT 1   [ RunTime:0.0010s ]
SQL: SELECT * FROM `tp_position_content` WHERE `position_id` = 2 AND `status` = 1 ORDER BY listorder desc,id desc LIMIT 2   [ RunTime:0.0000s ]
SQL: SELECT * FROM `tp_news` WHERE `status` = 1 AND `thumb` <> '' ORDER BY listorder desc,news_id desc LIMIT 0,2   [ RunTime:0.0010s ]
SQL: SELECT COUNT(*) AS tp_count FROM `tp_news` WHERE `status` <> -1 AND `thumb` <> '' LIMIT 1   [ RunTime:0.0000s ]
SQL: SELECT * FROM `tp_news` WHERE `status` = 1 ORDER BY count desc,news_id desc LIMIT 3   [ RunTime:0.0010s ]
INFO: [ view_parse ] --START--
INFO: [ template_filter ] --START--
INFO: Run Behavior\ContentReplaceBehavior [ RunTime:0.000000s ]
INFO: [ template_filter ] --END-- [ RunTime:0.000000s ]
SQL: SHOW COLUMNS FROM `tp_menu` [ RunTime:0.0030s ]
SQL: SELECT * FROM `tp_menu` WHERE `status` = 1 AND `type` = 0 ORDER BY listorder asc,menu_id desc  [ RunTime:0.0000s ]
NOTIC: [8] Undefined index: id E:\xampp\htdocs\thinkphp\App\Runtime\Cache\Home\00e52909bed743ea261af4b6823297ff.php 第 30 行.
NOTIC: [8] Undefined index: id E:\xampp\htdocs\thinkphp\App\Runtime\Cache\Home\00e52909bed743ea261af4b6823297ff.php 第 31 行.
NOTIC: [8] Undefined index: id E:\xampp\htdocs\thinkphp\App\Runtime\Cache\Home\00e52909bed743ea261af4b6823297ff.php 第 31 行.
NOTIC: [8] Use of undefined constant news - assumed 'news' E:\xampp\htdocs\thinkphp\App\Runtime\Cache\Home\00e52909bed743ea261af4b6823297ff.php 第 47 行.
NOTIC: [8] Use of undefined constant news - assumed 'news' E:\xampp\htdocs\thinkphp\App\Runtime\Cache\Home\00e52909bed743ea261af4b6823297ff.php 第 47 行.
INFO: Run Behavior\ParseTemplateBehavior [ RunTime:0.017001s ]
INFO: [ view_parse ] --END-- [ RunTime:0.017001s ]
INFO: [ view_filter ] --START--
INFO: Run Behavior\WriteHtmlCacheBehavior [ RunTime:0.000000s ]
INFO: [ view_filter ] --END-- [ RunTime:0.000000s ]
INFO: [ app_end ] --START--
INFO: Run Behavior\ShowPageTraceBehavior [ RunTime:0.001000s ]
INFO: [ app_end ] --END-- [ RunTime:0.001000s ]

[ 2016-06-24T14:39:55+08:00 ] 127.0.0.1 /home/detail?id=10
INFO: [ app_init ] --START--
INFO: Run Behavior\BuildLiteBehavior [ RunTime:0.000000s ]
INFO: [ app_init ] --END-- [ RunTime:0.001000s ]
INFO: [ app_begin ] --START--
INFO: Run Behavior\ReadHtmlCacheBehavior [ RunTime:0.001000s ]
INFO: [ app_begin ] --END-- [ RunTime:0.001000s ]
NOTIC: [2048] Declaration of Home\Controller\CommonController::error() should be compatible with Think\Controller::error($message = '', $jumpUrl = '', $ajax = false) E:\xampp\htdocs\thinkphp\App\Home\Controller\CommonController.class.php 第 70 行.
SQL: SHOW COLUMNS FROM `tp_news` [ RunTime:0.0030s ]
NOTIC: [2048] Declaration of Home\Model\PositioncontentModel::select() should be compatible with Think\Model::select($options = Array) E:\xampp\htdocs\thinkphp\App\Home\Model\PositioncontentModel.class.php 第 26 行.
SQL: SHOW COLUMNS FROM `tp_position_content` [ RunTime:0.0030s ]
SQL: SELECT * FROM `tp_position_content` WHERE `position_id` = 2 AND `status` = 1 ORDER BY listorder desc,id desc LIMIT 2   [ RunTime:0.0010s ]
SQL: SELECT * FROM `tp_news` WHERE `status` = 1 ORDER BY count desc,news_id desc LIMIT 3   [ RunTime:0.0000s ]
SQL: SELECT * FROM `tp_news` WHERE `news_id` = 10 LIMIT 1   [ RunTime:0.0010s ]
SQL: SHOW COLUMNS FROM `tp_news_content` [ RunTime:0.0030s ]
SQL: SELECT * FROM `tp_news_content` WHERE `news_id` = 10 LIMIT 1   [ RunTime:0.0000s ]
INFO: [ view_parse ] --START--
INFO: [ template_filter ] --START--
INFO: Run Behavior\ContentReplaceBehavior [ RunTime:0.000000s ]
INFO: [ template_filter ] --END-- [ RunTime:0.000000s ]
SQL: SHOW COLUMNS FROM `tp_menu` [ RunTime:0.0030s ]
SQL: SELECT * FROM `tp_menu` WHERE `status` = 1 AND `type` = 0 ORDER BY listorder asc,menu_id desc  [ RunTime:0.0000s ]
INFO: Run Behavior\ParseTemplateBehavior [ RunTime:0.016000s ]
INFO: [ view_parse ] --END-- [ RunTime:0.016000s ]
INFO: [ view_filter ] --START--
INFO: Run Behavior\WriteHtmlCacheBehavior [ RunTime:0.000000s ]
INFO: [ view_filter ] --END-- [ RunTime:0.000000s ]
INFO: [ app_end ] --START--
INFO: Run Behavior\ShowPageTraceBehavior [ RunTime:0.001000s ]
INFO: [ app_end ] --END-- [ RunTime:0.001000s ]

[ 2016-06-24T14:40:01+08:00 ] 127.0.0.1 /home/detail?id=-10
INFO: [ app_init ] --START--
INFO: Run Behavior\BuildLiteBehavior [ RunTime:0.000000s ]
INFO: [ app_init ] --END-- [ RunTime:0.000000s ]
INFO: [ app_begin ] --START--
INFO: Run Behavior\ReadHtmlCacheBehavior [ RunTime:0.000000s ]
INFO: [ app_begin ] --END-- [ RunTime:0.000000s ]
NOTIC: [2048] Declaration of Home\Controller\CommonController::error() should be compatible with Think\Controller::error($message = '', $jumpUrl = '', $ajax = false) E:\xampp\htdocs\thinkphp\App\Home\Controller\CommonController.class.php 第 70 行.
SQL: SHOW COLUMNS FROM `tp_news` [ RunTime:0.0020s ]
NOTIC: [2048] Declaration of Home\Model\PositioncontentModel::select() should be compatible with Think\Model::select($options = Array) E:\xampp\htdocs\thinkphp\App\Home\Model\PositioncontentModel.class.php 第 26 行.
SQL: SHOW COLUMNS FROM `tp_position_content` [ RunTime:0.0030s ]
SQL: SELECT * FROM `tp_position_content` WHERE `position_id` = 2 AND `status` = 1 ORDER BY listorder desc,id desc LIMIT 2   [ RunTime:0.0010s ]
SQL: SELECT * FROM `tp_news` WHERE `status` = 1 ORDER BY count desc,news_id desc LIMIT 3   [ RunTime:0.0000s ]
SQL: SELECT * FROM `tp_news` WHERE `news_id` = -10 LIMIT 1   [ RunTime:0.0000s ]
SQL: SHOW COLUMNS FROM `tp_news_content` [ RunTime:0.0020s ]
SQL: SELECT * FROM `tp_news_content` WHERE `news_id` = -10 LIMIT 1   [ RunTime:0.0000s ]
INFO: [ view_parse ] --START--
INFO: [ template_filter ] --START--
INFO: Run Behavior\ContentReplaceBehavior [ RunTime:0.000000s ]
INFO: [ template_filter ] --END-- [ RunTime:0.000000s ]
SQL: SHOW COLUMNS FROM `tp_menu` [ RunTime:0.0020s ]
SQL: SELECT * FROM `tp_menu` WHERE `status` = 1 AND `type` = 0 ORDER BY listorder asc,menu_id desc  [ RunTime:0.0000s ]
INFO: Run Behavior\ParseTemplateBehavior [ RunTime:0.014000s ]
INFO: [ view_parse ] --END-- [ RunTime:0.014000s ]
INFO: [ view_filter ] --START--
INFO: Run Behavior\WriteHtmlCacheBehavior [ RunTime:0.001001s ]
INFO: [ view_filter ] --END-- [ RunTime:0.001001s ]
INFO: [ app_end ] --START--
INFO: Run Behavior\ShowPageTraceBehavior [ RunTime:0.000000s ]
INFO: [ app_end ] --END-- [ RunTime:0.000000s ]

[ 2016-06-24T14:40:23+08:00 ] 127.0.0.1 /home/detail?id=-10
INFO: [ app_init ] --START--
INFO: Run Behavior\BuildLiteBehavior [ RunTime:0.000000s ]
INFO: [ app_init ] --END-- [ RunTime:0.001000s ]
INFO: [ app_begin ] --START--
INFO: Run Behavior\ReadHtmlCacheBehavior [ RunTime:0.000000s ]
INFO: [ app_begin ] --END-- [ RunTime:0.000000s ]
NOTIC: [2048] Declaration of Home\Controller\CommonController::error() should be compatible with Think\Controller::error($message = '', $jumpUrl = '', $ajax = false) E:\xampp\htdocs\thinkphp\App\Home\Controller\CommonController.class.php 第 70 行.
SQL: SHOW COLUMNS FROM `tp_news` [ RunTime:0.0030s ]
INFO: [ view_parse ] --START--
INFO: [ template_filter ] --START--
INFO: Run Behavior\ContentReplaceBehavior [ RunTime:0.000000s ]
INFO: [ template_filter ] --END-- [ RunTime:0.000000s ]
SQL: SHOW COLUMNS FROM `tp_menu` [ RunTime:0.0030s ]
SQL: SELECT * FROM `tp_menu` WHERE `status` = 1 AND `type` = 0 ORDER BY listorder asc,menu_id desc  [ RunTime:0.0000s ]
INFO: Run Behavior\ParseTemplateBehavior [ RunTime:0.014001s ]
INFO: [ view_parse ] --END-- [ RunTime:0.014001s ]
INFO: [ view_filter ] --START--
INFO: Run Behavior\WriteHtmlCacheBehavior [ RunTime:0.001000s ]
INFO: [ view_filter ] --END-- [ RunTime:0.001000s ]
INFO: [ app_end ] --START--
INFO: Run Behavior\ShowPageTraceBehavior [ RunTime:0.001000s ]
INFO: [ app_end ] --END-- [ RunTime:0.001000s ]

[ 2016-06-24T14:40:26+08:00 ] 127.0.0.1 /
INFO: [ app_init ] --START--
INFO: Run Behavior\BuildLiteBehavior [ RunTime:0.000000s ]
INFO: [ app_init ] --END-- [ RunTime:0.000000s ]
INFO: [ app_begin ] --START--
INFO: Run Behavior\ReadHtmlCacheBehavior [ RunTime:0.001000s ]
INFO: [ app_begin ] --END-- [ RunTime:0.001000s ]
NOTIC: [2048] Declaration of Home\Controller\CommonController::error() should be compatible with Think\Controller::error($message = '', $jumpUrl = '', $ajax = false) E:\xampp\htdocs\thinkphp\App\Home\Controller\CommonController.class.php 第 70 行.
SQL: SHOW COLUMNS FROM `tp_news` [ RunTime:0.0030s ]
NOTIC: [2048] Declaration of Home\Model\PositioncontentModel::select() should be compatible with Think\Model::select($options = Array) E:\xampp\htdocs\thinkphp\App\Home\Model\PositioncontentModel.class.php 第 26 行.
SQL: SHOW COLUMNS FROM `tp_position_content` [ RunTime:0.0020s ]
SQL: SELECT * FROM `tp_position_content` WHERE `position_id` = 1 AND `status` = 1 ORDER BY listorder desc,id desc LIMIT 1   [ RunTime:0.0000s ]
SQL: SELECT * FROM `tp_position_content` WHERE `position_id` = 2 AND `status` = 1 ORDER BY listorder desc,id desc LIMIT 2   [ RunTime:0.0010s ]
SQL: SELECT * FROM `tp_news` WHERE `status` = 1 AND `thumb` <> '' ORDER BY listorder desc,news_id desc LIMIT 0,2   [ RunTime:0.0000s ]
SQL: SELECT COUNT(*) AS tp_count FROM `tp_news` WHERE `status` <> -1 AND `thumb` <> '' LIMIT 1   [ RunTime:0.0000s ]
SQL: SELECT * FROM `tp_news` WHERE `status` = 1 ORDER BY count desc,news_id desc LIMIT 3   [ RunTime:0.0000s ]
INFO: [ view_parse ] --START--
INFO: [ template_filter ] --START--
INFO: Run Behavior\ContentReplaceBehavior [ RunTime:0.000000s ]
INFO: [ template_filter ] --END-- [ RunTime:0.000000s ]
SQL: SHOW COLUMNS FROM `tp_menu` [ RunTime:0.0020s ]
SQL: SELECT * FROM `tp_menu` WHERE `status` = 1 AND `type` = 0 ORDER BY listorder asc,menu_id desc  [ RunTime:0.0000s ]
NOTIC: [8] Undefined index: id E:\xampp\htdocs\thinkphp\App\Runtime\Cache\Home\00e52909bed743ea261af4b6823297ff.php 第 30 行.
NOTIC: [8] Undefined index: id E:\xampp\htdocs\thinkphp\App\Runtime\Cache\Home\00e52909bed743ea261af4b6823297ff.php 第 31 行.
NOTIC: [8] Undefined index: id E:\xampp\htdocs\thinkphp\App\Runtime\Cache\Home\00e52909bed743ea261af4b6823297ff.php 第 31 行.
NOTIC: [8] Use of undefined constant news - assumed 'news' E:\xampp\htdocs\thinkphp\App\Runtime\Cache\Home\00e52909bed743ea261af4b6823297ff.php 第 47 行.
NOTIC: [8] Use of undefined constant news - assumed 'news' E:\xampp\htdocs\thinkphp\App\Runtime\Cache\Home\00e52909bed743ea261af4b6823297ff.php 第 47 行.
INFO: Run Behavior\ParseTemplateBehavior [ RunTime:0.016001s ]
INFO: [ view_parse ] --END-- [ RunTime:0.016001s ]
INFO: [ view_filter ] --START--
INFO: Run Behavior\WriteHtmlCacheBehavior [ RunTime:0.001000s ]
INFO: [ view_filter ] --END-- [ RunTime:0.001000s ]
INFO: [ app_end ] --START--
INFO: Run Behavior\ShowPageTraceBehavior [ RunTime:0.000000s ]
INFO: [ app_end ] --END-- [ RunTime:0.000000s ]

[ 2016-06-24T14:51:17+08:00 ] 127.0.0.1 /
INFO: [ app_init ] --START--
INFO: Run Behavior\BuildLiteBehavior [ RunTime:0.000000s ]
INFO: [ app_init ] --END-- [ RunTime:0.001000s ]
INFO: [ app_begin ] --START--
INFO: Run Behavior\ReadHtmlCacheBehavior [ RunTime:0.001001s ]
INFO: [ app_begin ] --END-- [ RunTime:0.001001s ]
NOTIC: [2048] Declaration of Home\Controller\CommonController::error() should be compatible with Think\Controller::error($message = '', $jumpUrl = '', $ajax = false) E:\xampp\htdocs\thinkphp\App\Home\Controller\CommonController.class.php 第 70 行.
SQL: SHOW COLUMNS FROM `tp_news` [ RunTime:0.0030s ]
NOTIC: [2048] Declaration of Home\Model\PositioncontentModel::select() should be compatible with Think\Model::select($options = Array) E:\xampp\htdocs\thinkphp\App\Home\Model\PositioncontentModel.class.php 第 26 行.
SQL: SHOW COLUMNS FROM `tp_position_content` [ RunTime:0.0020s ]
SQL: SELECT * FROM `tp_position_content` WHERE `position_id` = 1 AND `status` = 1 ORDER BY listorder desc,id desc LIMIT 1   [ RunTime:0.0000s ]
SQL: SELECT * FROM `tp_position_content` WHERE `position_id` = 2 AND `status` = 1 ORDER BY listorder desc,id desc LIMIT 2   [ RunTime:0.0010s ]
SQL: SELECT * FROM `tp_news` WHERE `status` = 1 AND `thumb` <> '' ORDER BY listorder desc,news_id desc LIMIT 0,2   [ RunTime:0.0000s ]
SQL: SELECT COUNT(*) AS tp_count FROM `tp_news` WHERE `status` <> -1 AND `thumb` <> '' LIMIT 1   [ RunTime:0.0000s ]
SQL: SELECT * FROM `tp_news` WHERE `status` = 1 ORDER BY count desc,news_id desc LIMIT 3   [ RunTime:0.0000s ]
INFO: [ view_parse ] --START--
INFO: [ template_filter ] --START--
INFO: Run Behavior\ContentReplaceBehavior [ RunTime:0.000000s ]
INFO: [ template_filter ] --END-- [ RunTime:0.000000s ]
SQL: SHOW COLUMNS FROM `tp_menu` [ RunTime:0.0030s ]
SQL: SELECT * FROM `tp_menu` WHERE `status` = 1 AND `type` = 0 ORDER BY listorder asc,menu_id desc  [ RunTime:0.0000s ]
NOTIC: [8] Undefined index: id E:\xampp\htdocs\thinkphp\App\Runtime\Cache\Home\00e52909bed743ea261af4b6823297ff.php 第 30 行.
NOTIC: [8] Undefined index: id E:\xampp\htdocs\thinkphp\App\Runtime\Cache\Home\00e52909bed743ea261af4b6823297ff.php 第 31 行.
NOTIC: [8] Undefined index: id E:\xampp\htdocs\thinkphp\App\Runtime\Cache\Home\00e52909bed743ea261af4b6823297ff.php 第 31 行.
NOTIC: [8] Use of undefined constant news - assumed 'news' E:\xampp\htdocs\thinkphp\App\Runtime\Cache\Home\00e52909bed743ea261af4b6823297ff.php 第 47 行.
NOTIC: [8] Use of undefined constant news - assumed 'news' E:\xampp\htdocs\thinkphp\App\Runtime\Cache\Home\00e52909bed743ea261af4b6823297ff.php 第 47 行.
INFO: Run Behavior\ParseTemplateBehavior [ RunTime:0.015001s ]
INFO: [ view_parse ] --END-- [ RunTime:0.015001s ]
INFO: [ view_filter ] --START--
INFO: Run Behavior\WriteHtmlCacheBehavior [ RunTime:0.000000s ]
INFO: [ view_filter ] --END-- [ RunTime:0.000000s ]
INFO: [ app_end ] --START--
INFO: Run Behavior\ShowPageTraceBehavior [ RunTime:0.001000s ]
INFO: [ app_end ] --END-- [ RunTime:0.001000s ]

[ 2016-06-24T14:51:18+08:00 ] 127.0.0.1 /home/detail?id=10
INFO: [ app_init ] --START--
INFO: Run Behavior\BuildLiteBehavior [ RunTime:0.000000s ]
INFO: [ app_init ] --END-- [ RunTime:0.000000s ]
INFO: [ app_begin ] --START--
INFO: Run Behavior\ReadHtmlCacheBehavior [ RunTime:0.001000s ]
INFO: [ app_begin ] --END-- [ RunTime:0.001000s ]

[ 2016-06-24T14:51:29+08:00 ] 127.0.0.1 /home/detail?id=10
INFO: [ app_init ] --START--
INFO: Run Behavior\BuildLiteBehavior [ RunTime:0.000000s ]
INFO: [ app_init ] --END-- [ RunTime:0.000000s ]
INFO: [ app_begin ] --START--
INFO: Run Behavior\ReadHtmlCacheBehavior [ RunTime:0.001000s ]
INFO: [ app_begin ] --END-- [ RunTime:0.001000s ]
NOTIC: [2048] Declaration of Home\Controller\CommonController::error() should be compatible with Think\Controller::error($message = '', $jumpUrl = '', $ajax = false) E:\xampp\htdocs\thinkphp\App\Home\Controller\CommonController.class.php 第 70 行.
SQL: SHOW COLUMNS FROM `tp_news` [ RunTime:0.0030s ]
NOTIC: [2048] Declaration of Home\Model\PositioncontentModel::select() should be compatible with Think\Model::select($options = Array) E:\xampp\htdocs\thinkphp\App\Home\Model\PositioncontentModel.class.php 第 26 行.
SQL: SHOW COLUMNS FROM `tp_position_content` [ RunTime:0.0020s ]
SQL: SELECT * FROM `tp_position_content` WHERE `position_id` = 2 AND `status` = 1 ORDER BY listorder desc,id desc LIMIT 2   [ RunTime:0.0000s ]
SQL: SELECT * FROM `tp_news` WHERE `status` = 1 ORDER BY count desc,news_id desc LIMIT 3   [ RunTime:0.0010s ]
SQL: SELECT * FROM `tp_news` WHERE `news_id` = 10 LIMIT 1   [ RunTime:0.0010s ]

[ 2016-06-24T14:51:44+08:00 ] 127.0.0.1 /home/detail?id=10
INFO: [ app_init ] --START--
INFO: Run Behavior\BuildLiteBehavior [ RunTime:0.000000s ]
INFO: [ app_init ] --END-- [ RunTime:0.000000s ]
INFO: [ app_begin ] --START--
INFO: Run Behavior\ReadHtmlCacheBehavior [ RunTime:0.000000s ]
INFO: [ app_begin ] --END-- [ RunTime:0.000000s ]
NOTIC: [2048] Declaration of Home\Controller\CommonController::error() should be compatible with Think\Controller::error($message = '', $jumpUrl = '', $ajax = false) E:\xampp\htdocs\thinkphp\App\Home\Controller\CommonController.class.php 第 70 行.
SQL: SHOW COLUMNS FROM `tp_news` [ RunTime:0.0020s ]
NOTIC: [2048] Declaration of Home\Model\PositioncontentModel::select() should be compatible with Think\Model::select($options = Array) E:\xampp\htdocs\thinkphp\App\Home\Model\PositioncontentModel.class.php 第 26 行.
SQL: SHOW COLUMNS FROM `tp_position_content` [ RunTime:0.0030s ]
SQL: SELECT * FROM `tp_position_content` WHERE `position_id` = 2 AND `status` = 1 ORDER BY listorder desc,id desc LIMIT 2   [ RunTime:0.0010s ]
SQL: SELECT * FROM `tp_news` WHERE `status` = 1 ORDER BY count desc,news_id desc LIMIT 3   [ RunTime:0.0000s ]
SQL: SELECT * FROM `tp_news` WHERE `news_id` = 10 LIMIT 1   [ RunTime:0.0010s ]

[ 2016-06-24T15:03:20+08:00 ] 127.0.0.1 /home/detail?id=10
INFO: [ app_init ] --START--
INFO: Run Behavior\BuildLiteBehavior [ RunTime:0.000000s ]
INFO: [ app_init ] --END-- [ RunTime:0.001000s ]
INFO: [ app_begin ] --START--
INFO: Run Behavior\ReadHtmlCacheBehavior [ RunTime:0.001000s ]
INFO: [ app_begin ] --END-- [ RunTime:0.001000s ]
NOTIC: [2048] Declaration of Home\Controller\CommonController::error() should be compatible with Think\Controller::error($message = '', $jumpUrl = '', $ajax = false) E:\xampp\htdocs\thinkphp\App\Home\Controller\CommonController.class.php 第 70 行.
SQL: SHOW COLUMNS FROM `tp_news` [ RunTime:0.0030s ]
NOTIC: [2048] Declaration of Home\Model\PositioncontentModel::select() should be compatible with Think\Model::select($options = Array) E:\xampp\htdocs\thinkphp\App\Home\Model\PositioncontentModel.class.php 第 26 行.
SQL: SHOW COLUMNS FROM `tp_position_content` [ RunTime:0.0020s ]
SQL: SELECT * FROM `tp_position_content` WHERE `position_id` = 2 AND `status` = 1 ORDER BY listorder desc,id desc LIMIT 2   [ RunTime:0.0010s ]
SQL: SELECT * FROM `tp_news` WHERE `status` = 1 ORDER BY count desc,news_id desc LIMIT 3   [ RunTime:0.0010s ]
SQL: SELECT * FROM `tp_news` WHERE `news_id` = 10 LIMIT 1   [ RunTime:0.0000s ]
NOTIC: [8] Undefined variable: data E:\xampp\htdocs\thinkphp\App\Admin\Model\NewsModel.class.php 第 66 行.
SQL: SHOW COLUMNS FROM `tp_news_content` [ RunTime:0.0020s ]
SQL: SELECT * FROM `tp_news_content` WHERE `news_id` = 10 LIMIT 1   [ RunTime:0.0000s ]
INFO: [ view_parse ] --START--
INFO: [ template_filter ] --START--
INFO: Run Behavior\ContentReplaceBehavior [ RunTime:0.000000s ]
INFO: [ template_filter ] --END-- [ RunTime:0.000000s ]
SQL: SHOW COLUMNS FROM `tp_menu` [ RunTime:0.0030s ]
SQL: SELECT * FROM `tp_menu` WHERE `status` = 1 AND `type` = 0 ORDER BY listorder asc,menu_id desc  [ RunTime:0.0000s ]
INFO: Run Behavior\ParseTemplateBehavior [ RunTime:0.016001s ]
INFO: [ view_parse ] --END-- [ RunTime:0.016001s ]
INFO: [ view_filter ] --START--
INFO: Run Behavior\WriteHtmlCacheBehavior [ RunTime:0.000000s ]
INFO: [ view_filter ] --END-- [ RunTime:0.000000s ]
INFO: [ app_end ] --START--
INFO: Run Behavior\ShowPageTraceBehavior [ RunTime:0.001000s ]
INFO: [ app_end ] --END-- [ RunTime:0.001000s ]

[ 2016-06-24T15:03:24+08:00 ] 127.0.0.1 /home/detail?id=10
INFO: [ app_init ] --START--
INFO: Run Behavior\BuildLiteBehavior [ RunTime:0.000000s ]
INFO: [ app_init ] --END-- [ RunTime:0.001000s ]
INFO: [ app_begin ] --START--
INFO: Run Behavior\ReadHtmlCacheBehavior [ RunTime:0.001000s ]
INFO: [ app_begin ] --END-- [ RunTime:0.002000s ]
NOTIC: [2048] Declaration of Home\Controller\CommonController::error() should be compatible with Think\Controller::error($message = '', $jumpUrl = '', $ajax = false) E:\xampp\htdocs\thinkphp\App\Home\Controller\CommonController.class.php 第 70 行.
SQL: SHOW COLUMNS FROM `tp_news` [ RunTime:0.0030s ]
NOTIC: [2048] Declaration of Home\Model\PositioncontentModel::select() should be compatible with Think\Model::select($options = Array) E:\xampp\htdocs\thinkphp\App\Home\Model\PositioncontentModel.class.php 第 26 行.
SQL: SHOW COLUMNS FROM `tp_position_content` [ RunTime:0.0020s ]
SQL: SELECT * FROM `tp_position_content` WHERE `position_id` = 2 AND `status` = 1 ORDER BY listorder desc,id desc LIMIT 2   [ RunTime:0.0000s ]
SQL: SELECT * FROM `tp_news` WHERE `status` = 1 ORDER BY count desc,news_id desc LIMIT 3   [ RunTime:0.0010s ]
SQL: SELECT * FROM `tp_news` WHERE `news_id` = 10 LIMIT 1   [ RunTime:0.0000s ]
NOTIC: [8] Undefined variable: data E:\xampp\htdocs\thinkphp\App\Admin\Model\NewsModel.class.php 第 66 行.
SQL: SHOW COLUMNS FROM `tp_news_content` [ RunTime:0.0020s ]
SQL: SELECT * FROM `tp_news_content` WHERE `news_id` = 10 LIMIT 1   [ RunTime:0.0010s ]
INFO: [ view_parse ] --START--
INFO: [ template_filter ] --START--
INFO: Run Behavior\ContentReplaceBehavior [ RunTime:0.000000s ]
INFO: [ template_filter ] --END-- [ RunTime:0.000000s ]
SQL: SHOW COLUMNS FROM `tp_menu` [ RunTime:0.0030s ]
SQL: SELECT * FROM `tp_menu` WHERE `status` = 1 AND `type` = 0 ORDER BY listorder asc,menu_id desc  [ RunTime:0.0000s ]
INFO: Run Behavior\ParseTemplateBehavior [ RunTime:0.016001s ]
INFO: [ view_parse ] --END-- [ RunTime:0.016001s ]
INFO: [ view_filter ] --START--
INFO: Run Behavior\WriteHtmlCacheBehavior [ RunTime:0.000000s ]
INFO: [ view_filter ] --END-- [ RunTime:0.000000s ]
INFO: [ app_end ] --START--
INFO: Run Behavior\ShowPageTraceBehavior [ RunTime:0.001000s ]
INFO: [ app_end ] --END-- [ RunTime:0.001000s ]

[ 2016-06-24T15:04:31+08:00 ] 127.0.0.1 /home/detail?id=10
INFO: [ app_init ] --START--
INFO: Run Behavior\BuildLiteBehavior [ RunTime:0.000000s ]
INFO: [ app_init ] --END-- [ RunTime:0.000000s ]
INFO: [ app_begin ] --START--
INFO: Run Behavior\ReadHtmlCacheBehavior [ RunTime:0.001000s ]
INFO: [ app_begin ] --END-- [ RunTime:0.001000s ]
NOTIC: [2048] Declaration of Home\Controller\CommonController::error() should be compatible with Think\Controller::error($message = '', $jumpUrl = '', $ajax = false) E:\xampp\htdocs\thinkphp\App\Home\Controller\CommonController.class.php 第 70 行.
SQL: SHOW COLUMNS FROM `tp_news` [ RunTime:0.0030s ]
NOTIC: [2048] Declaration of Home\Model\PositioncontentModel::select() should be compatible with Think\Model::select($options = Array) E:\xampp\htdocs\thinkphp\App\Home\Model\PositioncontentModel.class.php 第 26 行.
SQL: SHOW COLUMNS FROM `tp_position_content` [ RunTime:0.0020s ]
SQL: SELECT * FROM `tp_position_content` WHERE `position_id` = 2 AND `status` = 1 ORDER BY listorder desc,id desc LIMIT 2   [ RunTime:0.0000s ]
SQL: SELECT * FROM `tp_news` WHERE `status` = 1 ORDER BY count desc,news_id desc LIMIT 3   [ RunTime:0.0000s ]
SQL: SELECT * FROM `tp_news` WHERE `news_id` = 10 LIMIT 1   [ RunTime:0.0010s ]
NOTIC: [8] Undefined variable: data E:\xampp\htdocs\thinkphp\App\Admin\Model\NewsModel.class.php 第 66 行.

[ 2016-06-24T15:04:32+08:00 ] 127.0.0.1 /home/detail?id=10
INFO: [ app_init ] --START--
INFO: Run Behavior\BuildLiteBehavior [ RunTime:0.000000s ]
INFO: [ app_init ] --END-- [ RunTime:0.000000s ]
INFO: [ app_begin ] --START--
INFO: Run Behavior\ReadHtmlCacheBehavior [ RunTime:0.001000s ]
INFO: [ app_begin ] --END-- [ RunTime:0.001000s ]
NOTIC: [2048] Declaration of Home\Controller\CommonController::error() should be compatible with Think\Controller::error($message = '', $jumpUrl = '', $ajax = false) E:\xampp\htdocs\thinkphp\App\Home\Controller\CommonController.class.php 第 70 行.
SQL: SHOW COLUMNS FROM `tp_news` [ RunTime:0.0030s ]
NOTIC: [2048] Declaration of Home\Model\PositioncontentModel::select() should be compatible with Think\Model::select($options = Array) E:\xampp\htdocs\thinkphp\App\Home\Model\PositioncontentModel.class.php 第 26 行.
SQL: SHOW COLUMNS FROM `tp_position_content` [ RunTime:0.0030s ]
SQL: SELECT * FROM `tp_position_content` WHERE `position_id` = 2 AND `status` = 1 ORDER BY listorder desc,id desc LIMIT 2   [ RunTime:0.0010s ]
SQL: SELECT * FROM `tp_news` WHERE `status` = 1 ORDER BY count desc,news_id desc LIMIT 3   [ RunTime:0.0000s ]
SQL: SELECT * FROM `tp_news` WHERE `news_id` = 10 LIMIT 1   [ RunTime:0.0010s ]
NOTIC: [8] Undefined variable: data E:\xampp\htdocs\thinkphp\App\Admin\Model\NewsModel.class.php 第 66 行.

[ 2016-06-24T15:05:04+08:00 ] 127.0.0.1 /home/detail?id=10
INFO: [ app_init ] --START--
INFO: Run Behavior\BuildLiteBehavior [ RunTime:0.000000s ]
INFO: [ app_init ] --END-- [ RunTime:0.001000s ]
INFO: [ app_begin ] --START--
INFO: Run Behavior\ReadHtmlCacheBehavior [ RunTime:0.001001s ]
INFO: [ app_begin ] --END-- [ RunTime:0.001001s ]
NOTIC: [2048] Declaration of Home\Controller\CommonController::error() should be compatible with Think\Controller::error($message = '', $jumpUrl = '', $ajax = false) E:\xampp\htdocs\thinkphp\App\Home\Controller\CommonController.class.php 第 70 行.
SQL: SHOW COLUMNS FROM `tp_news` [ RunTime:0.0030s ]
NOTIC: [2048] Declaration of Home\Model\PositioncontentModel::select() should be compatible with Think\Model::select($options = Array) E:\xampp\htdocs\thinkphp\App\Home\Model\PositioncontentModel.class.php 第 26 行.
SQL: SHOW COLUMNS FROM `tp_position_content` [ RunTime:0.0020s ]
SQL: SELECT * FROM `tp_position_content` WHERE `position_id` = 2 AND `status` = 1 ORDER BY listorder desc,id desc LIMIT 2   [ RunTime:0.0000s ]
SQL: SELECT * FROM `tp_news` WHERE `status` = 1 ORDER BY count desc,news_id desc LIMIT 3   [ RunTime:0.0010s ]
SQL: SELECT * FROM `tp_news` WHERE `news_id` = 10 LIMIT 1   [ RunTime:0.0000s ]
NOTIC: [8] Undefined variable: data E:\xampp\htdocs\thinkphp\App\Admin\Model\NewsModel.class.php 第 66 行.

[ 2016-06-24T15:05:14+08:00 ] 127.0.0.1 /home/detail?id=10
INFO: [ app_init ] --START--
INFO: Run Behavior\BuildLiteBehavior [ RunTime:0.000000s ]
INFO: [ app_init ] --END-- [ RunTime:0.000000s ]
INFO: [ app_begin ] --START--
INFO: Run Behavior\ReadHtmlCacheBehavior [ RunTime:0.000000s ]
INFO: [ app_begin ] --END-- [ RunTime:0.000000s ]
NOTIC: [2048] Declaration of Home\Controller\CommonController::error() should be compatible with Think\Controller::error($message = '', $jumpUrl = '', $ajax = false) E:\xampp\htdocs\thinkphp\App\Home\Controller\CommonController.class.php 第 70 行.
SQL: SHOW COLUMNS FROM `tp_news` [ RunTime:0.0040s ]
NOTIC: [2048] Declaration of Home\Model\PositioncontentModel::select() should be compatible with Think\Model::select($options = Array) E:\xampp\htdocs\thinkphp\App\Home\Model\PositioncontentModel.class.php 第 26 行.
SQL: SHOW COLUMNS FROM `tp_position_content` [ RunTime:0.0040s ]
SQL: SELECT * FROM `tp_position_content` WHERE `position_id` = 2 AND `status` = 1 ORDER BY listorder desc,id desc LIMIT 2   [ RunTime:0.0010s ]
SQL: SELECT * FROM `tp_news` WHERE `status` = 1 ORDER BY count desc,news_id desc LIMIT 3   [ RunTime:0.0010s ]
SQL: SELECT * FROM `tp_news` WHERE `news_id` = 10 LIMIT 1   [ RunTime:0.0010s ]
NOTIC: [8] Undefined variable: data E:\xampp\htdocs\thinkphp\App\Admin\Model\NewsModel.class.php 第 66 行.

[ 2016-06-24T15:05:46+08:00 ] 127.0.0.1 /home/detail?id=10
INFO: [ app_init ] --START--
INFO: Run Behavior\BuildLiteBehavior [ RunTime:0.000000s ]
INFO: [ app_init ] --END-- [ RunTime:0.000000s ]
INFO: [ app_begin ] --START--
INFO: Run Behavior\ReadHtmlCacheBehavior [ RunTime:0.001000s ]
INFO: [ app_begin ] --END-- [ RunTime:0.002000s ]
NOTIC: [2048] Declaration of Home\Controller\CommonController::error() should be compatible with Think\Controller::error($message = '', $jumpUrl = '', $ajax = false) E:\xampp\htdocs\thinkphp\App\Home\Controller\CommonController.class.php 第 70 行.
SQL: SHOW COLUMNS FROM `tp_news` [ RunTime:0.0030s ]
NOTIC: [2048] Declaration of Home\Model\PositioncontentModel::select() should be compatible with Think\Model::select($options = Array) E:\xampp\htdocs\thinkphp\App\Home\Model\PositioncontentModel.class.php 第 26 行.
SQL: SHOW COLUMNS FROM `tp_position_content` [ RunTime:0.0030s ]
SQL: SELECT * FROM `tp_position_content` WHERE `position_id` = 2 AND `status` = 1 ORDER BY listorder desc,id desc LIMIT 2   [ RunTime:0.0010s ]
SQL: SELECT * FROM `tp_news` WHERE `status` = 1 ORDER BY count desc,news_id desc LIMIT 3   [ RunTime:0.0000s ]
SQL: SELECT * FROM `tp_news` WHERE `news_id` = 10 LIMIT 1   [ RunTime:0.0010s ]
NOTIC: [8] Undefined variable: data E:\xampp\htdocs\thinkphp\App\Admin\Model\NewsModel.class.php 第 66 行.

[ 2016-06-24T15:06:09+08:00 ] 127.0.0.1 /home/detail?id=10
INFO: [ app_init ] --START--
INFO: Run Behavior\BuildLiteBehavior [ RunTime:0.000000s ]
INFO: [ app_init ] --END-- [ RunTime:0.000000s ]
INFO: [ app_begin ] --START--
INFO: Run Behavior\ReadHtmlCacheBehavior [ RunTime:0.001000s ]
INFO: [ app_begin ] --END-- [ RunTime:0.001000s ]
NOTIC: [2048] Declaration of Home\Controller\CommonController::error() should be compatible with Think\Controller::error($message = '', $jumpUrl = '', $ajax = false) E:\xampp\htdocs\thinkphp\App\Home\Controller\CommonController.class.php 第 70 行.
SQL: SHOW COLUMNS FROM `tp_news` [ RunTime:0.0030s ]
NOTIC: [2048] Declaration of Home\Model\PositioncontentModel::select() should be compatible with Think\Model::select($options = Array) E:\xampp\htdocs\thinkphp\App\Home\Model\PositioncontentModel.class.php 第 26 行.
SQL: SHOW COLUMNS FROM `tp_position_content` [ RunTime:0.0030s ]
SQL: SELECT * FROM `tp_position_content` WHERE `position_id` = 2 AND `status` = 1 ORDER BY listorder desc,id desc LIMIT 2   [ RunTime:0.0010s ]
SQL: SELECT * FROM `tp_news` WHERE `status` = 1 ORDER BY count desc,news_id desc LIMIT 3   [ RunTime:0.0000s ]
SQL: SELECT * FROM `tp_news` WHERE `news_id` = 10 LIMIT 1   [ RunTime:0.0010s ]

[ 2016-06-24T15:06:15+08:00 ] 127.0.0.1 /home/detail?id=10
INFO: [ app_init ] --START--
INFO: Run Behavior\BuildLiteBehavior [ RunTime:0.000000s ]
INFO: [ app_init ] --END-- [ RunTime:0.000000s ]
INFO: [ app_begin ] --START--
INFO: Run Behavior\ReadHtmlCacheBehavior [ RunTime:0.000000s ]
INFO: [ app_begin ] --END-- [ RunTime:0.000000s ]
NOTIC: [2048] Declaration of Home\Controller\CommonController::error() should be compatible with Think\Controller::error($message = '', $jumpUrl = '', $ajax = false) E:\xampp\htdocs\thinkphp\App\Home\Controller\CommonController.class.php 第 70 行.
SQL: SHOW COLUMNS FROM `tp_news` [ RunTime:0.0020s ]
NOTIC: [2048] Declaration of Home\Model\PositioncontentModel::select() should be compatible with Think\Model::select($options = Array) E:\xampp\htdocs\thinkphp\App\Home\Model\PositioncontentModel.class.php 第 26 行.
SQL: SHOW COLUMNS FROM `tp_position_content` [ RunTime:0.0030s ]
SQL: SELECT * FROM `tp_position_content` WHERE `position_id` = 2 AND `status` = 1 ORDER BY listorder desc,id desc LIMIT 2   [ RunTime:0.0010s ]
SQL: SELECT * FROM `tp_news` WHERE `status` = 1 ORDER BY count desc,news_id desc LIMIT 3   [ RunTime:0.0010s ]
SQL: SELECT * FROM `tp_news` WHERE `news_id` = 10 LIMIT 1   [ RunTime:0.0000s ]

[ 2016-06-24T15:07:10+08:00 ] 127.0.0.1 /home/detail?id=10
INFO: [ app_init ] --START--
INFO: Run Behavior\BuildLiteBehavior [ RunTime:0.000000s ]
INFO: [ app_init ] --END-- [ RunTime:0.001000s ]
INFO: [ app_begin ] --START--
INFO: Run Behavior\ReadHtmlCacheBehavior [ RunTime:0.001000s ]
INFO: [ app_begin ] --END-- [ RunTime:0.002000s ]
NOTIC: [2048] Declaration of Home\Controller\CommonController::error() should be compatible with Think\Controller::error($message = '', $jumpUrl = '', $ajax = false) E:\xampp\htdocs\thinkphp\App\Home\Controller\CommonController.class.php 第 70 行.
SQL: SHOW COLUMNS FROM `tp_news` [ RunTime:0.0060s ]
NOTIC: [2048] Declaration of Home\Model\PositioncontentModel::select() should be compatible with Think\Model::select($options = Array) E:\xampp\htdocs\thinkphp\App\Home\Model\PositioncontentModel.class.php 第 26 行.
SQL: SHOW COLUMNS FROM `tp_position_content` [ RunTime:0.0050s ]
SQL: SELECT * FROM `tp_position_content` WHERE `position_id` = 2 AND `status` = 1 ORDER BY listorder desc,id desc LIMIT 2   [ RunTime:0.0010s ]
SQL: SELECT * FROM `tp_news` WHERE `status` = 1 ORDER BY count desc,news_id desc LIMIT 3   [ RunTime:0.0010s ]
SQL: SELECT * FROM `tp_news` WHERE `news_id` = 10 LIMIT 1   [ RunTime:0.0010s ]
NOTIC: [8] Undefined variable: data E:\xampp\htdocs\thinkphp\App\Admin\Model\NewsModel.class.php 第 66 行.

[ 2016-06-24T15:07:18+08:00 ] 127.0.0.1 /home/detail?id=10
INFO: [ app_init ] --START--
INFO: Run Behavior\BuildLiteBehavior [ RunTime:0.000000s ]
INFO: [ app_init ] --END-- [ RunTime:0.000000s ]
INFO: [ app_begin ] --START--
INFO: Run Behavior\ReadHtmlCacheBehavior [ RunTime:0.000000s ]
INFO: [ app_begin ] --END-- [ RunTime:0.000000s ]
NOTIC: [2048] Declaration of Home\Controller\CommonController::error() should be compatible with Think\Controller::error($message = '', $jumpUrl = '', $ajax = false) E:\xampp\htdocs\thinkphp\App\Home\Controller\CommonController.class.php 第 70 行.
SQL: SHOW COLUMNS FROM `tp_news` [ RunTime:0.0040s ]
NOTIC: [2048] Declaration of Home\Model\PositioncontentModel::select() should be compatible with Think\Model::select($options = Array) E:\xampp\htdocs\thinkphp\App\Home\Model\PositioncontentModel.class.php 第 26 行.
SQL: SHOW COLUMNS FROM `tp_position_content` [ RunTime:0.0030s ]
SQL: SELECT * FROM `tp_position_content` WHERE `position_id` = 2 AND `status` = 1 ORDER BY listorder desc,id desc LIMIT 2   [ RunTime:0.0010s ]
SQL: SELECT * FROM `tp_news` WHERE `status` = 1 ORDER BY count desc,news_id desc LIMIT 3   [ RunTime:0.0000s ]
SQL: SELECT * FROM `tp_news` WHERE `news_id` = 10 LIMIT 1   [ RunTime:0.0010s ]
NOTIC: [8] Undefined variable: data E:\xampp\htdocs\thinkphp\App\Admin\Model\NewsModel.class.php 第 66 行.

[ 2016-06-24T15:07:47+08:00 ] 127.0.0.1 /home/detail?id=10
INFO: [ app_init ] --START--
INFO: Run Behavior\BuildLiteBehavior [ RunTime:0.000000s ]
INFO: [ app_init ] --END-- [ RunTime:0.001000s ]
INFO: [ app_begin ] --START--
INFO: Run Behavior\ReadHtmlCacheBehavior [ RunTime:0.001000s ]
INFO: [ app_begin ] --END-- [ RunTime:0.001000s ]
NOTIC: [2048] Declaration of Home\Controller\CommonController::error() should be compatible with Think\Controller::error($message = '', $jumpUrl = '', $ajax = false) E:\xampp\htdocs\thinkphp\App\Home\Controller\CommonController.class.php 第 70 行.
SQL: SHOW COLUMNS FROM `tp_news` [ RunTime:0.0030s ]
NOTIC: [2048] Declaration of Home\Model\PositioncontentModel::select() should be compatible with Think\Model::select($options = Array) E:\xampp\htdocs\thinkphp\App\Home\Model\PositioncontentModel.class.php 第 26 行.
SQL: SHOW COLUMNS FROM `tp_position_content` [ RunTime:0.0030s ]
SQL: SELECT * FROM `tp_position_content` WHERE `position_id` = 2 AND `status` = 1 ORDER BY listorder desc,id desc LIMIT 2   [ RunTime:0.0000s ]
SQL: SELECT * FROM `tp_news` WHERE `status` = 1 ORDER BY count desc,news_id desc LIMIT 3   [ RunTime:0.0010s ]
SQL: SELECT * FROM `tp_news` WHERE `news_id` = 10 LIMIT 1   [ RunTime:0.0010s ]
NOTIC: [8] Undefined variable: data E:\xampp\htdocs\thinkphp\App\Admin\Model\NewsModel.class.php 第 66 行.

[ 2016-06-24T15:07:51+08:00 ] 127.0.0.1 /home/detail?id=10
INFO: [ app_init ] --START--
INFO: Run Behavior\BuildLiteBehavior [ RunTime:0.000000s ]
INFO: [ app_init ] --END-- [ RunTime:0.000000s ]
INFO: [ app_begin ] --START--
INFO: Run Behavior\ReadHtmlCacheBehavior [ RunTime:0.001000s ]
INFO: [ app_begin ] --END-- [ RunTime:0.001000s ]
NOTIC: [2048] Declaration of Home\Controller\CommonController::error() should be compatible with Think\Controller::error($message = '', $jumpUrl = '', $ajax = false) E:\xampp\htdocs\thinkphp\App\Home\Controller\CommonController.class.php 第 70 行.
SQL: SHOW COLUMNS FROM `tp_news` [ RunTime:0.0030s ]
NOTIC: [2048] Declaration of Home\Model\PositioncontentModel::select() should be compatible with Think\Model::select($options = Array) E:\xampp\htdocs\thinkphp\App\Home\Model\PositioncontentModel.class.php 第 26 行.
SQL: SHOW COLUMNS FROM `tp_position_content` [ RunTime:0.0020s ]
SQL: SELECT * FROM `tp_position_content` WHERE `position_id` = 2 AND `status` = 1 ORDER BY listorder desc,id desc LIMIT 2   [ RunTime:0.0000s ]
SQL: SELECT * FROM `tp_news` WHERE `status` = 1 ORDER BY count desc,news_id desc LIMIT 3   [ RunTime:0.0010s ]
SQL: SELECT * FROM `tp_news` WHERE `news_id` = 10 LIMIT 1   [ RunTime:0.0000s ]
NOTIC: [8] Undefined variable: data E:\xampp\htdocs\thinkphp\App\Admin\Model\NewsModel.class.php 第 66 行.

[ 2016-06-24T15:10:34+08:00 ] 127.0.0.1 /home/detail?id=10
INFO: [ app_init ] --START--
INFO: Run Behavior\BuildLiteBehavior [ RunTime:0.000000s ]
INFO: [ app_init ] --END-- [ RunTime:0.000000s ]
INFO: [ app_begin ] --START--
INFO: Run Behavior\ReadHtmlCacheBehavior [ RunTime:0.001000s ]
INFO: [ app_begin ] --END-- [ RunTime:0.001000s ]
NOTIC: [2048] Declaration of Home\Controller\CommonController::error() should be compatible with Think\Controller::error($message = '', $jumpUrl = '', $ajax = false) E:\xampp\htdocs\thinkphp\App\Home\Controller\CommonController.class.php 第 70 行.
SQL: SHOW COLUMNS FROM `tp_news` [ RunTime:0.0020s ]
NOTIC: [2048] Declaration of Home\Model\PositioncontentModel::select() should be compatible with Think\Model::select($options = Array) E:\xampp\htdocs\thinkphp\App\Home\Model\PositioncontentModel.class.php 第 26 行.
SQL: SHOW COLUMNS FROM `tp_position_content` [ RunTime:0.0030s ]
SQL: SELECT * FROM `tp_position_content` WHERE `position_id` = 2 AND `status` = 1 ORDER BY listorder desc,id desc LIMIT 2   [ RunTime:0.0010s ]
SQL: SELECT * FROM `tp_news` WHERE `status` = 1 ORDER BY count desc,news_id desc LIMIT 3   [ RunTime:0.0000s ]
SQL: SELECT * FROM `tp_news` WHERE `news_id` = 10 LIMIT 1   [ RunTime:0.0000s ]
NOTIC: [8] Undefined variable: data E:\xampp\htdocs\thinkphp\App\Admin\Model\NewsModel.class.php 第 66 行.

[ 2016-06-24T15:13:17+08:00 ] 127.0.0.1 /home/detail?id=10
INFO: [ app_init ] --START--
INFO: Run Behavior\BuildLiteBehavior [ RunTime:0.000000s ]
INFO: [ app_init ] --END-- [ RunTime:0.000000s ]
INFO: [ app_begin ] --START--
INFO: Run Behavior\ReadHtmlCacheBehavior [ RunTime:0.001000s ]
INFO: [ app_begin ] --END-- [ RunTime:0.001000s ]
NOTIC: [2048] Declaration of Home\Controller\CommonController::error() should be compatible with Think\Controller::error($message = '', $jumpUrl = '', $ajax = false) E:\xampp\htdocs\thinkphp\App\Home\Controller\CommonController.class.php 第 70 行.
SQL: SHOW COLUMNS FROM `tp_news` [ RunTime:0.0030s ]
NOTIC: [2048] Declaration of Home\Model\PositioncontentModel::select() should be compatible with Think\Model::select($options = Array) E:\xampp\htdocs\thinkphp\App\Home\Model\PositioncontentModel.class.php 第 26 行.
SQL: SHOW COLUMNS FROM `tp_position_content` [ RunTime:0.0030s ]
SQL: SELECT * FROM `tp_position_content` WHERE `position_id` = 2 AND `status` = 1 ORDER BY listorder desc,id desc LIMIT 2   [ RunTime:0.0000s ]
SQL: SELECT * FROM `tp_news` WHERE `status` = 1 ORDER BY count desc,news_id desc LIMIT 3   [ RunTime:0.0000s ]
SQL: SELECT * FROM `tp_news` WHERE `news_id` = 10 LIMIT 1   [ RunTime:0.0010s ]
NOTIC: [8] Undefined variable: data E:\xampp\htdocs\thinkphp\App\Admin\Model\NewsModel.class.php 第 66 行.

[ 2016-06-24T15:13:24+08:00 ] 127.0.0.1 /home/detail?id=10
INFO: [ app_init ] --START--
INFO: Run Behavior\BuildLiteBehavior [ RunTime:0.000000s ]
INFO: [ app_init ] --END-- [ RunTime:0.001000s ]
INFO: [ app_begin ] --START--
INFO: Run Behavior\ReadHtmlCacheBehavior [ RunTime:0.001000s ]
INFO: [ app_begin ] --END-- [ RunTime:0.001000s ]
NOTIC: [2048] Declaration of Home\Controller\CommonController::error() should be compatible with Think\Controller::error($message = '', $jumpUrl = '', $ajax = false) E:\xampp\htdocs\thinkphp\App\Home\Controller\CommonController.class.php 第 70 行.
SQL: SHOW COLUMNS FROM `tp_news` [ RunTime:0.0030s ]
NOTIC: [2048] Declaration of Home\Model\PositioncontentModel::select() should be compatible with Think\Model::select($options = Array) E:\xampp\htdocs\thinkphp\App\Home\Model\PositioncontentModel.class.php 第 26 行.
SQL: SHOW COLUMNS FROM `tp_position_content` [ RunTime:0.0020s ]
SQL: SELECT * FROM `tp_position_content` WHERE `position_id` = 2 AND `status` = 1 ORDER BY listorder desc,id desc LIMIT 2   [ RunTime:0.0000s ]
SQL: SELECT * FROM `tp_news` WHERE `status` = 1 ORDER BY count desc,news_id desc LIMIT 3   [ RunTime:0.0000s ]
SQL: SELECT * FROM `tp_news` WHERE `news_id` = 10 LIMIT 1   [ RunTime:0.0010s ]
NOTIC: [8] Undefined variable: data E:\xampp\htdocs\thinkphp\App\Admin\Model\NewsModel.class.php 第 66 行.

[ 2016-06-24T15:14:00+08:00 ] 127.0.0.1 /home/detail?id=10
INFO: [ app_init ] --START--
INFO: Run Behavior\BuildLiteBehavior [ RunTime:0.000000s ]
INFO: [ app_init ] --END-- [ RunTime:0.000000s ]
INFO: [ app_begin ] --START--
INFO: Run Behavior\ReadHtmlCacheBehavior [ RunTime:0.001000s ]
INFO: [ app_begin ] --END-- [ RunTime:0.001000s ]
NOTIC: [2048] Declaration of Home\Controller\CommonController::error() should be compatible with Think\Controller::error($message = '', $jumpUrl = '', $ajax = false) E:\xampp\htdocs\thinkphp\App\Home\Controller\CommonController.class.php 第 70 行.
SQL: SHOW COLUMNS FROM `tp_news` [ RunTime:0.0040s ]
NOTIC: [2048] Declaration of Home\Model\PositioncontentModel::select() should be compatible with Think\Model::select($options = Array) E:\xampp\htdocs\thinkphp\App\Home\Model\PositioncontentModel.class.php 第 26 行.
SQL: SHOW COLUMNS FROM `tp_position_content` [ RunTime:0.0020s ]
SQL: SELECT * FROM `tp_position_content` WHERE `position_id` = 2 AND `status` = 1 ORDER BY listorder desc,id desc LIMIT 2   [ RunTime:0.0010s ]
SQL: SELECT * FROM `tp_news` WHERE `status` = 1 ORDER BY count desc,news_id desc LIMIT 3   [ RunTime:0.0010s ]
SQL: SELECT * FROM `tp_news` WHERE `news_id` = 10 LIMIT 1   [ RunTime:0.0000s ]
NOTIC: [8] Undefined variable: data E:\xampp\htdocs\thinkphp\App\Admin\Model\NewsModel.class.php 第 66 行.

[ 2016-06-24T15:14:24+08:00 ] 127.0.0.1 /home/detail?id=10
INFO: [ app_init ] --START--
INFO: Run Behavior\BuildLiteBehavior [ RunTime:0.000000s ]
INFO: [ app_init ] --END-- [ RunTime:0.001000s ]
INFO: [ app_begin ] --START--
INFO: Run Behavior\ReadHtmlCacheBehavior [ RunTime:0.000000s ]
INFO: [ app_begin ] --END-- [ RunTime:0.001000s ]
NOTIC: [2048] Declaration of Home\Controller\CommonController::error() should be compatible with Think\Controller::error($message = '', $jumpUrl = '', $ajax = false) E:\xampp\htdocs\thinkphp\App\Home\Controller\CommonController.class.php 第 70 行.
SQL: SHOW COLUMNS FROM `tp_news` [ RunTime:0.0030s ]
NOTIC: [2048] Declaration of Home\Model\PositioncontentModel::select() should be compatible with Think\Model::select($options = Array) E:\xampp\htdocs\thinkphp\App\Home\Model\PositioncontentModel.class.php 第 26 行.
SQL: SHOW COLUMNS FROM `tp_position_content` [ RunTime:0.0020s ]
SQL: SELECT * FROM `tp_position_content` WHERE `position_id` = 2 AND `status` = 1 ORDER BY listorder desc,id desc LIMIT 2   [ RunTime:0.0000s ]
SQL: SELECT * FROM `tp_news` WHERE `status` = 1 ORDER BY count desc,news_id desc LIMIT 3   [ RunTime:0.0010s ]
SQL: SELECT * FROM `tp_news` WHERE `news_id` = 10 LIMIT 1   [ RunTime:0.0000s ]
NOTIC: [8] Undefined variable: data E:\xampp\htdocs\thinkphp\App\Admin\Model\NewsModel.class.php 第 66 行.
SQL: SHOW COLUMNS FROM `tp_news_content` [ RunTime:0.0030s ]
SQL: SELECT * FROM `tp_news_content` WHERE `news_id` = 10 LIMIT 1   [ RunTime:0.0010s ]
INFO: [ view_parse ] --START--
INFO: [ template_filter ] --START--
INFO: Run Behavior\ContentReplaceBehavior [ RunTime:0.000000s ]
INFO: [ template_filter ] --END-- [ RunTime:0.000000s ]
SQL: SHOW COLUMNS FROM `tp_menu` [ RunTime:0.0020s ]
SQL: SELECT * FROM `tp_menu` WHERE `status` = 1 AND `type` = 0 ORDER BY listorder asc,menu_id desc  [ RunTime:0.0000s ]
INFO: Run Behavior\ParseTemplateBehavior [ RunTime:0.015000s ]
INFO: [ view_parse ] --END-- [ RunTime:0.015000s ]
INFO: [ view_filter ] --START--
INFO: Run Behavior\WriteHtmlCacheBehavior [ RunTime:0.001001s ]
INFO: [ view_filter ] --END-- [ RunTime:0.001001s ]
INFO: [ app_end ] --START--
INFO: Run Behavior\ShowPageTraceBehavior [ RunTime:0.000000s ]
INFO: [ app_end ] --END-- [ RunTime:0.000000s ]

[ 2016-06-24T15:14:26+08:00 ] 127.0.0.1 /home/detail?id=10
INFO: [ app_init ] --START--
INFO: Run Behavior\BuildLiteBehavior [ RunTime:0.000000s ]
INFO: [ app_init ] --END-- [ RunTime:0.000000s ]
INFO: [ app_begin ] --START--
INFO: Run Behavior\ReadHtmlCacheBehavior [ RunTime:0.000000s ]
INFO: [ app_begin ] --END-- [ RunTime:0.000000s ]
NOTIC: [2048] Declaration of Home\Controller\CommonController::error() should be compatible with Think\Controller::error($message = '', $jumpUrl = '', $ajax = false) E:\xampp\htdocs\thinkphp\App\Home\Controller\CommonController.class.php 第 70 行.
SQL: SHOW COLUMNS FROM `tp_news` [ RunTime:0.0030s ]
NOTIC: [2048] Declaration of Home\Model\PositioncontentModel::select() should be compatible with Think\Model::select($options = Array) E:\xampp\htdocs\thinkphp\App\Home\Model\PositioncontentModel.class.php 第 26 行.
SQL: SHOW COLUMNS FROM `tp_position_content` [ RunTime:0.0030s ]
SQL: SELECT * FROM `tp_position_content` WHERE `position_id` = 2 AND `status` = 1 ORDER BY listorder desc,id desc LIMIT 2   [ RunTime:0.0010s ]
SQL: SELECT * FROM `tp_news` WHERE `status` = 1 ORDER BY count desc,news_id desc LIMIT 3   [ RunTime:0.0000s ]
SQL: SELECT * FROM `tp_news` WHERE `news_id` = 10 LIMIT 1   [ RunTime:0.0010s ]
NOTIC: [8] Undefined variable: data E:\xampp\htdocs\thinkphp\App\Admin\Model\NewsModel.class.php 第 66 行.
SQL: SHOW COLUMNS FROM `tp_news_content` [ RunTime:0.0030s ]
SQL: SELECT * FROM `tp_news_content` WHERE `news_id` = 10 LIMIT 1   [ RunTime:0.0010s ]
INFO: [ view_parse ] --START--
INFO: [ template_filter ] --START--
INFO: Run Behavior\ContentReplaceBehavior [ RunTime:0.000000s ]
INFO: [ template_filter ] --END-- [ RunTime:0.000000s ]
SQL: SHOW COLUMNS FROM `tp_menu` [ RunTime:0.0030s ]
SQL: SELECT * FROM `tp_menu` WHERE `status` = 1 AND `type` = 0 ORDER BY listorder asc,menu_id desc  [ RunTime:0.0000s ]
INFO: Run Behavior\ParseTemplateBehavior [ RunTime:0.014001s ]
INFO: [ view_parse ] --END-- [ RunTime:0.014001s ]
INFO: [ view_filter ] --START--
INFO: Run Behavior\WriteHtmlCacheBehavior [ RunTime:0.001000s ]
INFO: [ view_filter ] --END-- [ RunTime:0.001000s ]
INFO: [ app_end ] --START--
INFO: Run Behavior\ShowPageTraceBehavior [ RunTime:0.000000s ]
INFO: [ app_end ] --END-- [ RunTime:0.000000s ]

[ 2016-06-24T15:14:30+08:00 ] 127.0.0.1 /home/detail?id=10
INFO: [ app_init ] --START--
INFO: Run Behavior\BuildLiteBehavior [ RunTime:0.000000s ]
INFO: [ app_init ] --END-- [ RunTime:0.000000s ]
INFO: [ app_begin ] --START--
INFO: Run Behavior\ReadHtmlCacheBehavior [ RunTime:0.001000s ]
INFO: [ app_begin ] --END-- [ RunTime:0.001000s ]
NOTIC: [2048] Declaration of Home\Controller\CommonController::error() should be compatible with Think\Controller::error($message = '', $jumpUrl = '', $ajax = false) E:\xampp\htdocs\thinkphp\App\Home\Controller\CommonController.class.php 第 70 行.
SQL: SHOW COLUMNS FROM `tp_news` [ RunTime:0.0030s ]
NOTIC: [2048] Declaration of Home\Model\PositioncontentModel::select() should be compatible with Think\Model::select($options = Array) E:\xampp\htdocs\thinkphp\App\Home\Model\PositioncontentModel.class.php 第 26 行.
SQL: SHOW COLUMNS FROM `tp_position_content` [ RunTime:0.0030s ]
SQL: SELECT * FROM `tp_position_content` WHERE `position_id` = 2 AND `status` = 1 ORDER BY listorder desc,id desc LIMIT 2   [ RunTime:0.0010s ]
SQL: SELECT * FROM `tp_news` WHERE `status` = 1 ORDER BY count desc,news_id desc LIMIT 3   [ RunTime:0.0000s ]
SQL: SELECT * FROM `tp_news` WHERE `news_id` = 10 LIMIT 1   [ RunTime:0.0000s ]
NOTIC: [8] Undefined variable: data E:\xampp\htdocs\thinkphp\App\Admin\Model\NewsModel.class.php 第 66 行.
SQL: SHOW COLUMNS FROM `tp_news_content` [ RunTime:0.0020s ]
SQL: SELECT * FROM `tp_news_content` WHERE `news_id` = 10 LIMIT 1   [ RunTime:0.0010s ]
INFO: [ view_parse ] --START--
INFO: [ template_filter ] --START--
INFO: Run Behavior\ContentReplaceBehavior [ RunTime:0.000000s ]
INFO: [ template_filter ] --END-- [ RunTime:0.000000s ]
SQL: SHOW COLUMNS FROM `tp_menu` [ RunTime:0.0020s ]
SQL: SELECT * FROM `tp_menu` WHERE `status` = 1 AND `type` = 0 ORDER BY listorder asc,menu_id desc  [ RunTime:0.0010s ]
INFO: Run Behavior\ParseTemplateBehavior [ RunTime:0.015001s ]
INFO: [ view_parse ] --END-- [ RunTime:0.015001s ]
INFO: [ view_filter ] --START--
INFO: Run Behavior\WriteHtmlCacheBehavior [ RunTime:0.000000s ]
INFO: [ view_filter ] --END-- [ RunTime:0.000000s ]
INFO: [ app_end ] --START--
INFO: Run Behavior\ShowPageTraceBehavior [ RunTime:0.000000s ]
INFO: [ app_end ] --END-- [ RunTime:0.001000s ]

[ 2016-06-24T15:14:51+08:00 ] 127.0.0.1 /home/detail?id=10
INFO: [ app_init ] --START--
INFO: Run Behavior\BuildLiteBehavior [ RunTime:0.000000s ]
INFO: [ app_init ] --END-- [ RunTime:0.000000s ]
INFO: [ app_begin ] --START--
INFO: Run Behavior\ReadHtmlCacheBehavior [ RunTime:0.000000s ]
INFO: [ app_begin ] --END-- [ RunTime:0.001000s ]
NOTIC: [2048] Declaration of Home\Controller\CommonController::error() should be compatible with Think\Controller::error($message = '', $jumpUrl = '', $ajax = false) E:\xampp\htdocs\thinkphp\App\Home\Controller\CommonController.class.php 第 70 行.
SQL: SHOW COLUMNS FROM `tp_news` [ RunTime:0.0030s ]
NOTIC: [2048] Declaration of Home\Model\PositioncontentModel::select() should be compatible with Think\Model::select($options = Array) E:\xampp\htdocs\thinkphp\App\Home\Model\PositioncontentModel.class.php 第 26 行.
SQL: SHOW COLUMNS FROM `tp_position_content` [ RunTime:0.0030s ]
SQL: SELECT * FROM `tp_position_content` WHERE `position_id` = 2 AND `status` = 1 ORDER BY listorder desc,id desc LIMIT 2   [ RunTime:0.0010s ]
SQL: SELECT * FROM `tp_news` WHERE `status` = 1 ORDER BY count desc,news_id desc LIMIT 3   [ RunTime:0.0010s ]
SQL: SELECT * FROM `tp_news` WHERE `news_id` = 10 LIMIT 1   [ RunTime:0.0000s ]
NOTIC: [8] Undefined variable: data E:\xampp\htdocs\thinkphp\App\Admin\Model\NewsModel.class.php 第 66 行.
SQL: SHOW COLUMNS FROM `tp_news_content` [ RunTime:0.0020s ]
SQL: SELECT * FROM `tp_news_content` WHERE `news_id` = 10 LIMIT 1   [ RunTime:0.0000s ]
INFO: [ view_parse ] --START--
INFO: [ template_filter ] --START--
INFO: Run Behavior\ContentReplaceBehavior [ RunTime:0.000000s ]
INFO: [ template_filter ] --END-- [ RunTime:0.000000s ]
SQL: SHOW COLUMNS FROM `tp_menu` [ RunTime:0.0020s ]
SQL: SELECT * FROM `tp_menu` WHERE `status` = 1 AND `type` = 0 ORDER BY listorder asc,menu_id desc  [ RunTime:0.0000s ]
INFO: Run Behavior\ParseTemplateBehavior [ RunTime:0.015001s ]
INFO: [ view_parse ] --END-- [ RunTime:0.015001s ]
INFO: [ view_filter ] --START--
INFO: Run Behavior\WriteHtmlCacheBehavior [ RunTime:0.001000s ]
INFO: [ view_filter ] --END-- [ RunTime:0.001000s ]
INFO: [ app_end ] --START--
INFO: Run Behavior\ShowPageTraceBehavior [ RunTime:0.000000s ]
INFO: [ app_end ] --END-- [ RunTime:0.000000s ]

[ 2016-06-24T15:15:53+08:00 ] 127.0.0.1 /home/detail?id=10
INFO: [ app_init ] --START--
INFO: Run Behavior\BuildLiteBehavior [ RunTime:0.000000s ]
INFO: [ app_init ] --END-- [ RunTime:0.001000s ]
INFO: [ app_begin ] --START--
INFO: Run Behavior\ReadHtmlCacheBehavior [ RunTime:0.001000s ]
INFO: [ app_begin ] --END-- [ RunTime:0.001000s ]
NOTIC: [2048] Declaration of Home\Controller\CommonController::error() should be compatible with Think\Controller::error($message = '', $jumpUrl = '', $ajax = false) E:\xampp\htdocs\thinkphp\App\Home\Controller\CommonController.class.php 第 70 行.
SQL: SHOW COLUMNS FROM `tp_news` [ RunTime:0.0040s ]
NOTIC: [2048] Declaration of Home\Model\PositioncontentModel::select() should be compatible with Think\Model::select($options = Array) E:\xampp\htdocs\thinkphp\App\Home\Model\PositioncontentModel.class.php 第 26 行.
SQL: SHOW COLUMNS FROM `tp_position_content` [ RunTime:0.0020s ]
SQL: SELECT * FROM `tp_position_content` WHERE `position_id` = 2 AND `status` = 1 ORDER BY listorder desc,id desc LIMIT 2   [ RunTime:0.0010s ]
SQL: SELECT * FROM `tp_news` WHERE `status` = 1 ORDER BY count desc,news_id desc LIMIT 3   [ RunTime:0.0010s ]
SQL: SELECT * FROM `tp_news` WHERE `news_id` = 10 LIMIT 1   [ RunTime:0.0000s ]
NOTIC: [8] Undefined variable: data E:\xampp\htdocs\thinkphp\App\Admin\Model\NewsModel.class.php 第 66 行.
SQL: SHOW COLUMNS FROM `tp_news_content` [ RunTime:0.0030s ]
SQL: SELECT * FROM `tp_news_content` WHERE `news_id` = 10 LIMIT 1   [ RunTime:0.0000s ]
INFO: [ view_parse ] --START--
INFO: [ template_filter ] --START--
INFO: Run Behavior\ContentReplaceBehavior [ RunTime:0.000000s ]
INFO: [ template_filter ] --END-- [ RunTime:0.000000s ]
SQL: SHOW COLUMNS FROM `tp_menu` [ RunTime:0.0030s ]
SQL: SELECT * FROM `tp_menu` WHERE `status` = 1 AND `type` = 0 ORDER BY listorder asc,menu_id desc  [ RunTime:0.0000s ]
INFO: Run Behavior\ParseTemplateBehavior [ RunTime:0.014001s ]
INFO: [ view_parse ] --END-- [ RunTime:0.014001s ]
INFO: [ view_filter ] --START--
INFO: Run Behavior\WriteHtmlCacheBehavior [ RunTime:0.001000s ]
INFO: [ view_filter ] --END-- [ RunTime:0.001000s ]
INFO: [ app_end ] --START--
INFO: Run Behavior\ShowPageTraceBehavior [ RunTime:0.000000s ]
INFO: [ app_end ] --END-- [ RunTime:0.000000s ]

[ 2016-06-24T15:15:56+08:00 ] 127.0.0.1 /home/detail?id=10
INFO: [ app_init ] --START--
INFO: Run Behavior\BuildLiteBehavior [ RunTime:0.000000s ]
INFO: [ app_init ] --END-- [ RunTime:0.000000s ]
INFO: [ app_begin ] --START--
INFO: Run Behavior\ReadHtmlCacheBehavior [ RunTime:0.000000s ]
INFO: [ app_begin ] --END-- [ RunTime:0.000000s ]
NOTIC: [2048] Declaration of Home\Controller\CommonController::error() should be compatible with Think\Controller::error($message = '', $jumpUrl = '', $ajax = false) E:\xampp\htdocs\thinkphp\App\Home\Controller\CommonController.class.php 第 70 行.
SQL: SHOW COLUMNS FROM `tp_news` [ RunTime:0.0030s ]
NOTIC: [2048] Declaration of Home\Model\PositioncontentModel::select() should be compatible with Think\Model::select($options = Array) E:\xampp\htdocs\thinkphp\App\Home\Model\PositioncontentModel.class.php 第 26 行.
SQL: SHOW COLUMNS FROM `tp_position_content` [ RunTime:0.0020s ]
SQL: SELECT * FROM `tp_position_content` WHERE `position_id` = 2 AND `status` = 1 ORDER BY listorder desc,id desc LIMIT 2   [ RunTime:0.0010s ]
SQL: SELECT * FROM `tp_news` WHERE `status` = 1 ORDER BY count desc,news_id desc LIMIT 3   [ RunTime:0.0010s ]
SQL: SELECT * FROM `tp_news` WHERE `news_id` = 10 LIMIT 1   [ RunTime:0.0000s ]
NOTIC: [8] Undefined variable: data E:\xampp\htdocs\thinkphp\App\Admin\Model\NewsModel.class.php 第 66 行.
SQL: SHOW COLUMNS FROM `tp_news_content` [ RunTime:0.0030s ]
SQL: SELECT * FROM `tp_news_content` WHERE `news_id` = 10 LIMIT 1   [ RunTime:0.0000s ]
INFO: [ view_parse ] --START--
INFO: [ template_filter ] --START--
INFO: Run Behavior\ContentReplaceBehavior [ RunTime:0.000000s ]
INFO: [ template_filter ] --END-- [ RunTime:0.000000s ]
SQL: SHOW COLUMNS FROM `tp_menu` [ RunTime:0.0020s ]
SQL: SELECT * FROM `tp_menu` WHERE `status` = 1 AND `type` = 0 ORDER BY listorder asc,menu_id desc  [ RunTime:0.0000s ]
INFO: Run Behavior\ParseTemplateBehavior [ RunTime:0.014001s ]
INFO: [ view_parse ] --END-- [ RunTime:0.014001s ]
INFO: [ view_filter ] --START--
INFO: Run Behavior\WriteHtmlCacheBehavior [ RunTime:0.001000s ]
INFO: [ view_filter ] --END-- [ RunTime:0.001000s ]
INFO: [ app_end ] --START--
INFO: Run Behavior\ShowPageTraceBehavior [ RunTime:0.000000s ]
INFO: [ app_end ] --END-- [ RunTime:0.000000s ]

[ 2016-06-24T15:16:08+08:00 ] 127.0.0.1 /home/detail?id=10
INFO: [ app_init ] --START--
INFO: Run Behavior\BuildLiteBehavior [ RunTime:0.000000s ]
INFO: [ app_init ] --END-- [ RunTime:0.000000s ]
INFO: [ app_begin ] --START--
INFO: Run Behavior\ReadHtmlCacheBehavior [ RunTime:0.001000s ]
INFO: [ app_begin ] --END-- [ RunTime:0.001000s ]
NOTIC: [2048] Declaration of Home\Controller\CommonController::error() should be compatible with Think\Controller::error($message = '', $jumpUrl = '', $ajax = false) E:\xampp\htdocs\thinkphp\App\Home\Controller\CommonController.class.php 第 70 行.
SQL: SHOW COLUMNS FROM `tp_news` [ RunTime:0.0030s ]
NOTIC: [2048] Declaration of Home\Model\PositioncontentModel::select() should be compatible with Think\Model::select($options = Array) E:\xampp\htdocs\thinkphp\App\Home\Model\PositioncontentModel.class.php 第 26 行.
SQL: SHOW COLUMNS FROM `tp_position_content` [ RunTime:0.0030s ]
SQL: SELECT * FROM `tp_position_content` WHERE `position_id` = 2 AND `status` = 1 ORDER BY listorder desc,id desc LIMIT 2   [ RunTime:0.0010s ]
SQL: SELECT * FROM `tp_news` WHERE `status` = 1 ORDER BY count desc,news_id desc LIMIT 3   [ RunTime:0.0010s ]
SQL: SELECT * FROM `tp_news` WHERE `news_id` = 10 LIMIT 1   [ RunTime:0.0000s ]
NOTIC: [8] Undefined variable: data E:\xampp\htdocs\thinkphp\App\Admin\Model\NewsModel.class.php 第 66 行.
SQL: SHOW COLUMNS FROM `tp_news_content` [ RunTime:0.0030s ]
SQL: SELECT * FROM `tp_news_content` WHERE `news_id` = 10 LIMIT 1   [ RunTime:0.0000s ]
INFO: [ view_parse ] --START--
INFO: [ template_filter ] --START--
INFO: Run Behavior\ContentReplaceBehavior [ RunTime:0.000000s ]
INFO: [ template_filter ] --END-- [ RunTime:0.000000s ]
SQL: SHOW COLUMNS FROM `tp_menu` [ RunTime:0.0020s ]
SQL: SELECT * FROM `tp_menu` WHERE `status` = 1 AND `type` = 0 ORDER BY listorder asc,menu_id desc  [ RunTime:0.0010s ]
INFO: Run Behavior\ParseTemplateBehavior [ RunTime:0.015001s ]
INFO: [ view_parse ] --END-- [ RunTime:0.015001s ]
INFO: [ view_filter ] --START--
INFO: Run Behavior\WriteHtmlCacheBehavior [ RunTime:0.000000s ]
INFO: [ view_filter ] --END-- [ RunTime:0.000000s ]
INFO: [ app_end ] --START--
INFO: Run Behavior\ShowPageTraceBehavior [ RunTime:0.001000s ]
INFO: [ app_end ] --END-- [ RunTime:0.001000s ]

[ 2016-06-24T15:16:22+08:00 ] 127.0.0.1 /home/detail?id=10
INFO: [ app_init ] --START--
INFO: Run Behavior\BuildLiteBehavior [ RunTime:0.000000s ]
INFO: [ app_init ] --END-- [ RunTime:0.000000s ]
INFO: [ app_begin ] --START--
INFO: Run Behavior\ReadHtmlCacheBehavior [ RunTime:0.001000s ]
INFO: [ app_begin ] --END-- [ RunTime:0.001000s ]
NOTIC: [2048] Declaration of Home\Controller\CommonController::error() should be compatible with Think\Controller::error($message = '', $jumpUrl = '', $ajax = false) E:\xampp\htdocs\thinkphp\App\Home\Controller\CommonController.class.php 第 70 行.
SQL: SHOW COLUMNS FROM `tp_news` [ RunTime:0.0030s ]
NOTIC: [2048] Declaration of Home\Model\PositioncontentModel::select() should be compatible with Think\Model::select($options = Array) E:\xampp\htdocs\thinkphp\App\Home\Model\PositioncontentModel.class.php 第 26 行.
SQL: SHOW COLUMNS FROM `tp_position_content` [ RunTime:0.0030s ]
SQL: SELECT * FROM `tp_position_content` WHERE `position_id` = 2 AND `status` = 1 ORDER BY listorder desc,id desc LIMIT 2   [ RunTime:0.0010s ]
SQL: SELECT * FROM `tp_news` WHERE `status` = 1 ORDER BY count desc,news_id desc LIMIT 3   [ RunTime:0.0010s ]
SQL: SELECT * FROM `tp_news` WHERE `news_id` = 10 LIMIT 1   [ RunTime:0.0000s ]
SQL: UPDATE `tp_news` SET `count`=count+1 WHERE ( news_id=10 ) [ RunTime:0.0090s ]

[ 2016-06-24T15:20:13+08:00 ] 127.0.0.1 /home/detail?id=10
INFO: [ app_init ] --START--
INFO: Run Behavior\BuildLiteBehavior [ RunTime:0.000000s ]
INFO: [ app_init ] --END-- [ RunTime:0.001000s ]
INFO: [ app_begin ] --START--
INFO: Run Behavior\ReadHtmlCacheBehavior [ RunTime:0.001000s ]
INFO: [ app_begin ] --END-- [ RunTime:0.001000s ]
NOTIC: [2048] Declaration of Home\Controller\CommonController::error() should be compatible with Think\Controller::error($message = '', $jumpUrl = '', $ajax = false) E:\xampp\htdocs\thinkphp\App\Home\Controller\CommonController.class.php 第 70 行.
SQL: SHOW COLUMNS FROM `tp_news` [ RunTime:0.0030s ]
NOTIC: [2048] Declaration of Home\Model\PositioncontentModel::select() should be compatible with Think\Model::select($options = Array) E:\xampp\htdocs\thinkphp\App\Home\Model\PositioncontentModel.class.php 第 26 行.
SQL: SHOW COLUMNS FROM `tp_position_content` [ RunTime:0.0030s ]
SQL: SELECT * FROM `tp_position_content` WHERE `position_id` = 2 AND `status` = 1 ORDER BY listorder desc,id desc LIMIT 2   [ RunTime:0.0010s ]
SQL: SELECT * FROM `tp_news` WHERE `status` = 1 ORDER BY count desc,news_id desc LIMIT 3   [ RunTime:0.0010s ]
SQL: SELECT * FROM `tp_news` WHERE `news_id` = 10 LIMIT 1   [ RunTime:0.0000s ]
SQL: UPDATE `tp_news` SET `count`=count+1 WHERE ( news_id=10 ) [ RunTime:0.0000s ]
SQL: SHOW COLUMNS FROM `tp_news_content` [ RunTime:0.0020s ]
SQL: SELECT * FROM `tp_news_content` WHERE `news_id` = 10 LIMIT 1   [ RunTime:0.0010s ]
INFO: [ view_parse ] --START--
INFO: [ template_filter ] --START--
INFO: Run Behavior\ContentReplaceBehavior [ RunTime:0.000000s ]
INFO: [ template_filter ] --END-- [ RunTime:0.000000s ]
SQL: SHOW COLUMNS FROM `tp_menu` [ RunTime:0.0030s ]
SQL: SELECT * FROM `tp_menu` WHERE `status` = 1 AND `type` = 0 ORDER BY listorder asc,menu_id desc  [ RunTime:0.0000s ]
INFO: Run Behavior\ParseTemplateBehavior [ RunTime:0.014000s ]
INFO: [ view_parse ] --END-- [ RunTime:0.014000s ]
INFO: [ view_filter ] --START--
INFO: Run Behavior\WriteHtmlCacheBehavior [ RunTime:0.001000s ]
INFO: [ view_filter ] --END-- [ RunTime:0.001000s ]
INFO: [ app_end ] --START--
INFO: Run Behavior\ShowPageTraceBehavior [ RunTime:0.000000s ]
INFO: [ app_end ] --END-- [ RunTime:0.000000s ]

[ 2016-06-24T15:20:16+08:00 ] 127.0.0.1 /home/detail?id=10
INFO: [ app_init ] --START--
INFO: Run Behavior\BuildLiteBehavior [ RunTime:0.000000s ]
INFO: [ app_init ] --END-- [ RunTime:0.000000s ]
INFO: [ app_begin ] --START--
INFO: Run Behavior\ReadHtmlCacheBehavior [ RunTime:0.001000s ]
INFO: [ app_begin ] --END-- [ RunTime:0.001000s ]
NOTIC: [2048] Declaration of Home\Controller\CommonController::error() should be compatible with Think\Controller::error($message = '', $jumpUrl = '', $ajax = false) E:\xampp\htdocs\thinkphp\App\Home\Controller\CommonController.class.php 第 70 行.
SQL: SHOW COLUMNS FROM `tp_news` [ RunTime:0.0030s ]
NOTIC: [2048] Declaration of Home\Model\PositioncontentModel::select() should be compatible with Think\Model::select($options = Array) E:\xampp\htdocs\thinkphp\App\Home\Model\PositioncontentModel.class.php 第 26 行.
SQL: SHOW COLUMNS FROM `tp_position_content` [ RunTime:0.0030s ]
SQL: SELECT * FROM `tp_position_content` WHERE `position_id` = 2 AND `status` = 1 ORDER BY listorder desc,id desc LIMIT 2   [ RunTime:0.0000s ]
SQL: SELECT * FROM `tp_news` WHERE `status` = 1 ORDER BY count desc,news_id desc LIMIT 3   [ RunTime:0.0000s ]
SQL: SELECT * FROM `tp_news` WHERE `news_id` = 10 LIMIT 1   [ RunTime:0.0010s ]
SQL: UPDATE `tp_news` SET `count`=count+1 WHERE ( news_id=10 ) [ RunTime:0.0000s ]
SQL: SHOW COLUMNS FROM `tp_news_content` [ RunTime:0.0030s ]
SQL: SELECT * FROM `tp_news_content` WHERE `news_id` = 10 LIMIT 1   [ RunTime:0.0010s ]
INFO: [ view_parse ] --START--
INFO: [ template_filter ] --START--
INFO: Run Behavior\ContentReplaceBehavior [ RunTime:0.000000s ]
INFO: [ template_filter ] --END-- [ RunTime:0.000000s ]
SQL: SHOW COLUMNS FROM `tp_menu` [ RunTime:0.0030s ]
SQL: SELECT * FROM `tp_menu` WHERE `status` = 1 AND `type` = 0 ORDER BY listorder asc,menu_id desc  [ RunTime:0.0000s ]
INFO: Run Behavior\ParseTemplateBehavior [ RunTime:0.016001s ]
INFO: [ view_parse ] --END-- [ RunTime:0.016001s ]
INFO: [ view_filter ] --START--
INFO: Run Behavior\WriteHtmlCacheBehavior [ RunTime:0.000000s ]
INFO: [ view_filter ] --END-- [ RunTime:0.000000s ]
INFO: [ app_end ] --START--
INFO: Run Behavior\ShowPageTraceBehavior [ RunTime:0.001000s ]
INFO: [ app_end ] --END-- [ RunTime:0.001000s ]

[ 2016-06-24T15:20:22+08:00 ] 127.0.0.1 /home/detail?id=10
INFO: [ app_init ] --START--
INFO: Run Behavior\BuildLiteBehavior [ RunTime:0.000000s ]
INFO: [ app_init ] --END-- [ RunTime:0.001000s ]
INFO: [ app_begin ] --START--
INFO: Run Behavior\ReadHtmlCacheBehavior [ RunTime:0.001000s ]
INFO: [ app_begin ] --END-- [ RunTime:0.001000s ]
NOTIC: [2048] Declaration of Home\Controller\CommonController::error() should be compatible with Think\Controller::error($message = '', $jumpUrl = '', $ajax = false) E:\xampp\htdocs\thinkphp\App\Home\Controller\CommonController.class.php 第 70 行.
SQL: SHOW COLUMNS FROM `tp_news` [ RunTime:0.0030s ]
NOTIC: [2048] Declaration of Home\Model\PositioncontentModel::select() should be compatible with Think\Model::select($options = Array) E:\xampp\htdocs\thinkphp\App\Home\Model\PositioncontentModel.class.php 第 26 行.
SQL: SHOW COLUMNS FROM `tp_position_content` [ RunTime:0.0020s ]
SQL: SELECT * FROM `tp_position_content` WHERE `position_id` = 2 AND `status` = 1 ORDER BY listorder desc,id desc LIMIT 2   [ RunTime:0.0000s ]
SQL: SELECT * FROM `tp_news` WHERE `status` = 1 ORDER BY count desc,news_id desc LIMIT 3   [ RunTime:0.0010s ]
SQL: SELECT * FROM `tp_news` WHERE `news_id` = 10 LIMIT 1   [ RunTime:0.0000s ]
SQL: UPDATE `tp_news` SET `count`=count+1 WHERE ( news_id=10 ) [ RunTime:0.0010s ]
SQL: SHOW COLUMNS FROM `tp_news_content` [ RunTime:0.0020s ]
SQL: SELECT * FROM `tp_news_content` WHERE `news_id` = 10 LIMIT 1   [ RunTime:0.0010s ]
INFO: [ view_parse ] --START--
INFO: [ template_filter ] --START--
INFO: Run Behavior\ContentReplaceBehavior [ RunTime:0.000000s ]
INFO: [ template_filter ] --END-- [ RunTime:0.001000s ]
SQL: SHOW COLUMNS FROM `tp_menu` [ RunTime:0.0020s ]
SQL: SELECT * FROM `tp_menu` WHERE `status` = 1 AND `type` = 0 ORDER BY listorder asc,menu_id desc  [ RunTime:0.0010s ]
INFO: Run Behavior\ParseTemplateBehavior [ RunTime:0.015001s ]
INFO: [ view_parse ] --END-- [ RunTime:0.015001s ]
INFO: [ view_filter ] --START--
INFO: Run Behavior\WriteHtmlCacheBehavior [ RunTime:0.001000s ]
INFO: [ view_filter ] --END-- [ RunTime:0.001000s ]
INFO: [ app_end ] --START--
INFO: Run Behavior\ShowPageTraceBehavior [ RunTime:0.000000s ]
INFO: [ app_end ] --END-- [ RunTime:0.000000s ]

[ 2016-06-24T16:32:08+08:00 ] 127.0.0.1 /home/detail?id=10
INFO: [ app_init ] --START--
INFO: Run Behavior\BuildLiteBehavior [ RunTime:0.000000s ]
INFO: [ app_init ] --END-- [ RunTime:0.000000s ]
INFO: [ app_begin ] --START--
INFO: Run Behavior\ReadHtmlCacheBehavior [ RunTime:0.001000s ]
INFO: [ app_begin ] --END-- [ RunTime:0.001000s ]
NOTIC: [2048] Declaration of Home\Controller\CommonController::error() should be compatible with Think\Controller::error($message = '', $jumpUrl = '', $ajax = false) E:\xampp\htdocs\thinkphp\App\Home\Controller\CommonController.class.php 第 70 行.
SQL: SHOW COLUMNS FROM `tp_news` [ RunTime:0.0020s ]
NOTIC: [2048] Declaration of Home\Model\PositioncontentModel::select() should be compatible with Think\Model::select($options = Array) E:\xampp\htdocs\thinkphp\App\Home\Model\PositioncontentModel.class.php 第 26 行.
SQL: SHOW COLUMNS FROM `tp_position_content` [ RunTime:0.0030s ]
SQL: SELECT * FROM `tp_position_content` WHERE `position_id` = 2 AND `status` = 1 ORDER BY listorder desc,id desc LIMIT 2   [ RunTime:0.0010s ]
SQL: SELECT * FROM `tp_news` WHERE `status` = 1 ORDER BY count desc,news_id desc LIMIT 3   [ RunTime:0.0010s ]
SQL: SELECT * FROM `tp_news` WHERE `news_id` = 10 LIMIT 1   [ RunTime:0.0000s ]
NOTIC: 建议使用E方法替代throw_exception

[ 2016-06-24T16:39:09+08:00 ] 127.0.0.1 /home/detail?id=11
INFO: [ app_init ] --START--
INFO: Run Behavior\BuildLiteBehavior [ RunTime:0.000000s ]
INFO: [ app_init ] --END-- [ RunTime:0.000000s ]
INFO: [ app_begin ] --START--
INFO: Run Behavior\ReadHtmlCacheBehavior [ RunTime:0.001000s ]
INFO: [ app_begin ] --END-- [ RunTime:0.001000s ]
NOTIC: [2048] Declaration of Home\Controller\CommonController::error() should be compatible with Think\Controller::error($message = '', $jumpUrl = '', $ajax = false) E:\xampp\htdocs\thinkphp\App\Home\Controller\CommonController.class.php 第 70 行.
SQL: SHOW COLUMNS FROM `tp_news` [ RunTime:0.0030s ]
NOTIC: [2048] Declaration of Home\Model\PositioncontentModel::select() should be compatible with Think\Model::select($options = Array) E:\xampp\htdocs\thinkphp\App\Home\Model\PositioncontentModel.class.php 第 26 行.
SQL: SHOW COLUMNS FROM `tp_position_content` [ RunTime:0.0030s ]
SQL: SELECT * FROM `tp_position_content` WHERE `position_id` = 2 AND `status` = 1 ORDER BY listorder desc,id desc LIMIT 2   [ RunTime:0.0000s ]
SQL: SELECT * FROM `tp_news` WHERE `status` = 1 ORDER BY count desc,news_id desc LIMIT 3   [ RunTime:0.0010s ]
SQL: SELECT * FROM `tp_news` WHERE `news_id` = 11 LIMIT 1   [ RunTime:0.0010s ]
SQL: UPDATE `tp_news` SET `count`=count+1 WHERE ( news_id=11 ) [ RunTime:0.0000s ]
SQL: SHOW COLUMNS FROM `tp_news_content` [ RunTime:0.0020s ]
SQL: SELECT * FROM `tp_news_content` WHERE `news_id` = 11 LIMIT 1   [ RunTime:0.0010s ]
INFO: [ view_parse ] --START--
INFO: [ template_filter ] --START--
INFO: Run Behavior\ContentReplaceBehavior [ RunTime:0.000000s ]
INFO: [ template_filter ] --END-- [ RunTime:0.000000s ]
SQL: SHOW COLUMNS FROM `tp_menu` [ RunTime:0.0020s ]
SQL: SELECT * FROM `tp_menu` WHERE `status` = 1 AND `type` = 0 ORDER BY listorder asc,menu_id desc  [ RunTime:0.0000s ]
INFO: Run Behavior\ParseTemplateBehavior [ RunTime:0.016001s ]
INFO: [ view_parse ] --END-- [ RunTime:0.016001s ]
INFO: [ view_filter ] --START--
INFO: Run Behavior\WriteHtmlCacheBehavior [ RunTime:0.001000s ]
INFO: [ view_filter ] --END-- [ RunTime:0.001000s ]
INFO: [ app_end ] --START--
INFO: Run Behavior\ShowPageTraceBehavior [ RunTime:0.000000s ]
INFO: [ app_end ] --END-- [ RunTime:0.000000s ]

[ 2016-06-24T16:39:12+08:00 ] 127.0.0.1 /home/detail?id=11
INFO: [ app_init ] --START--
INFO: Run Behavior\BuildLiteBehavior [ RunTime:0.000000s ]
INFO: [ app_init ] --END-- [ RunTime:0.001000s ]
INFO: [ app_begin ] --START--
INFO: Run Behavior\ReadHtmlCacheBehavior [ RunTime:0.001000s ]
INFO: [ app_begin ] --END-- [ RunTime:0.001000s ]
NOTIC: [2048] Declaration of Home\Controller\CommonController::error() should be compatible with Think\Controller::error($message = '', $jumpUrl = '', $ajax = false) E:\xampp\htdocs\thinkphp\App\Home\Controller\CommonController.class.php 第 70 行.
SQL: SHOW COLUMNS FROM `tp_news` [ RunTime:0.0030s ]
NOTIC: [2048] Declaration of Home\Model\PositioncontentModel::select() should be compatible with Think\Model::select($options = Array) E:\xampp\htdocs\thinkphp\App\Home\Model\PositioncontentModel.class.php 第 26 行.
SQL: SHOW COLUMNS FROM `tp_position_content` [ RunTime:0.0030s ]
SQL: SELECT * FROM `tp_position_content` WHERE `position_id` = 2 AND `status` = 1 ORDER BY listorder desc,id desc LIMIT 2   [ RunTime:0.0010s ]
SQL: SELECT * FROM `tp_news` WHERE `status` = 1 ORDER BY count desc,news_id desc LIMIT 3   [ RunTime:0.0000s ]
SQL: SELECT * FROM `tp_news` WHERE `news_id` = 11 LIMIT 1   [ RunTime:0.0010s ]
SQL: UPDATE `tp_news` SET `count`=count+1 WHERE ( news_id=11 ) [ RunTime:0.0000s ]
SQL: SHOW COLUMNS FROM `tp_news_content` [ RunTime:0.0020s ]
SQL: SELECT * FROM `tp_news_content` WHERE `news_id` = 11 LIMIT 1   [ RunTime:0.0000s ]
INFO: [ view_parse ] --START--
INFO: [ template_filter ] --START--
INFO: Run Behavior\ContentReplaceBehavior [ RunTime:0.000000s ]
INFO: [ template_filter ] --END-- [ RunTime:0.000000s ]
SQL: SHOW COLUMNS FROM `tp_menu` [ RunTime:0.0030s ]
SQL: SELECT * FROM `tp_menu` WHERE `status` = 1 AND `type` = 0 ORDER BY listorder asc,menu_id desc  [ RunTime:0.0010s ]
INFO: Run Behavior\ParseTemplateBehavior [ RunTime:0.015000s ]
INFO: [ view_parse ] --END-- [ RunTime:0.015000s ]
INFO: [ view_filter ] --START--
INFO: Run Behavior\WriteHtmlCacheBehavior [ RunTime:0.000000s ]
INFO: [ view_filter ] --END-- [ RunTime:0.000000s ]
INFO: [ app_end ] --START--
INFO: Run Behavior\ShowPageTraceBehavior [ RunTime:0.001000s ]
INFO: [ app_end ] --END-- [ RunTime:0.001000s ]

[ 2016-06-24T16:39:20+08:00 ] 127.0.0.1 /
INFO: [ app_init ] --START--
INFO: Run Behavior\BuildLiteBehavior [ RunTime:0.000000s ]
INFO: [ app_init ] --END-- [ RunTime:0.001000s ]
INFO: [ app_begin ] --START--
INFO: Run Behavior\ReadHtmlCacheBehavior [ RunTime:0.000000s ]
INFO: [ app_begin ] --END-- [ RunTime:0.000000s ]
NOTIC: [2048] Declaration of Home\Controller\CommonController::error() should be compatible with Think\Controller::error($message = '', $jumpUrl = '', $ajax = false) E:\xampp\htdocs\thinkphp\App\Home\Controller\CommonController.class.php 第 70 行.
SQL: SHOW COLUMNS FROM `tp_news` [ RunTime:0.0030s ]
NOTIC: [2048] Declaration of Home\Model\PositioncontentModel::select() should be compatible with Think\Model::select($options = Array) E:\xampp\htdocs\thinkphp\App\Home\Model\PositioncontentModel.class.php 第 26 行.
SQL: SHOW COLUMNS FROM `tp_position_content` [ RunTime:0.0020s ]
SQL: SELECT * FROM `tp_position_content` WHERE `position_id` = 1 AND `status` = 1 ORDER BY listorder desc,id desc LIMIT 1   [ RunTime:0.0010s ]
SQL: SELECT * FROM `tp_position_content` WHERE `position_id` = 2 AND `status` = 1 ORDER BY listorder desc,id desc LIMIT 2   [ RunTime:0.0000s ]
SQL: SELECT * FROM `tp_news` WHERE `status` = 1 AND `thumb` <> '' ORDER BY listorder desc,news_id desc LIMIT 0,2   [ RunTime:0.0010s ]
SQL: SELECT COUNT(*) AS tp_count FROM `tp_news` WHERE `status` <> -1 AND `thumb` <> '' LIMIT 1   [ RunTime:0.0000s ]
SQL: SELECT * FROM `tp_news` WHERE `status` = 1 ORDER BY count desc,news_id desc LIMIT 3   [ RunTime:0.0000s ]
INFO: [ view_parse ] --START--
INFO: [ template_filter ] --START--
INFO: Run Behavior\ContentReplaceBehavior [ RunTime:0.000000s ]
INFO: [ template_filter ] --END-- [ RunTime:0.000000s ]
SQL: SHOW COLUMNS FROM `tp_menu` [ RunTime:0.0020s ]
SQL: SELECT * FROM `tp_menu` WHERE `status` = 1 AND `type` = 0 ORDER BY listorder asc,menu_id desc  [ RunTime:0.0000s ]
NOTIC: [8] Undefined index: id E:\xampp\htdocs\thinkphp\App\Runtime\Cache\Home\00e52909bed743ea261af4b6823297ff.php 第 30 行.
NOTIC: [8] Undefined index: id E:\xampp\htdocs\thinkphp\App\Runtime\Cache\Home\00e52909bed743ea261af4b6823297ff.php 第 31 行.
NOTIC: [8] Undefined index: id E:\xampp\htdocs\thinkphp\App\Runtime\Cache\Home\00e52909bed743ea261af4b6823297ff.php 第 31 行.
NOTIC: [8] Use of undefined constant news - assumed 'news' E:\xampp\htdocs\thinkphp\App\Runtime\Cache\Home\00e52909bed743ea261af4b6823297ff.php 第 47 行.
NOTIC: [8] Use of undefined constant news - assumed 'news' E:\xampp\htdocs\thinkphp\App\Runtime\Cache\Home\00e52909bed743ea261af4b6823297ff.php 第 47 行.
INFO: Run Behavior\ParseTemplateBehavior [ RunTime:0.015001s ]
INFO: [ view_parse ] --END-- [ RunTime:0.015001s ]
INFO: [ view_filter ] --START--
INFO: Run Behavior\WriteHtmlCacheBehavior [ RunTime:0.001000s ]
INFO: [ view_filter ] --END-- [ RunTime:0.001000s ]
INFO: [ app_end ] --START--
INFO: Run Behavior\ShowPageTraceBehavior [ RunTime:0.000000s ]
INFO: [ app_end ] --END-- [ RunTime:0.000000s ]

[ 2016-06-24T16:39:27+08:00 ] 127.0.0.1 /home/detail?id=10
INFO: [ app_init ] --START--
INFO: Run Behavior\BuildLiteBehavior [ RunTime:0.000000s ]
INFO: [ app_init ] --END-- [ RunTime:0.000000s ]
INFO: [ app_begin ] --START--
INFO: Run Behavior\ReadHtmlCacheBehavior [ RunTime:0.001000s ]
INFO: [ app_begin ] --END-- [ RunTime:0.001000s ]
NOTIC: [2048] Declaration of Home\Controller\CommonController::error() should be compatible with Think\Controller::error($message = '', $jumpUrl = '', $ajax = false) E:\xampp\htdocs\thinkphp\App\Home\Controller\CommonController.class.php 第 70 行.
SQL: SHOW COLUMNS FROM `tp_news` [ RunTime:0.0020s ]
NOTIC: [2048] Declaration of Home\Model\PositioncontentModel::select() should be compatible with Think\Model::select($options = Array) E:\xampp\htdocs\thinkphp\App\Home\Model\PositioncontentModel.class.php 第 26 行.
SQL: SHOW COLUMNS FROM `tp_position_content` [ RunTime:0.0030s ]
SQL: SELECT * FROM `tp_position_content` WHERE `position_id` = 2 AND `status` = 1 ORDER BY listorder desc,id desc LIMIT 2   [ RunTime:0.0010s ]
SQL: SELECT * FROM `tp_news` WHERE `status` = 1 ORDER BY count desc,news_id desc LIMIT 3   [ RunTime:0.0010s ]
SQL: SELECT * FROM `tp_news` WHERE `news_id` = 10 LIMIT 1   [ RunTime:0.0000s ]
SQL: UPDATE `tp_news` SET `count`=count+1 WHERE ( news_id=10 ) [ RunTime:0.0010s ]
SQL: SHOW COLUMNS FROM `tp_news_content` [ RunTime:0.0030s ]
SQL: SELECT * FROM `tp_news_content` WHERE `news_id` = 10 LIMIT 1   [ RunTime:0.0000s ]
INFO: [ view_parse ] --START--
INFO: [ template_filter ] --START--
INFO: Run Behavior\ContentReplaceBehavior [ RunTime:0.000000s ]
INFO: [ template_filter ] --END-- [ RunTime:0.000000s ]
SQL: SHOW COLUMNS FROM `tp_menu` [ RunTime:0.0030s ]
SQL: SELECT * FROM `tp_menu` WHERE `status` = 1 AND `type` = 0 ORDER BY listorder asc,menu_id desc  [ RunTime:0.0000s ]
INFO: Run Behavior\ParseTemplateBehavior [ RunTime:0.015001s ]
INFO: [ view_parse ] --END-- [ RunTime:0.015001s ]
INFO: [ view_filter ] --START--
INFO: Run Behavior\WriteHtmlCacheBehavior [ RunTime:0.001000s ]
INFO: [ view_filter ] --END-- [ RunTime:0.001000s ]
INFO: [ app_end ] --START--
INFO: Run Behavior\ShowPageTraceBehavior [ RunTime:0.000000s ]
INFO: [ app_end ] --END-- [ RunTime:0.000000s ]

[ 2016-06-24T16:42:28+08:00 ] 127.0.0.1 /home/detail?id=10
INFO: [ app_init ] --START--
INFO: Run Behavior\BuildLiteBehavior [ RunTime:0.000000s ]
INFO: [ app_init ] --END-- [ RunTime:0.000000s ]
INFO: [ app_begin ] --START--
INFO: Run Behavior\ReadHtmlCacheBehavior [ RunTime:0.001000s ]
INFO: [ app_begin ] --END-- [ RunTime:0.001000s ]
NOTIC: [2048] Declaration of Home\Controller\CommonController::error() should be compatible with Think\Controller::error($message = '', $jumpUrl = '', $ajax = false) E:\xampp\htdocs\thinkphp\App\Home\Controller\CommonController.class.php 第 70 行.
SQL: SHOW COLUMNS FROM `tp_news` [ RunTime:0.0030s ]
NOTIC: [2048] Declaration of Home\Model\PositioncontentModel::select() should be compatible with Think\Model::select($options = Array) E:\xampp\htdocs\thinkphp\App\Home\Model\PositioncontentModel.class.php 第 26 行.
SQL: SHOW COLUMNS FROM `tp_position_content` [ RunTime:0.0030s ]
SQL: SELECT * FROM `tp_position_content` WHERE `position_id` = 2 AND `status` = 1 ORDER BY listorder desc,id desc LIMIT 2   [ RunTime:0.0010s ]
SQL: SELECT * FROM `tp_news` WHERE `status` = 1 ORDER BY count desc,news_id desc LIMIT 3   [ RunTime:0.0000s ]
SQL: SELECT * FROM `tp_news` WHERE `news_id` = 10 LIMIT 1   [ RunTime:0.0010s ]
NOTIC: 建议使用E方法替代throw_exception

[ 2016-06-24T16:47:45+08:00 ] 127.0.0.1 /home/detail?id=10
INFO: [ app_init ] --START--
INFO: Run Behavior\BuildLiteBehavior [ RunTime:0.000000s ]
INFO: [ app_init ] --END-- [ RunTime:0.000000s ]
INFO: [ app_begin ] --START--
INFO: Run Behavior\ReadHtmlCacheBehavior [ RunTime:0.001000s ]
INFO: [ app_begin ] --END-- [ RunTime:0.001000s ]
NOTIC: [2048] Declaration of Home\Controller\CommonController::error() should be compatible with Think\Controller::error($message = '', $jumpUrl = '', $ajax = false) E:\xampp\htdocs\thinkphp\App\Home\Controller\CommonController.class.php 第 70 行.
SQL: SHOW COLUMNS FROM `tp_news` [ RunTime:0.0030s ]
NOTIC: [2048] Declaration of Home\Model\PositioncontentModel::select() should be compatible with Think\Model::select($options = Array) E:\xampp\htdocs\thinkphp\App\Home\Model\PositioncontentModel.class.php 第 26 行.
SQL: SHOW COLUMNS FROM `tp_position_content` [ RunTime:0.0020s ]
SQL: SELECT * FROM `tp_position_content` WHERE `position_id` = 2 AND `status` = 1 ORDER BY listorder desc,id desc LIMIT 2   [ RunTime:0.0000s ]
SQL: SELECT * FROM `tp_news` WHERE `status` = 1 ORDER BY count desc,news_id desc LIMIT 3   [ RunTime:0.0010s ]
SQL: SELECT * FROM `tp_news` WHERE `news_id` = 10 LIMIT 1   [ RunTime:0.0010s ]
SQL: UPDATE `tp_news` SET `count`=count+1 WHERE ( news_id=10 ) [ RunTime:0.0000s ]
SQL: SHOW COLUMNS FROM `tp_news_content` [ RunTime:0.0020s ]
SQL: SELECT * FROM `tp_news_content` WHERE `news_id` = 10 LIMIT 1   [ RunTime:0.0010s ]
INFO: [ view_parse ] --START--
INFO: [ template_filter ] --START--
INFO: Run Behavior\ContentReplaceBehavior [ RunTime:0.000000s ]
INFO: [ template_filter ] --END-- [ RunTime:0.000000s ]
SQL: SHOW COLUMNS FROM `tp_menu` [ RunTime:0.0020s ]
SQL: SELECT * FROM `tp_menu` WHERE `status` = 1 AND `type` = 0 ORDER BY listorder asc,menu_id desc  [ RunTime:0.0000s ]
INFO: Run Behavior\ParseTemplateBehavior [ RunTime:0.015001s ]
INFO: [ view_parse ] --END-- [ RunTime:0.015001s ]
INFO: [ view_filter ] --START--
INFO: Run Behavior\WriteHtmlCacheBehavior [ RunTime:0.001000s ]
INFO: [ view_filter ] --END-- [ RunTime:0.001000s ]
INFO: [ app_end ] --START--
INFO: Run Behavior\ShowPageTraceBehavior [ RunTime:0.000000s ]
INFO: [ app_end ] --END-- [ RunTime:0.000000s ]

[ 2016-06-24T16:47:58+08:00 ] 127.0.0.1 /home/detail?id=10
INFO: [ app_init ] --START--
INFO: Run Behavior\BuildLiteBehavior [ RunTime:0.001000s ]
INFO: [ app_init ] --END-- [ RunTime:0.001000s ]
INFO: [ app_begin ] --START--
INFO: Run Behavior\ReadHtmlCacheBehavior [ RunTime:0.000000s ]
INFO: [ app_begin ] --END-- [ RunTime:0.000000s ]
NOTIC: [2048] Declaration of Home\Controller\CommonController::error() should be compatible with Think\Controller::error($message = '', $jumpUrl = '', $ajax = false) E:\xampp\htdocs\thinkphp\App\Home\Controller\CommonController.class.php 第 70 行.
SQL: SHOW COLUMNS FROM `tp_news` [ RunTime:0.0030s ]
NOTIC: [2048] Declaration of Home\Model\PositioncontentModel::select() should be compatible with Think\Model::select($options = Array) E:\xampp\htdocs\thinkphp\App\Home\Model\PositioncontentModel.class.php 第 26 行.
SQL: SHOW COLUMNS FROM `tp_position_content` [ RunTime:0.0020s ]
SQL: SELECT * FROM `tp_position_content` WHERE `position_id` = 2 AND `status` = 1 ORDER BY listorder desc,id desc LIMIT 2   [ RunTime:0.0000s ]
SQL: SELECT * FROM `tp_news` WHERE `status` = 1 ORDER BY count desc,news_id desc LIMIT 3   [ RunTime:0.0010s ]
SQL: SELECT * FROM `tp_news` WHERE `news_id` = 10 LIMIT 1   [ RunTime:0.0010s ]
SQL: UPDATE `tp_news` SET `count`=count+1 WHERE ( news_id=10 ) [ RunTime:0.0000s ]
SQL: SHOW COLUMNS FROM `tp_news_content` [ RunTime:0.0020s ]
SQL: SELECT * FROM `tp_news_content` WHERE `news_id` = 10 LIMIT 1   [ RunTime:0.0010s ]
INFO: [ view_parse ] --START--
INFO: [ template_filter ] --START--
INFO: Run Behavior\ContentReplaceBehavior [ RunTime:0.000000s ]
INFO: [ template_filter ] --END-- [ RunTime:0.000000s ]
SQL: SHOW COLUMNS FROM `tp_menu` [ RunTime:0.0020s ]
SQL: SELECT * FROM `tp_menu` WHERE `status` = 1 AND `type` = 0 ORDER BY listorder asc,menu_id desc  [ RunTime:0.0000s ]
INFO: Run Behavior\ParseTemplateBehavior [ RunTime:0.015001s ]
INFO: [ view_parse ] --END-- [ RunTime:0.015001s ]
INFO: [ view_filter ] --START--
INFO: Run Behavior\WriteHtmlCacheBehavior [ RunTime:0.001000s ]
INFO: [ view_filter ] --END-- [ RunTime:0.001000s ]
INFO: [ app_end ] --START--
INFO: Run Behavior\ShowPageTraceBehavior [ RunTime:0.000000s ]
INFO: [ app_end ] --END-- [ RunTime:0.000000s ]

