[ 2016-06-27T14:20:26+08:00 ] 127.0.0.1 /
INFO: [ app_init ] --START--
INFO: Run Behavior\BuildLiteBehavior [ RunTime:0.000000s ]
INFO: [ app_init ] --END-- [ RunTime:0.000000s ]
INFO: [ app_begin ] --START--
INFO: Run Behavior\ReadHtmlCacheBehavior [ RunTime:0.001000s ]
INFO: [ app_begin ] --END-- [ RunTime:0.001000s ]
NOTIC: [2048] Declaration of Home\Controller\CommonController::error() should be compatible with Think\Controller::error($message = '', $jumpUrl = '', $ajax = false) E:\xampp\htdocs\thinkphp\App\Home\Controller\CommonController.class.php 第 70 行.
SQL: SHOW COLUMNS FROM `tp_news` [ RunTime:0.0260s ]
NOTIC: [2048] Declaration of Home\Model\PositioncontentModel::select() should be compatible with Think\Model::select($options = Array) E:\xampp\htdocs\thinkphp\App\Home\Model\PositioncontentModel.class.php 第 26 行.
SQL: SHOW COLUMNS FROM `tp_position_content` [ RunTime:0.0240s ]
SQL: SELECT * FROM `tp_position_content` WHERE `position_id` = 1 AND `status` = 1 ORDER BY listorder desc,id desc LIMIT 1   [ RunTime:0.0010s ]
SQL: SELECT * FROM `tp_position_content` WHERE `position_id` = 2 AND `status` = 1 ORDER BY listorder desc,id desc LIMIT 2   [ RunTime:0.0000s ]
SQL: SELECT * FROM `tp_news` WHERE `status` = 1 AND `thumb` <> '' ORDER BY listorder desc,news_id desc LIMIT 0,2   [ RunTime:0.0010s ]
SQL: SELECT COUNT(*) AS tp_count FROM `tp_news` WHERE `status` <> -1 AND `thumb` <> '' LIMIT 1   [ RunTime:0.0000s ]
SQL: SELECT * FROM `tp_news` WHERE `status` = 1 ORDER BY count desc,news_id desc LIMIT 3   [ RunTime:0.0010s ]
INFO: [ view_parse ] --START--
INFO: [ template_filter ] --START--
INFO: Run Behavior\ContentReplaceBehavior [ RunTime:0.000000s ]
INFO: [ template_filter ] --END-- [ RunTime:0.000000s ]
SQL: SHOW COLUMNS FROM `tp_menu` [ RunTime:0.0330s ]
SQL: SELECT * FROM `tp_menu` WHERE `status` = 1 AND `type` = 0 ORDER BY listorder asc,menu_id desc  [ RunTime:0.0010s ]
NOTIC: [8] Undefined index: id E:\xampp\htdocs\thinkphp\App\Runtime\Cache\Home\00e52909bed743ea261af4b6823297ff.php 第 30 行.
NOTIC: [8] Undefined index: id E:\xampp\htdocs\thinkphp\App\Runtime\Cache\Home\00e52909bed743ea261af4b6823297ff.php 第 31 行.
NOTIC: [8] Undefined index: id E:\xampp\htdocs\thinkphp\App\Runtime\Cache\Home\00e52909bed743ea261af4b6823297ff.php 第 31 行.
NOTIC: [8] Use of undefined constant news - assumed 'news' E:\xampp\htdocs\thinkphp\App\Runtime\Cache\Home\00e52909bed743ea261af4b6823297ff.php 第 47 行.
NOTIC: [8] Use of undefined constant news - assumed 'news' E:\xampp\htdocs\thinkphp\App\Runtime\Cache\Home\00e52909bed743ea261af4b6823297ff.php 第 47 行.
INFO: Run Behavior\ParseTemplateBehavior [ RunTime:0.046003s ]
INFO: [ view_parse ] --END-- [ RunTime:0.046003s ]
INFO: [ view_filter ] --START--
INFO: Run Behavior\WriteHtmlCacheBehavior [ RunTime:0.001000s ]
INFO: [ view_filter ] --END-- [ RunTime:0.001000s ]
INFO: [ app_end ] --START--
INFO: Run Behavior\ShowPageTraceBehavior [ RunTime:0.001000s ]
INFO: [ app_end ] --END-- [ RunTime:0.001000s ]

[ 2016-06-27T14:20:27+08:00 ] 127.0.0.1 /home/index/getCount
INFO: [ app_init ] --START--
INFO: Run Behavior\BuildLiteBehavior [ RunTime:0.000000s ]
INFO: [ app_init ] --END-- [ RunTime:0.001000s ]
INFO: [ app_begin ] --START--
INFO: Run Behavior\ReadHtmlCacheBehavior [ RunTime:0.001000s ]
INFO: [ app_begin ] --END-- [ RunTime:0.001000s ]
NOTIC: [2048] Declaration of Home\Controller\CommonController::error() should be compatible with Think\Controller::error($message = '', $jumpUrl = '', $ajax = false) E:\xampp\htdocs\thinkphp\App\Home\Controller\CommonController.class.php 第 70 行.
SQL: SHOW COLUMNS FROM `tp_news` [ RunTime:0.0020s ]
SQL: SELECT * FROM `tp_news` WHERE `news_id` IN ('10','11')  [ RunTime:0.0000s ]

[ 2016-06-27T19:41:29+08:00 ] 127.0.0.1 /home/detail/index?id=
INFO: [ app_init ] --START--
INFO: Run Behavior\BuildLiteBehavior [ RunTime:0.000000s ]
INFO: [ app_init ] --END-- [ RunTime:0.000000s ]
INFO: [ app_begin ] --START--
INFO: Run Behavior\ReadHtmlCacheBehavior [ RunTime:0.000000s ]
INFO: [ app_begin ] --END-- [ RunTime:0.000000s ]
NOTIC: [2048] Declaration of Home\Controller\CommonController::error() should be compatible with Think\Controller::error($message = '', $jumpUrl = '', $ajax = false) E:\xampp\htdocs\thinkphp\App\Home\Controller\CommonController.class.php 第 70 行.
SQL: SHOW COLUMNS FROM `tp_news` [ RunTime:0.0040s ]
INFO: [ view_parse ] --START--
INFO: [ template_filter ] --START--
INFO: Run Behavior\ContentReplaceBehavior [ RunTime:0.000000s ]
INFO: [ template_filter ] --END-- [ RunTime:0.000000s ]
SQL: SHOW COLUMNS FROM `tp_menu` [ RunTime:0.0030s ]
SQL: SELECT * FROM `tp_menu` WHERE `status` = 1 AND `type` = 0 ORDER BY listorder asc,menu_id desc  [ RunTime:0.0010s ]
INFO: Run Behavior\ParseTemplateBehavior [ RunTime:0.016001s ]
INFO: [ view_parse ] --END-- [ RunTime:0.016001s ]
INFO: [ view_filter ] --START--
INFO: Run Behavior\WriteHtmlCacheBehavior [ RunTime:0.000000s ]
INFO: [ view_filter ] --END-- [ RunTime:0.000000s ]
INFO: [ app_end ] --START--
INFO: Run Behavior\ShowPageTraceBehavior [ RunTime:0.001000s ]
INFO: [ app_end ] --END-- [ RunTime:0.001000s ]

[ 2016-06-27T19:41:32+08:00 ] 127.0.0.1 /
INFO: [ app_init ] --START--
INFO: Run Behavior\BuildLiteBehavior [ RunTime:0.000000s ]
INFO: [ app_init ] --END-- [ RunTime:0.000000s ]
INFO: [ app_begin ] --START--
INFO: Run Behavior\ReadHtmlCacheBehavior [ RunTime:0.000000s ]
INFO: [ app_begin ] --END-- [ RunTime:0.000000s ]
NOTIC: [2048] Declaration of Home\Controller\CommonController::error() should be compatible with Think\Controller::error($message = '', $jumpUrl = '', $ajax = false) E:\xampp\htdocs\thinkphp\App\Home\Controller\CommonController.class.php 第 70 行.
SQL: SHOW COLUMNS FROM `tp_news` [ RunTime:0.0030s ]
NOTIC: [2048] Declaration of Home\Model\PositioncontentModel::select() should be compatible with Think\Model::select($options = Array) E:\xampp\htdocs\thinkphp\App\Home\Model\PositioncontentModel.class.php 第 26 行.
SQL: SHOW COLUMNS FROM `tp_position_content` [ RunTime:0.0030s ]
SQL: SELECT * FROM `tp_position_content` WHERE `position_id` = 1 AND `status` = 1 ORDER BY listorder desc,id desc LIMIT 1   [ RunTime:0.0010s ]
SQL: SELECT * FROM `tp_position_content` WHERE `position_id` = 2 AND `status` = 1 ORDER BY listorder desc,id desc LIMIT 2   [ RunTime:0.0010s ]
SQL: SELECT * FROM `tp_news` WHERE `status` = 1 AND `thumb` <> '' ORDER BY listorder desc,news_id desc LIMIT 0,2   [ RunTime:0.0000s ]
SQL: SELECT COUNT(*) AS tp_count FROM `tp_news` WHERE `status` <> -1 AND `thumb` <> '' LIMIT 1   [ RunTime:0.0000s ]
SQL: SELECT * FROM `tp_news` WHERE `status` = 1 ORDER BY count desc,news_id desc LIMIT 3   [ RunTime:0.0000s ]
INFO: [ view_parse ] --START--
INFO: [ template_filter ] --START--
INFO: Run Behavior\ContentReplaceBehavior [ RunTime:0.000000s ]
INFO: [ template_filter ] --END-- [ RunTime:0.000000s ]
SQL: SHOW COLUMNS FROM `tp_menu` [ RunTime:0.0020s ]
SQL: SELECT * FROM `tp_menu` WHERE `status` = 1 AND `type` = 0 ORDER BY listorder asc,menu_id desc  [ RunTime:0.0000s ]
NOTIC: [8] Undefined index: id E:\xampp\htdocs\thinkphp\App\Runtime\Cache\Home\00e52909bed743ea261af4b6823297ff.php 第 30 行.
NOTIC: [8] Undefined index: id E:\xampp\htdocs\thinkphp\App\Runtime\Cache\Home\00e52909bed743ea261af4b6823297ff.php 第 31 行.
NOTIC: [8] Undefined index: id E:\xampp\htdocs\thinkphp\App\Runtime\Cache\Home\00e52909bed743ea261af4b6823297ff.php 第 31 行.
NOTIC: [8] Use of undefined constant news - assumed 'news' E:\xampp\htdocs\thinkphp\App\Runtime\Cache\Home\00e52909bed743ea261af4b6823297ff.php 第 47 行.
NOTIC: [8] Use of undefined constant news - assumed 'news' E:\xampp\htdocs\thinkphp\App\Runtime\Cache\Home\00e52909bed743ea261af4b6823297ff.php 第 47 行.
INFO: Run Behavior\ParseTemplateBehavior [ RunTime:0.015001s ]
INFO: [ view_parse ] --END-- [ RunTime:0.016001s ]
INFO: [ view_filter ] --START--
INFO: Run Behavior\WriteHtmlCacheBehavior [ RunTime:0.000000s ]
INFO: [ view_filter ] --END-- [ RunTime:0.000000s ]
INFO: [ app_end ] --START--
INFO: Run Behavior\ShowPageTraceBehavior [ RunTime:0.001000s ]
INFO: [ app_end ] --END-- [ RunTime:0.001000s ]

[ 2016-06-27T19:41:32+08:00 ] 127.0.0.1 /home/index/getCount
INFO: [ app_init ] --START--
INFO: Run Behavior\BuildLiteBehavior [ RunTime:0.000000s ]
INFO: [ app_init ] --END-- [ RunTime:0.001000s ]
INFO: [ app_begin ] --START--
INFO: Run Behavior\ReadHtmlCacheBehavior [ RunTime:0.000000s ]
INFO: [ app_begin ] --END-- [ RunTime:0.000000s ]
NOTIC: [2048] Declaration of Home\Controller\CommonController::error() should be compatible with Think\Controller::error($message = '', $jumpUrl = '', $ajax = false) E:\xampp\htdocs\thinkphp\App\Home\Controller\CommonController.class.php 第 70 行.
SQL: SHOW COLUMNS FROM `tp_news` [ RunTime:0.0030s ]
SQL: SELECT * FROM `tp_news` WHERE `news_id` IN ('10','11')  [ RunTime:0.0010s ]

[ 2016-06-27T19:41:54+08:00 ] 127.0.0.1 /home/detail/index?id=10
INFO: [ app_init ] --START--
INFO: Run Behavior\BuildLiteBehavior [ RunTime:0.000000s ]
INFO: [ app_init ] --END-- [ RunTime:0.001000s ]
INFO: [ app_begin ] --START--
INFO: Run Behavior\ReadHtmlCacheBehavior [ RunTime:0.001000s ]
INFO: [ app_begin ] --END-- [ RunTime:0.001000s ]
NOTIC: [2048] Declaration of Home\Controller\CommonController::error() should be compatible with Think\Controller::error($message = '', $jumpUrl = '', $ajax = false) E:\xampp\htdocs\thinkphp\App\Home\Controller\CommonController.class.php 第 70 行.
SQL: SHOW COLUMNS FROM `tp_news` [ RunTime:0.0030s ]
NOTIC: [2048] Declaration of Home\Model\PositioncontentModel::select() should be compatible with Think\Model::select($options = Array) E:\xampp\htdocs\thinkphp\App\Home\Model\PositioncontentModel.class.php 第 26 行.
SQL: SHOW COLUMNS FROM `tp_position_content` [ RunTime:0.0030s ]
SQL: SELECT * FROM `tp_position_content` WHERE `position_id` = 2 AND `status` = 1 ORDER BY listorder desc,id desc LIMIT 2   [ RunTime:0.0010s ]
SQL: SELECT * FROM `tp_news` WHERE `status` = 1 ORDER BY count desc,news_id desc LIMIT 3   [ RunTime:0.0010s ]
SQL: SELECT * FROM `tp_news` WHERE `news_id` = 10 LIMIT 1   [ RunTime:0.0000s ]
SQL: UPDATE `tp_news` SET `count`=count+1 WHERE ( news_id=10 ) [ RunTime:0.0010s ]
SQL: SHOW COLUMNS FROM `tp_news_content` [ RunTime:0.0030s ]
SQL: SELECT * FROM `tp_news_content` WHERE `news_id` = 10 LIMIT 1   [ RunTime:0.0000s ]
INFO: [ view_parse ] --START--
INFO: [ template_filter ] --START--
INFO: Run Behavior\ContentReplaceBehavior [ RunTime:0.000000s ]
INFO: [ template_filter ] --END-- [ RunTime:0.000000s ]
SQL: SHOW COLUMNS FROM `tp_menu` [ RunTime:0.0050s ]
SQL: SELECT * FROM `tp_menu` WHERE `status` = 1 AND `type` = 0 ORDER BY listorder asc,menu_id desc  [ RunTime:0.0000s ]
INFO: Run Behavior\ParseTemplateBehavior [ RunTime:0.018001s ]
INFO: [ view_parse ] --END-- [ RunTime:0.018001s ]
INFO: [ view_filter ] --START--
INFO: Run Behavior\WriteHtmlCacheBehavior [ RunTime:0.000000s ]
INFO: [ view_filter ] --END-- [ RunTime:0.000000s ]
INFO: [ app_end ] --START--
INFO: Run Behavior\ShowPageTraceBehavior [ RunTime:0.001000s ]
INFO: [ app_end ] --END-- [ RunTime:0.001000s ]

