[ 2016-06-23T16:37:10+08:00 ] 127.0.0.1 /admin/index
INFO: [ app_init ] --START--
INFO: Run Behavior\BuildLiteBehavior [ RunTime:0.000000s ]
INFO: [ app_init ] --END-- [ RunTime:0.000000s ]
INFO: [ app_begin ] --START--
INFO: Run Behavior\ReadHtmlCacheBehavior [ RunTime:0.001000s ]
INFO: [ app_begin ] --END-- [ RunTime:0.001000s ]
INFO: [ view_parse ] --START--
INFO: [ template_filter ] --START--
INFO: Run Behavior\ContentReplaceBehavior [ RunTime:0.000000s ]
INFO: [ template_filter ] --END-- [ RunTime:0.000000s ]
SQL: SHOW COLUMNS FROM `tp_menu` [ RunTime:0.0030s ]
SQL: SELECT * FROM `tp_menu` WHERE `status` <> -1 AND `type` = 1 ORDER BY listorder asc,menu_id desc  [ RunTime:0.0010s ]
INFO: Run Behavior\ParseTemplateBehavior [ RunTime:0.020001s ]
INFO: [ view_parse ] --END-- [ RunTime:0.020001s ]
INFO: [ view_filter ] --START--
INFO: Run Behavior\WriteHtmlCacheBehavior [ RunTime:0.001000s ]
INFO: [ view_filter ] --END-- [ RunTime:0.001000s ]
INFO: [ app_end ] --START--
INFO: Run Behavior\ShowPageTraceBehavior [ RunTime:0.000000s ]
INFO: [ app_end ] --END-- [ RunTime:0.000000s ]

[ 2016-06-23T16:37:14+08:00 ] 127.0.0.1 /admin/basic/index
INFO: [ app_init ] --START--
INFO: Run Behavior\BuildLiteBehavior [ RunTime:0.000000s ]
INFO: [ app_init ] --END-- [ RunTime:0.001001s ]
INFO: [ app_begin ] --START--
INFO: Run Behavior\ReadHtmlCacheBehavior [ RunTime:0.000000s ]
INFO: [ app_begin ] --END-- [ RunTime:0.001000s ]
INFO: [ view_parse ] --START--
INFO: [ template_filter ] --START--
INFO: Run Behavior\ContentReplaceBehavior [ RunTime:0.000000s ]
INFO: [ template_filter ] --END-- [ RunTime:0.000000s ]
SQL: SHOW COLUMNS FROM `tp_menu` [ RunTime:0.0030s ]
SQL: SELECT * FROM `tp_menu` WHERE `status` <> -1 AND `type` = 1 ORDER BY listorder asc,menu_id desc  [ RunTime:0.0010s ]
INFO: Run Behavior\ParseTemplateBehavior [ RunTime:0.030002s ]
INFO: [ view_parse ] --END-- [ RunTime:0.030002s ]
INFO: [ view_filter ] --START--
INFO: Run Behavior\WriteHtmlCacheBehavior [ RunTime:0.000000s ]
INFO: [ view_filter ] --END-- [ RunTime:0.000000s ]
INFO: [ app_end ] --START--
INFO: Run Behavior\ShowPageTraceBehavior [ RunTime:0.000000s ]
INFO: [ app_end ] --END-- [ RunTime:0.001000s ]

[ 2016-06-23T16:37:46+08:00 ] 127.0.0.1 /admin/basic/add
INFO: [ app_init ] --START--
INFO: Run Behavior\BuildLiteBehavior [ RunTime:0.000000s ]
INFO: [ app_init ] --END-- [ RunTime:0.000000s ]
INFO: [ app_begin ] --START--
INFO: Run Behavior\ReadHtmlCacheBehavior [ RunTime:0.000000s ]
INFO: [ app_begin ] --END-- [ RunTime:0.001000s ]

[ 2016-06-23T16:37:48+08:00 ] 127.0.0.1 /admin/basic/index
INFO: [ app_init ] --START--
INFO: Run Behavior\BuildLiteBehavior [ RunTime:0.000000s ]
INFO: [ app_init ] --END-- [ RunTime:0.000000s ]
INFO: [ app_begin ] --START--
INFO: Run Behavior\ReadHtmlCacheBehavior [ RunTime:0.001000s ]
INFO: [ app_begin ] --END-- [ RunTime:0.001000s ]
INFO: [ view_parse ] --START--
INFO: [ template_filter ] --START--
INFO: Run Behavior\ContentReplaceBehavior [ RunTime:0.000000s ]
INFO: [ template_filter ] --END-- [ RunTime:0.000000s ]
SQL: SHOW COLUMNS FROM `tp_menu` [ RunTime:0.0030s ]
SQL: SELECT * FROM `tp_menu` WHERE `status` <> -1 AND `type` = 1 ORDER BY listorder asc,menu_id desc  [ RunTime:0.0010s ]
INFO: Run Behavior\ParseTemplateBehavior [ RunTime:0.031002s ]
INFO: [ view_parse ] --END-- [ RunTime:0.031002s ]
INFO: [ view_filter ] --START--
INFO: Run Behavior\WriteHtmlCacheBehavior [ RunTime:0.000000s ]
INFO: [ view_filter ] --END-- [ RunTime:0.000000s ]
INFO: [ app_end ] --START--
INFO: Run Behavior\ShowPageTraceBehavior [ RunTime:0.001000s ]
INFO: [ app_end ] --END-- [ RunTime:0.001000s ]

[ 2016-06-23T16:37:54+08:00 ] 127.0.0.1 /admin/positioncontent/index
INFO: [ app_init ] --START--
INFO: Run Behavior\BuildLiteBehavior [ RunTime:0.000000s ]
INFO: [ app_init ] --END-- [ RunTime:0.000000s ]
INFO: [ app_begin ] --START--
INFO: Run Behavior\ReadHtmlCacheBehavior [ RunTime:0.001000s ]
INFO: [ app_begin ] --END-- [ RunTime:0.001000s ]
SQL: SHOW COLUMNS FROM `tp_position` [ RunTime:0.0030s ]
SQL: SELECT * FROM `tp_position` WHERE `status` = 1  [ RunTime:0.0010s ]
SQL: SHOW COLUMNS FROM `tp_position_content` [ RunTime:0.0020s ]
SQL: SELECT * FROM `tp_position_content` WHERE `position_id` = 1 AND `status` <> -1 ORDER BY listorder desc,id desc LIMIT 0,10   [ RunTime:0.0010s ]
SQL: SELECT COUNT(*) AS tp_count FROM `tp_position_content` WHERE `position_id` = 1 AND `status` <> -1 LIMIT 1   [ RunTime:0.0010s ]
INFO: [ view_parse ] --START--
INFO: [ template_filter ] --START--
INFO: Run Behavior\ContentReplaceBehavior [ RunTime:0.000000s ]
INFO: [ template_filter ] --END-- [ RunTime:0.000000s ]
SQL: SHOW COLUMNS FROM `tp_menu` [ RunTime:0.0020s ]
SQL: SELECT * FROM `tp_menu` WHERE `status` <> -1 AND `type` = 1 ORDER BY listorder asc,menu_id desc  [ RunTime:0.0000s ]
NOTIC: [8] Undefined index: title E:\xampp\htdocs\thinkphp\App\Runtime\Cache\Admin\041c7953ec01bd0fc2eb35d1a8d1e55e.php 第 74 行.
INFO: Run Behavior\ParseTemplateBehavior [ RunTime:0.020001s ]
INFO: [ view_parse ] --END-- [ RunTime:0.020001s ]
INFO: [ view_filter ] --START--
INFO: Run Behavior\WriteHtmlCacheBehavior [ RunTime:0.001000s ]
INFO: [ view_filter ] --END-- [ RunTime:0.001000s ]
INFO: [ app_end ] --START--
INFO: Run Behavior\ShowPageTraceBehavior [ RunTime:0.001000s ]
INFO: [ app_end ] --END-- [ RunTime:0.001000s ]

[ 2016-06-23T16:37:57+08:00 ] 127.0.0.1 /admin/positioncontent/add
INFO: [ app_init ] --START--
INFO: Run Behavior\BuildLiteBehavior [ RunTime:0.000000s ]
INFO: [ app_init ] --END-- [ RunTime:0.000000s ]
INFO: [ app_begin ] --START--
INFO: Run Behavior\ReadHtmlCacheBehavior [ RunTime:0.000000s ]
INFO: [ app_begin ] --END-- [ RunTime:0.000000s ]
SQL: SHOW COLUMNS FROM `tp_position` [ RunTime:0.0030s ]
SQL: SELECT * FROM `tp_position` WHERE `status` = 1  [ RunTime:0.0010s ]
NOTIC: [8] Use of undefined constant id - assumed 'id' E:\xampp\htdocs\thinkphp\App\Admin\Controller\PositioncontentController.class.php 第 91 行.
NOTIC: [8] Undefined index: id E:\xampp\htdocs\thinkphp\App\Admin\Controller\PositioncontentController.class.php 第 91 行.
INFO: [ view_parse ] --START--
INFO: [ template_filter ] --START--
INFO: Run Behavior\ContentReplaceBehavior [ RunTime:0.000000s ]
INFO: [ template_filter ] --END-- [ RunTime:0.000000s ]
SQL: SHOW COLUMNS FROM `tp_menu` [ RunTime:0.0030s ]
SQL: SELECT * FROM `tp_menu` WHERE `status` <> -1 AND `type` = 1 ORDER BY listorder asc,menu_id desc  [ RunTime:0.0000s ]
NOTIC: [8] Undefined variable: positioncontent E:\xampp\htdocs\thinkphp\App\Runtime\Cache\Admin\79c7acd6949ac8435f996e3ca337aeb7.php 第 64 行.
NOTIC: [8] Undefined variable: positioncontent E:\xampp\htdocs\thinkphp\App\Runtime\Cache\Admin\79c7acd6949ac8435f996e3ca337aeb7.php 第 73 行.
NOTIC: [8] Undefined variable: positioncontent E:\xampp\htdocs\thinkphp\App\Runtime\Cache\Admin\79c7acd6949ac8435f996e3ca337aeb7.php 第 73 行.
NOTIC: [8] Undefined variable: positioncontent E:\xampp\htdocs\thinkphp\App\Runtime\Cache\Admin\79c7acd6949ac8435f996e3ca337aeb7.php 第 83 行.
NOTIC: [8] Undefined variable: positioncontent E:\xampp\htdocs\thinkphp\App\Runtime\Cache\Admin\79c7acd6949ac8435f996e3ca337aeb7.php 第 84 行.
NOTIC: [8] Undefined variable: positioncontent E:\xampp\htdocs\thinkphp\App\Runtime\Cache\Admin\79c7acd6949ac8435f996e3ca337aeb7.php 第 92 行.
NOTIC: [8] Undefined index: id E:\xampp\htdocs\thinkphp\App\Runtime\Cache\Admin\79c7acd6949ac8435f996e3ca337aeb7.php 第 99 行.
NOTIC: [8] Undefined variable: positioncontent E:\xampp\htdocs\thinkphp\App\Runtime\Cache\Admin\79c7acd6949ac8435f996e3ca337aeb7.php 第 100 行.
NOTIC: [8] Undefined variable: positioncontent E:\xampp\htdocs\thinkphp\App\Runtime\Cache\Admin\79c7acd6949ac8435f996e3ca337aeb7.php 第 107 行.
NOTIC: [8] Undefined variable: positioncontent E:\xampp\htdocs\thinkphp\App\Runtime\Cache\Admin\79c7acd6949ac8435f996e3ca337aeb7.php 第 107 行.
NOTIC: [8] Undefined variable: positioncontent E:\xampp\htdocs\thinkphp\App\Runtime\Cache\Admin\79c7acd6949ac8435f996e3ca337aeb7.php 第 108 行.
NOTIC: [8] Undefined variable: positioncontent E:\xampp\htdocs\thinkphp\App\Runtime\Cache\Admin\79c7acd6949ac8435f996e3ca337aeb7.php 第 115 行.
INFO: Run Behavior\ParseTemplateBehavior [ RunTime:0.031002s ]
INFO: [ view_parse ] --END-- [ RunTime:0.031002s ]
INFO: [ view_filter ] --START--
INFO: Run Behavior\WriteHtmlCacheBehavior [ RunTime:0.000000s ]
INFO: [ view_filter ] --END-- [ RunTime:0.000000s ]
INFO: [ app_end ] --START--
INFO: Run Behavior\ShowPageTraceBehavior [ RunTime:0.001000s ]
INFO: [ app_end ] --END-- [ RunTime:0.001000s ]

[ 2016-06-23T16:37:58+08:00 ] 127.0.0.1 /admin/positioncontent/
INFO: [ app_init ] --START--
INFO: Run Behavior\BuildLiteBehavior [ RunTime:0.000000s ]
INFO: [ app_init ] --END-- [ RunTime:0.000000s ]
INFO: [ app_begin ] --START--
INFO: Run Behavior\ReadHtmlCacheBehavior [ RunTime:0.001000s ]
INFO: [ app_begin ] --END-- [ RunTime:0.001000s ]
SQL: SHOW COLUMNS FROM `tp_position` [ RunTime:0.0020s ]
SQL: SELECT * FROM `tp_position` WHERE `status` = 1  [ RunTime:0.0010s ]
SQL: SHOW COLUMNS FROM `tp_position_content` [ RunTime:0.0030s ]
SQL: SELECT * FROM `tp_position_content` WHERE `position_id` = 1 AND `status` <> -1 ORDER BY listorder desc,id desc LIMIT 0,10   [ RunTime:0.0010s ]
SQL: SELECT COUNT(*) AS tp_count FROM `tp_position_content` WHERE `position_id` = 1 AND `status` <> -1 LIMIT 1   [ RunTime:0.0000s ]
INFO: [ view_parse ] --START--
INFO: [ template_filter ] --START--
INFO: Run Behavior\ContentReplaceBehavior [ RunTime:0.000000s ]
INFO: [ template_filter ] --END-- [ RunTime:0.000000s ]
SQL: SHOW COLUMNS FROM `tp_menu` [ RunTime:0.0020s ]
SQL: SELECT * FROM `tp_menu` WHERE `status` <> -1 AND `type` = 1 ORDER BY listorder asc,menu_id desc  [ RunTime:0.0000s ]
NOTIC: [8] Undefined index: title E:\xampp\htdocs\thinkphp\App\Runtime\Cache\Admin\041c7953ec01bd0fc2eb35d1a8d1e55e.php 第 74 行.
INFO: Run Behavior\ParseTemplateBehavior [ RunTime:0.024001s ]
INFO: [ view_parse ] --END-- [ RunTime:0.024001s ]
INFO: [ view_filter ] --START--
INFO: Run Behavior\WriteHtmlCacheBehavior [ RunTime:0.001000s ]
INFO: [ view_filter ] --END-- [ RunTime:0.001000s ]
INFO: [ app_end ] --START--
INFO: Run Behavior\ShowPageTraceBehavior [ RunTime:0.000000s ]
INFO: [ app_end ] --END-- [ RunTime:0.000000s ]

[ 2016-06-23T16:38:18+08:00 ] 127.0.0.1 /admin/image/ajaxuploadimage
INFO: [ app_init ] --START--
INFO: Run Behavior\BuildLiteBehavior [ RunTime:0.000000s ]
INFO: [ app_init ] --END-- [ RunTime:0.000000s ]
INFO: [ app_begin ] --START--
INFO: Run Behavior\ReadHtmlCacheBehavior [ RunTime:0.000000s ]
INFO: [ app_begin ] --END-- [ RunTime:0.000000s ]
NOTIC: [8] Use of undefined constant Y - assumed 'Y' E:\xampp\htdocs\thinkphp\App\Common\library\UploadImage.class.php 第 15 行.
NOTIC: [8] Use of undefined constant m - assumed 'm' E:\xampp\htdocs\thinkphp\App\Common\library\UploadImage.class.php 第 15 行.
NOTIC: [8] Use of undefined constant d - assumed 'd' E:\xampp\htdocs\thinkphp\App\Common\library\UploadImage.class.php 第 15 行.
NOTIC: [2] call_user_func() expects parameter 1 to be a valid callback, no array or string given E:\xampp\htdocs\thinkphp\ThinkPHP\Library\Think\Upload.class.php 第 170 行.

[ 2016-06-23T16:39:17+08:00 ] 127.0.0.1 /admin/positioncontent/add
INFO: [ app_init ] --START--
INFO: Run Behavior\BuildLiteBehavior [ RunTime:0.000000s ]
INFO: [ app_init ] --END-- [ RunTime:0.001000s ]
INFO: [ app_begin ] --START--
INFO: Run Behavior\ReadHtmlCacheBehavior [ RunTime:0.001000s ]
INFO: [ app_begin ] --END-- [ RunTime:0.001000s ]
SQL: SHOW COLUMNS FROM `tp_position` [ RunTime:0.0030s ]
SQL: SELECT * FROM `tp_position` WHERE `status` = 1  [ RunTime:0.0000s ]
SQL: SHOW COLUMNS FROM `tp_position_content` [ RunTime:0.0030s ]
SQL: INSERT INTO `tp_position_content` (`title`,`position_id`,`thumb`,`url`,`news_id`,`id`,`status`,`create_time`) VALUES ('开博了','1','/upload/2016/06/23/576b9ffa78572.JPG','','14','0','1','1466671157') [ RunTime:0.0330s ]

[ 2016-06-23T16:39:18+08:00 ] 127.0.0.1 /admin/positioncontent/index
INFO: [ app_init ] --START--
INFO: Run Behavior\BuildLiteBehavior [ RunTime:0.000000s ]
INFO: [ app_init ] --END-- [ RunTime:0.000000s ]
INFO: [ app_begin ] --START--
INFO: Run Behavior\ReadHtmlCacheBehavior [ RunTime:0.001000s ]
INFO: [ app_begin ] --END-- [ RunTime:0.001000s ]
SQL: SHOW COLUMNS FROM `tp_position` [ RunTime:0.0020s ]
SQL: SELECT * FROM `tp_position` WHERE `status` = 1  [ RunTime:0.0000s ]
SQL: SHOW COLUMNS FROM `tp_position_content` [ RunTime:0.0030s ]
SQL: SELECT * FROM `tp_position_content` WHERE `position_id` = 1 AND `status` <> -1 ORDER BY listorder desc,id desc LIMIT 0,10   [ RunTime:0.0010s ]
SQL: SELECT COUNT(*) AS tp_count FROM `tp_position_content` WHERE `position_id` = 1 AND `status` <> -1 LIMIT 1   [ RunTime:0.0000s ]
INFO: [ view_parse ] --START--
INFO: [ template_filter ] --START--
INFO: Run Behavior\ContentReplaceBehavior [ RunTime:0.000000s ]
INFO: [ template_filter ] --END-- [ RunTime:0.000000s ]
SQL: SHOW COLUMNS FROM `tp_menu` [ RunTime:0.0030s ]
SQL: SELECT * FROM `tp_menu` WHERE `status` <> -1 AND `type` = 1 ORDER BY listorder asc,menu_id desc  [ RunTime:0.0000s ]
NOTIC: [8] Undefined index: title E:\xampp\htdocs\thinkphp\App\Runtime\Cache\Admin\041c7953ec01bd0fc2eb35d1a8d1e55e.php 第 74 行.
INFO: Run Behavior\ParseTemplateBehavior [ RunTime:0.016001s ]
INFO: [ view_parse ] --END-- [ RunTime:0.016001s ]
INFO: [ view_filter ] --START--
INFO: Run Behavior\WriteHtmlCacheBehavior [ RunTime:0.000000s ]
INFO: [ view_filter ] --END-- [ RunTime:0.000000s ]
INFO: [ app_end ] --START--
INFO: Run Behavior\ShowPageTraceBehavior [ RunTime:0.001000s ]
INFO: [ app_end ] --END-- [ RunTime:0.001000s ]

[ 2016-06-23T16:39:29+08:00 ] 127.0.0.1 /admin/positioncontent/index
INFO: [ app_init ] --START--
INFO: Run Behavior\BuildLiteBehavior [ RunTime:0.000000s ]
INFO: [ app_init ] --END-- [ RunTime:0.001000s ]
INFO: [ app_begin ] --START--
INFO: Run Behavior\ReadHtmlCacheBehavior [ RunTime:0.001000s ]
INFO: [ app_begin ] --END-- [ RunTime:0.001000s ]
SQL: SHOW COLUMNS FROM `tp_position` [ RunTime:0.0020s ]
SQL: SELECT * FROM `tp_position` WHERE `status` = 1  [ RunTime:0.0000s ]
SQL: SHOW COLUMNS FROM `tp_position_content` [ RunTime:0.0020s ]
SQL: SELECT * FROM `tp_position_content` WHERE `position_id` = 1 AND `status` <> -1 ORDER BY listorder desc,id desc LIMIT 0,10   [ RunTime:0.0010s ]
SQL: SELECT COUNT(*) AS tp_count FROM `tp_position_content` WHERE `position_id` = 1 AND `status` <> -1 LIMIT 1   [ RunTime:0.0000s ]
INFO: [ view_parse ] --START--
INFO: [ template_filter ] --START--
INFO: Run Behavior\ContentReplaceBehavior [ RunTime:0.000000s ]
INFO: [ template_filter ] --END-- [ RunTime:0.000000s ]
SQL: SHOW COLUMNS FROM `tp_menu` [ RunTime:0.0030s ]
SQL: SELECT * FROM `tp_menu` WHERE `status` <> -1 AND `type` = 1 ORDER BY listorder asc,menu_id desc  [ RunTime:0.0010s ]
NOTIC: [8] Undefined index: title E:\xampp\htdocs\thinkphp\App\Runtime\Cache\Admin\041c7953ec01bd0fc2eb35d1a8d1e55e.php 第 74 行.
INFO: Run Behavior\ParseTemplateBehavior [ RunTime:0.015000s ]
INFO: [ view_parse ] --END-- [ RunTime:0.015000s ]
INFO: [ view_filter ] --START--
INFO: Run Behavior\WriteHtmlCacheBehavior [ RunTime:0.000000s ]
INFO: [ view_filter ] --END-- [ RunTime:0.000000s ]
INFO: [ app_end ] --START--
INFO: Run Behavior\ShowPageTraceBehavior [ RunTime:0.001000s ]
INFO: [ app_end ] --END-- [ RunTime:0.001000s ]

[ 2016-06-23T16:39:58+08:00 ] 127.0.0.1 /admin/positioncontent/listorder
INFO: [ app_init ] --START--
INFO: Run Behavior\BuildLiteBehavior [ RunTime:0.000000s ]
INFO: [ app_init ] --END-- [ RunTime:0.000000s ]
INFO: [ app_begin ] --START--
INFO: Run Behavior\ReadHtmlCacheBehavior [ RunTime:0.000000s ]
INFO: [ app_begin ] --END-- [ RunTime:0.000000s ]
SQL: SHOW COLUMNS FROM `tp_position_content` [ RunTime:0.0030s ]
SQL: UPDATE `tp_position_content` SET `listorder`='4' WHERE ( id=9 ) [ RunTime:0.0000s ]
SQL: UPDATE `tp_position_content` SET `listorder`='3' WHERE ( id=7 ) [ RunTime:0.0000s ]
SQL: UPDATE `tp_position_content` SET `listorder`='1' WHERE ( id=6 ) [ RunTime:0.0000s ]
SQL: UPDATE `tp_position_content` SET `listorder`='5' WHERE ( id=10 ) [ RunTime:0.0010s ]

[ 2016-06-23T16:39:59+08:00 ] 127.0.0.1 /admin/positioncontent/index
INFO: [ app_init ] --START--
INFO: Run Behavior\BuildLiteBehavior [ RunTime:0.000000s ]
INFO: [ app_init ] --END-- [ RunTime:0.001000s ]
INFO: [ app_begin ] --START--
INFO: Run Behavior\ReadHtmlCacheBehavior [ RunTime:0.000000s ]
INFO: [ app_begin ] --END-- [ RunTime:0.000000s ]
SQL: SHOW COLUMNS FROM `tp_position` [ RunTime:0.0020s ]
SQL: SELECT * FROM `tp_position` WHERE `status` = 1  [ RunTime:0.0000s ]
SQL: SHOW COLUMNS FROM `tp_position_content` [ RunTime:0.0030s ]
SQL: SELECT * FROM `tp_position_content` WHERE `position_id` = 1 AND `status` <> -1 ORDER BY listorder desc,id desc LIMIT 0,10   [ RunTime:0.0010s ]
SQL: SELECT COUNT(*) AS tp_count FROM `tp_position_content` WHERE `position_id` = 1 AND `status` <> -1 LIMIT 1   [ RunTime:0.0000s ]
INFO: [ view_parse ] --START--
INFO: [ template_filter ] --START--
INFO: Run Behavior\ContentReplaceBehavior [ RunTime:0.000000s ]
INFO: [ template_filter ] --END-- [ RunTime:0.000000s ]
SQL: SHOW COLUMNS FROM `tp_menu` [ RunTime:0.0020s ]
SQL: SELECT * FROM `tp_menu` WHERE `status` <> -1 AND `type` = 1 ORDER BY listorder asc,menu_id desc  [ RunTime:0.0000s ]
NOTIC: [8] Undefined index: title E:\xampp\htdocs\thinkphp\App\Runtime\Cache\Admin\041c7953ec01bd0fc2eb35d1a8d1e55e.php 第 74 行.
INFO: Run Behavior\ParseTemplateBehavior [ RunTime:0.014001s ]
INFO: [ view_parse ] --END-- [ RunTime:0.014001s ]
INFO: [ view_filter ] --START--
INFO: Run Behavior\WriteHtmlCacheBehavior [ RunTime:0.001000s ]
INFO: [ view_filter ] --END-- [ RunTime:0.001000s ]
INFO: [ app_end ] --START--
INFO: Run Behavior\ShowPageTraceBehavior [ RunTime:0.000000s ]
INFO: [ app_end ] --END-- [ RunTime:0.000000s ]

[ 2016-06-23T16:40:12+08:00 ] 127.0.0.1 /admin/positioncontent/listorder
INFO: [ app_init ] --START--
INFO: Run Behavior\BuildLiteBehavior [ RunTime:0.000000s ]
INFO: [ app_init ] --END-- [ RunTime:0.001000s ]
INFO: [ app_begin ] --START--
INFO: Run Behavior\ReadHtmlCacheBehavior [ RunTime:0.000000s ]
INFO: [ app_begin ] --END-- [ RunTime:0.000000s ]
SQL: SHOW COLUMNS FROM `tp_position_content` [ RunTime:0.0030s ]
SQL: UPDATE `tp_position_content` SET `listorder`='5' WHERE ( id=10 ) [ RunTime:0.0010s ]
SQL: UPDATE `tp_position_content` SET `listorder`='4' WHERE ( id=9 ) [ RunTime:0.0000s ]
SQL: UPDATE `tp_position_content` SET `listorder`='3' WHERE ( id=7 ) [ RunTime:0.0000s ]
SQL: UPDATE `tp_position_content` SET `listorder`='1' WHERE ( id=6 ) [ RunTime:0.0010s ]

[ 2016-06-23T16:40:13+08:00 ] 127.0.0.1 /admin/positioncontent/index
INFO: [ app_init ] --START--
INFO: Run Behavior\BuildLiteBehavior [ RunTime:0.000000s ]
INFO: [ app_init ] --END-- [ RunTime:0.000000s ]
INFO: [ app_begin ] --START--
INFO: Run Behavior\ReadHtmlCacheBehavior [ RunTime:0.001000s ]
INFO: [ app_begin ] --END-- [ RunTime:0.001000s ]
SQL: SHOW COLUMNS FROM `tp_position` [ RunTime:0.0030s ]
SQL: SELECT * FROM `tp_position` WHERE `status` = 1  [ RunTime:0.0010s ]
SQL: SHOW COLUMNS FROM `tp_position_content` [ RunTime:0.0030s ]
SQL: SELECT * FROM `tp_position_content` WHERE `position_id` = 1 AND `status` <> -1 ORDER BY listorder desc,id desc LIMIT 0,10   [ RunTime:0.0000s ]
SQL: SELECT COUNT(*) AS tp_count FROM `tp_position_content` WHERE `position_id` = 1 AND `status` <> -1 LIMIT 1   [ RunTime:0.0000s ]
INFO: [ view_parse ] --START--
INFO: [ template_filter ] --START--
INFO: Run Behavior\ContentReplaceBehavior [ RunTime:0.000000s ]
INFO: [ template_filter ] --END-- [ RunTime:0.000000s ]
SQL: SHOW COLUMNS FROM `tp_menu` [ RunTime:0.0020s ]
SQL: SELECT * FROM `tp_menu` WHERE `status` <> -1 AND `type` = 1 ORDER BY listorder asc,menu_id desc  [ RunTime:0.0000s ]
NOTIC: [8] Undefined index: title E:\xampp\htdocs\thinkphp\App\Runtime\Cache\Admin\041c7953ec01bd0fc2eb35d1a8d1e55e.php 第 74 行.
INFO: Run Behavior\ParseTemplateBehavior [ RunTime:0.014001s ]
INFO: [ view_parse ] --END-- [ RunTime:0.014001s ]
INFO: [ view_filter ] --START--
INFO: Run Behavior\WriteHtmlCacheBehavior [ RunTime:0.001000s ]
INFO: [ view_filter ] --END-- [ RunTime:0.001000s ]
INFO: [ app_end ] --START--
INFO: Run Behavior\ShowPageTraceBehavior [ RunTime:0.000000s ]
INFO: [ app_end ] --END-- [ RunTime:0.000000s ]

[ 2016-06-23T16:40:17+08:00 ] 127.0.0.1 /admin/positioncontent/index?positionId=2&title=
INFO: [ app_init ] --START--
INFO: Run Behavior\BuildLiteBehavior [ RunTime:0.000000s ]
INFO: [ app_init ] --END-- [ RunTime:0.000000s ]
INFO: [ app_begin ] --START--
INFO: Run Behavior\ReadHtmlCacheBehavior [ RunTime:0.000000s ]
INFO: [ app_begin ] --END-- [ RunTime:0.000000s ]
SQL: SHOW COLUMNS FROM `tp_position` [ RunTime:0.0030s ]
SQL: SELECT * FROM `tp_position` WHERE `status` = 1  [ RunTime:0.0010s ]
SQL: SHOW COLUMNS FROM `tp_position_content` [ RunTime:0.0050s ]
SQL: SELECT * FROM `tp_position_content` WHERE `position_id` = 2 AND `status` <> -1 ORDER BY listorder desc,id desc LIMIT 0,10   [ RunTime:0.0010s ]
SQL: SELECT COUNT(*) AS tp_count FROM `tp_position_content` WHERE `position_id` = 2 AND `status` <> -1 LIMIT 1   [ RunTime:0.0000s ]
INFO: [ view_parse ] --START--
INFO: [ template_filter ] --START--
INFO: Run Behavior\ContentReplaceBehavior [ RunTime:0.000000s ]
INFO: [ template_filter ] --END-- [ RunTime:0.000000s ]
SQL: SHOW COLUMNS FROM `tp_menu` [ RunTime:0.0030s ]
SQL: SELECT * FROM `tp_menu` WHERE `status` <> -1 AND `type` = 1 ORDER BY listorder asc,menu_id desc  [ RunTime:0.0010s ]
INFO: Run Behavior\ParseTemplateBehavior [ RunTime:0.024001s ]
INFO: [ view_parse ] --END-- [ RunTime:0.024001s ]
INFO: [ view_filter ] --START--
INFO: Run Behavior\WriteHtmlCacheBehavior [ RunTime:0.000000s ]
INFO: [ view_filter ] --END-- [ RunTime:0.000000s ]
INFO: [ app_end ] --START--
INFO: Run Behavior\ShowPageTraceBehavior [ RunTime:0.001000s ]
INFO: [ app_end ] --END-- [ RunTime:0.001000s ]

[ 2016-06-23T16:40:23+08:00 ] 127.0.0.1 /admin/positioncontent/index?positionId=1&title=
INFO: [ app_init ] --START--
INFO: Run Behavior\BuildLiteBehavior [ RunTime:0.000000s ]
INFO: [ app_init ] --END-- [ RunTime:0.000000s ]
INFO: [ app_begin ] --START--
INFO: Run Behavior\ReadHtmlCacheBehavior [ RunTime:0.000000s ]
INFO: [ app_begin ] --END-- [ RunTime:0.000000s ]
SQL: SHOW COLUMNS FROM `tp_position` [ RunTime:0.0030s ]
SQL: SELECT * FROM `tp_position` WHERE `status` = 1  [ RunTime:0.0000s ]
SQL: SHOW COLUMNS FROM `tp_position_content` [ RunTime:0.0030s ]
SQL: SELECT * FROM `tp_position_content` WHERE `position_id` = 1 AND `status` <> -1 ORDER BY listorder desc,id desc LIMIT 0,10   [ RunTime:0.0010s ]
SQL: SELECT COUNT(*) AS tp_count FROM `tp_position_content` WHERE `position_id` = 1 AND `status` <> -1 LIMIT 1   [ RunTime:0.0000s ]
INFO: [ view_parse ] --START--
INFO: [ template_filter ] --START--
INFO: Run Behavior\ContentReplaceBehavior [ RunTime:0.000000s ]
INFO: [ template_filter ] --END-- [ RunTime:0.000000s ]
SQL: SHOW COLUMNS FROM `tp_menu` [ RunTime:0.0030s ]
SQL: SELECT * FROM `tp_menu` WHERE `status` <> -1 AND `type` = 1 ORDER BY listorder asc,menu_id desc  [ RunTime:0.0000s ]
INFO: Run Behavior\ParseTemplateBehavior [ RunTime:0.014001s ]
INFO: [ view_parse ] --END-- [ RunTime:0.015001s ]
INFO: [ view_filter ] --START--
INFO: Run Behavior\WriteHtmlCacheBehavior [ RunTime:0.000000s ]
INFO: [ view_filter ] --END-- [ RunTime:0.000000s ]
INFO: [ app_end ] --START--
INFO: Run Behavior\ShowPageTraceBehavior [ RunTime:0.001000s ]
INFO: [ app_end ] --END-- [ RunTime:0.001000s ]

[ 2016-06-23T16:41:00+08:00 ] 127.0.0.1 /admin/position/index
INFO: [ app_init ] --START--
INFO: Run Behavior\BuildLiteBehavior [ RunTime:0.000000s ]
INFO: [ app_init ] --END-- [ RunTime:0.001000s ]
INFO: [ app_begin ] --START--
INFO: Run Behavior\ReadHtmlCacheBehavior [ RunTime:0.000000s ]
INFO: [ app_begin ] --END-- [ RunTime:0.000000s ]
SQL: SHOW COLUMNS FROM `tp_position` [ RunTime:0.0020s ]
SQL: SELECT * FROM `tp_position` WHERE `status` <> -1 LIMIT 0,10   [ RunTime:0.0000s ]
SQL: SELECT COUNT(*) AS tp_count FROM `tp_position` LIMIT 1   [ RunTime:0.0000s ]
INFO: [ view_parse ] --START--
INFO: [ template_filter ] --START--
INFO: Run Behavior\ContentReplaceBehavior [ RunTime:0.000000s ]
INFO: [ template_filter ] --END-- [ RunTime:0.000000s ]
SQL: SHOW COLUMNS FROM `tp_menu` [ RunTime:0.0030s ]
SQL: SELECT * FROM `tp_menu` WHERE `status` <> -1 AND `type` = 1 ORDER BY listorder asc,menu_id desc  [ RunTime:0.0010s ]
INFO: Run Behavior\ParseTemplateBehavior [ RunTime:0.013001s ]
INFO: [ view_parse ] --END-- [ RunTime:0.013001s ]
INFO: [ view_filter ] --START--
INFO: Run Behavior\WriteHtmlCacheBehavior [ RunTime:0.000000s ]
INFO: [ view_filter ] --END-- [ RunTime:0.000000s ]
INFO: [ app_end ] --START--
INFO: Run Behavior\ShowPageTraceBehavior [ RunTime:0.001000s ]
INFO: [ app_end ] --END-- [ RunTime:0.001000s ]

[ 2016-06-23T16:41:05+08:00 ] 127.0.0.1 /admin/positioncontent/index
INFO: [ app_init ] --START--
INFO: Run Behavior\BuildLiteBehavior [ RunTime:0.000000s ]
INFO: [ app_init ] --END-- [ RunTime:0.000000s ]
INFO: [ app_begin ] --START--
INFO: Run Behavior\ReadHtmlCacheBehavior [ RunTime:0.001000s ]
INFO: [ app_begin ] --END-- [ RunTime:0.001000s ]
SQL: SHOW COLUMNS FROM `tp_position` [ RunTime:0.0030s ]
SQL: SELECT * FROM `tp_position` WHERE `status` = 1  [ RunTime:0.0010s ]
SQL: SHOW COLUMNS FROM `tp_position_content` [ RunTime:0.0030s ]
SQL: SELECT * FROM `tp_position_content` WHERE `position_id` = 1 AND `status` <> -1 ORDER BY listorder desc,id desc LIMIT 0,10   [ RunTime:0.0010s ]
SQL: SELECT COUNT(*) AS tp_count FROM `tp_position_content` WHERE `position_id` = 1 AND `status` <> -1 LIMIT 1   [ RunTime:0.0010s ]
INFO: [ view_parse ] --START--
INFO: [ template_filter ] --START--
INFO: Run Behavior\ContentReplaceBehavior [ RunTime:0.000000s ]
INFO: [ template_filter ] --END-- [ RunTime:0.000000s ]
SQL: SHOW COLUMNS FROM `tp_menu` [ RunTime:0.0020s ]
SQL: SELECT * FROM `tp_menu` WHERE `status` <> -1 AND `type` = 1 ORDER BY listorder asc,menu_id desc  [ RunTime:0.0010s ]
NOTIC: [8] Undefined index: title E:\xampp\htdocs\thinkphp\App\Runtime\Cache\Admin\041c7953ec01bd0fc2eb35d1a8d1e55e.php 第 74 行.
INFO: Run Behavior\ParseTemplateBehavior [ RunTime:0.015001s ]
INFO: [ view_parse ] --END-- [ RunTime:0.015001s ]
INFO: [ view_filter ] --START--
INFO: Run Behavior\WriteHtmlCacheBehavior [ RunTime:0.000000s ]
INFO: [ view_filter ] --END-- [ RunTime:0.000000s ]
INFO: [ app_end ] --START--
INFO: Run Behavior\ShowPageTraceBehavior [ RunTime:0.000000s ]
INFO: [ app_end ] --END-- [ RunTime:0.000000s ]

[ 2016-06-23T16:41:11+08:00 ] 127.0.0.1 /admin/positioncontent/index?positionId=2&title=
INFO: [ app_init ] --START--
INFO: Run Behavior\BuildLiteBehavior [ RunTime:0.000000s ]
INFO: [ app_init ] --END-- [ RunTime:0.000000s ]
INFO: [ app_begin ] --START--
INFO: Run Behavior\ReadHtmlCacheBehavior [ RunTime:0.001000s ]
INFO: [ app_begin ] --END-- [ RunTime:0.001000s ]
SQL: SHOW COLUMNS FROM `tp_position` [ RunTime:0.0030s ]
SQL: SELECT * FROM `tp_position` WHERE `status` = 1  [ RunTime:0.0010s ]
SQL: SHOW COLUMNS FROM `tp_position_content` [ RunTime:0.0040s ]
SQL: SELECT * FROM `tp_position_content` WHERE `position_id` = 2 AND `status` <> -1 ORDER BY listorder desc,id desc LIMIT 0,10   [ RunTime:0.0010s ]
SQL: SELECT COUNT(*) AS tp_count FROM `tp_position_content` WHERE `position_id` = 2 AND `status` <> -1 LIMIT 1   [ RunTime:0.0000s ]
INFO: [ view_parse ] --START--
INFO: [ template_filter ] --START--
INFO: Run Behavior\ContentReplaceBehavior [ RunTime:0.000000s ]
INFO: [ template_filter ] --END-- [ RunTime:0.000000s ]
SQL: SHOW COLUMNS FROM `tp_menu` [ RunTime:0.0030s ]
SQL: SELECT * FROM `tp_menu` WHERE `status` <> -1 AND `type` = 1 ORDER BY listorder asc,menu_id desc  [ RunTime:0.0010s ]
INFO: Run Behavior\ParseTemplateBehavior [ RunTime:0.015001s ]
INFO: [ view_parse ] --END-- [ RunTime:0.015001s ]
INFO: [ view_filter ] --START--
INFO: Run Behavior\WriteHtmlCacheBehavior [ RunTime:0.000000s ]
INFO: [ view_filter ] --END-- [ RunTime:0.000000s ]
INFO: [ app_end ] --START--
INFO: Run Behavior\ShowPageTraceBehavior [ RunTime:0.001000s ]
INFO: [ app_end ] --END-- [ RunTime:0.001000s ]

[ 2016-06-23T16:41:38+08:00 ] 127.0.0.1 /admin/position/index
INFO: [ app_init ] --START--
INFO: Run Behavior\BuildLiteBehavior [ RunTime:0.000000s ]
INFO: [ app_init ] --END-- [ RunTime:0.000000s ]
INFO: [ app_begin ] --START--
INFO: Run Behavior\ReadHtmlCacheBehavior [ RunTime:0.000000s ]
INFO: [ app_begin ] --END-- [ RunTime:0.000000s ]
SQL: SHOW COLUMNS FROM `tp_position` [ RunTime:0.0030s ]
SQL: SELECT * FROM `tp_position` WHERE `status` <> -1 LIMIT 0,10   [ RunTime:0.0000s ]
SQL: SELECT COUNT(*) AS tp_count FROM `tp_position` LIMIT 1   [ RunTime:0.0000s ]
INFO: [ view_parse ] --START--
INFO: [ template_filter ] --START--
INFO: Run Behavior\ContentReplaceBehavior [ RunTime:0.000000s ]
INFO: [ template_filter ] --END-- [ RunTime:0.000000s ]
SQL: SHOW COLUMNS FROM `tp_menu` [ RunTime:0.0020s ]
SQL: SELECT * FROM `tp_menu` WHERE `status` <> -1 AND `type` = 1 ORDER BY listorder asc,menu_id desc  [ RunTime:0.0000s ]
INFO: Run Behavior\ParseTemplateBehavior [ RunTime:0.012001s ]
INFO: [ view_parse ] --END-- [ RunTime:0.012001s ]
INFO: [ view_filter ] --START--
INFO: Run Behavior\WriteHtmlCacheBehavior [ RunTime:0.001000s ]
INFO: [ view_filter ] --END-- [ RunTime:0.001000s ]
INFO: [ app_end ] --START--
INFO: Run Behavior\ShowPageTraceBehavior [ RunTime:0.000000s ]
INFO: [ app_end ] --END-- [ RunTime:0.000000s ]

[ 2016-06-23T16:46:23+08:00 ] 127.0.0.1 /admin/positioncontent/index
INFO: [ app_init ] --START--
INFO: Run Behavior\BuildLiteBehavior [ RunTime:0.000000s ]
INFO: [ app_init ] --END-- [ RunTime:0.001000s ]
INFO: [ app_begin ] --START--
INFO: Run Behavior\ReadHtmlCacheBehavior [ RunTime:0.001000s ]
INFO: [ app_begin ] --END-- [ RunTime:0.002000s ]
SQL: SHOW COLUMNS FROM `tp_position` [ RunTime:0.0030s ]
SQL: SELECT * FROM `tp_position` WHERE `status` = 1  [ RunTime:0.0010s ]
SQL: SHOW COLUMNS FROM `tp_position_content` [ RunTime:0.0030s ]
SQL: SELECT * FROM `tp_position_content` WHERE `position_id` = 1 AND `status` <> -1 ORDER BY listorder desc,id desc LIMIT 0,10   [ RunTime:0.0010s ]
SQL: SELECT COUNT(*) AS tp_count FROM `tp_position_content` WHERE `position_id` = 1 AND `status` <> -1 LIMIT 1   [ RunTime:0.0010s ]
INFO: [ view_parse ] --START--
INFO: [ template_filter ] --START--
INFO: Run Behavior\ContentReplaceBehavior [ RunTime:0.000000s ]
INFO: [ template_filter ] --END-- [ RunTime:0.000000s ]
SQL: SHOW COLUMNS FROM `tp_menu` [ RunTime:0.0020s ]
SQL: SELECT * FROM `tp_menu` WHERE `status` <> -1 AND `type` = 1 ORDER BY listorder asc,menu_id desc  [ RunTime:0.0000s ]
NOTIC: [8] Undefined index: title E:\xampp\htdocs\thinkphp\App\Runtime\Cache\Admin\041c7953ec01bd0fc2eb35d1a8d1e55e.php 第 74 行.
INFO: Run Behavior\ParseTemplateBehavior [ RunTime:0.021001s ]
INFO: [ view_parse ] --END-- [ RunTime:0.021001s ]
INFO: [ view_filter ] --START--
INFO: Run Behavior\WriteHtmlCacheBehavior [ RunTime:0.001000s ]
INFO: [ view_filter ] --END-- [ RunTime:0.001000s ]
INFO: [ app_end ] --START--
INFO: Run Behavior\ShowPageTraceBehavior [ RunTime:0.001000s ]
INFO: [ app_end ] --END-- [ RunTime:0.001000s ]

[ 2016-06-23T16:46:26+08:00 ] 127.0.0.1 /admin/positioncontent/add?id=10
INFO: [ app_init ] --START--
INFO: Run Behavior\BuildLiteBehavior [ RunTime:0.000000s ]
INFO: [ app_init ] --END-- [ RunTime:0.001000s ]
INFO: [ app_begin ] --START--
INFO: Run Behavior\ReadHtmlCacheBehavior [ RunTime:0.001000s ]
INFO: [ app_begin ] --END-- [ RunTime:0.001000s ]
SQL: SHOW COLUMNS FROM `tp_position` [ RunTime:0.0030s ]
SQL: SELECT * FROM `tp_position` WHERE `status` = 1  [ RunTime:0.0000s ]
NOTIC: [8] Use of undefined constant id - assumed 'id' E:\xampp\htdocs\thinkphp\App\Admin\Controller\PositioncontentController.class.php 第 91 行.
SQL: SHOW COLUMNS FROM `tp_position_content` [ RunTime:0.0030s ]
NOTIC: [8] Use of undefined constant id - assumed 'id' E:\xampp\htdocs\thinkphp\App\Admin\Controller\PositioncontentController.class.php 第 92 行.
SQL: SELECT * FROM `tp_position_content` WHERE `id` = 10 LIMIT 1   [ RunTime:0.0010s ]
INFO: [ view_parse ] --START--
INFO: [ template_filter ] --START--
INFO: Run Behavior\ContentReplaceBehavior [ RunTime:0.000000s ]
INFO: [ template_filter ] --END-- [ RunTime:0.000000s ]
SQL: SHOW COLUMNS FROM `tp_menu` [ RunTime:0.0030s ]
SQL: SELECT * FROM `tp_menu` WHERE `status` <> -1 AND `type` = 1 ORDER BY listorder asc,menu_id desc  [ RunTime:0.0010s ]
INFO: Run Behavior\ParseTemplateBehavior [ RunTime:0.015001s ]
INFO: [ view_parse ] --END-- [ RunTime:0.015001s ]
INFO: [ view_filter ] --START--
INFO: Run Behavior\WriteHtmlCacheBehavior [ RunTime:0.000000s ]
INFO: [ view_filter ] --END-- [ RunTime:0.000000s ]
INFO: [ app_end ] --START--
INFO: Run Behavior\ShowPageTraceBehavior [ RunTime:0.001000s ]
INFO: [ app_end ] --END-- [ RunTime:0.001000s ]

[ 2016-06-23T16:46:27+08:00 ] 127.0.0.1 /admin/positioncontent/
INFO: [ app_init ] --START--
INFO: Run Behavior\BuildLiteBehavior [ RunTime:0.000000s ]
INFO: [ app_init ] --END-- [ RunTime:0.000000s ]
INFO: [ app_begin ] --START--
INFO: Run Behavior\ReadHtmlCacheBehavior [ RunTime:0.000000s ]
INFO: [ app_begin ] --END-- [ RunTime:0.001000s ]
SQL: SHOW COLUMNS FROM `tp_position` [ RunTime:0.0020s ]
SQL: SELECT * FROM `tp_position` WHERE `status` = 1  [ RunTime:0.0000s ]
SQL: SHOW COLUMNS FROM `tp_position_content` [ RunTime:0.0030s ]
SQL: SELECT * FROM `tp_position_content` WHERE `position_id` = 1 AND `status` <> -1 ORDER BY listorder desc,id desc LIMIT 0,10   [ RunTime:0.0000s ]
SQL: SELECT COUNT(*) AS tp_count FROM `tp_position_content` WHERE `position_id` = 1 AND `status` <> -1 LIMIT 1   [ RunTime:0.0000s ]
INFO: [ view_parse ] --START--
INFO: [ template_filter ] --START--
INFO: Run Behavior\ContentReplaceBehavior [ RunTime:0.000000s ]
INFO: [ template_filter ] --END-- [ RunTime:0.000000s ]
SQL: SHOW COLUMNS FROM `tp_menu` [ RunTime:0.0030s ]
SQL: SELECT * FROM `tp_menu` WHERE `status` <> -1 AND `type` = 1 ORDER BY listorder asc,menu_id desc  [ RunTime:0.0010s ]
NOTIC: [8] Undefined index: title E:\xampp\htdocs\thinkphp\App\Runtime\Cache\Admin\041c7953ec01bd0fc2eb35d1a8d1e55e.php 第 74 行.
INFO: Run Behavior\ParseTemplateBehavior [ RunTime:0.016001s ]
INFO: [ view_parse ] --END-- [ RunTime:0.016001s ]
INFO: [ view_filter ] --START--
INFO: Run Behavior\WriteHtmlCacheBehavior [ RunTime:0.000000s ]
INFO: [ view_filter ] --END-- [ RunTime:0.000000s ]
INFO: [ app_end ] --START--
INFO: Run Behavior\ShowPageTraceBehavior [ RunTime:0.000000s ]
INFO: [ app_end ] --END-- [ RunTime:0.000000s ]

[ 2016-06-23T16:47:00+08:00 ] 127.0.0.1 /admin/positioncontent/add
INFO: [ app_init ] --START--
INFO: Run Behavior\BuildLiteBehavior [ RunTime:0.000000s ]
INFO: [ app_init ] --END-- [ RunTime:0.001000s ]
INFO: [ app_begin ] --START--
INFO: Run Behavior\ReadHtmlCacheBehavior [ RunTime:0.001001s ]
INFO: [ app_begin ] --END-- [ RunTime:0.001001s ]
SQL: SHOW COLUMNS FROM `tp_position` [ RunTime:0.0030s ]
SQL: SELECT * FROM `tp_position` WHERE `status` = 1  [ RunTime:0.0010s ]
NOTIC: [8] Undefined variable: news_id E:\xampp\htdocs\thinkphp\App\Admin\Controller\PositioncontentController.class.php 第 62 行.

[ 2016-06-23T16:47:15+08:00 ] 127.0.0.1 /admin/positioncontent/add?id=10
INFO: [ app_init ] --START--
INFO: Run Behavior\BuildLiteBehavior [ RunTime:0.000000s ]
INFO: [ app_init ] --END-- [ RunTime:0.001000s ]
INFO: [ app_begin ] --START--
INFO: Run Behavior\ReadHtmlCacheBehavior [ RunTime:0.001000s ]
INFO: [ app_begin ] --END-- [ RunTime:0.001000s ]
SQL: SHOW COLUMNS FROM `tp_position` [ RunTime:0.0030s ]
SQL: SELECT * FROM `tp_position` WHERE `status` = 1  [ RunTime:0.0010s ]
NOTIC: [8] Use of undefined constant id - assumed 'id' E:\xampp\htdocs\thinkphp\App\Admin\Controller\PositioncontentController.class.php 第 91 行.
SQL: SHOW COLUMNS FROM `tp_position_content` [ RunTime:0.0020s ]
NOTIC: [8] Use of undefined constant id - assumed 'id' E:\xampp\htdocs\thinkphp\App\Admin\Controller\PositioncontentController.class.php 第 92 行.
SQL: SELECT * FROM `tp_position_content` WHERE `id` = 10 LIMIT 1   [ RunTime:0.0010s ]
INFO: [ view_parse ] --START--
INFO: [ template_filter ] --START--
INFO: Run Behavior\ContentReplaceBehavior [ RunTime:0.000000s ]
INFO: [ template_filter ] --END-- [ RunTime:0.000000s ]
SQL: SHOW COLUMNS FROM `tp_menu` [ RunTime:0.0030s ]
SQL: SELECT * FROM `tp_menu` WHERE `status` <> -1 AND `type` = 1 ORDER BY listorder asc,menu_id desc  [ RunTime:0.0000s ]
INFO: Run Behavior\ParseTemplateBehavior [ RunTime:0.015001s ]
INFO: [ view_parse ] --END-- [ RunTime:0.015001s ]
INFO: [ view_filter ] --START--
INFO: Run Behavior\WriteHtmlCacheBehavior [ RunTime:0.000000s ]
INFO: [ view_filter ] --END-- [ RunTime:0.000000s ]
INFO: [ app_end ] --START--
INFO: Run Behavior\ShowPageTraceBehavior [ RunTime:0.001000s ]
INFO: [ app_end ] --END-- [ RunTime:0.001000s ]

[ 2016-06-23T16:47:16+08:00 ] 127.0.0.1 /admin/positioncontent/
INFO: [ app_init ] --START--
INFO: Run Behavior\BuildLiteBehavior [ RunTime:0.000000s ]
INFO: [ app_init ] --END-- [ RunTime:0.000000s ]
INFO: [ app_begin ] --START--
INFO: Run Behavior\ReadHtmlCacheBehavior [ RunTime:0.000000s ]
INFO: [ app_begin ] --END-- [ RunTime:0.000000s ]
SQL: SHOW COLUMNS FROM `tp_position` [ RunTime:0.0030s ]
SQL: SELECT * FROM `tp_position` WHERE `status` = 1  [ RunTime:0.0000s ]
SQL: SHOW COLUMNS FROM `tp_position_content` [ RunTime:0.0030s ]
SQL: SELECT * FROM `tp_position_content` WHERE `position_id` = 1 AND `status` <> -1 ORDER BY listorder desc,id desc LIMIT 0,10   [ RunTime:0.0010s ]
SQL: SELECT COUNT(*) AS tp_count FROM `tp_position_content` WHERE `position_id` = 1 AND `status` <> -1 LIMIT 1   [ RunTime:0.0000s ]
INFO: [ view_parse ] --START--
INFO: [ template_filter ] --START--
INFO: Run Behavior\ContentReplaceBehavior [ RunTime:0.000000s ]
INFO: [ template_filter ] --END-- [ RunTime:0.000000s ]
SQL: SHOW COLUMNS FROM `tp_menu` [ RunTime:0.0030s ]
SQL: SELECT * FROM `tp_menu` WHERE `status` <> -1 AND `type` = 1 ORDER BY listorder asc,menu_id desc  [ RunTime:0.0010s ]
NOTIC: [8] Undefined index: title E:\xampp\htdocs\thinkphp\App\Runtime\Cache\Admin\041c7953ec01bd0fc2eb35d1a8d1e55e.php 第 74 行.
INFO: Run Behavior\ParseTemplateBehavior [ RunTime:0.017001s ]
INFO: [ view_parse ] --END-- [ RunTime:0.017001s ]
INFO: [ view_filter ] --START--
INFO: Run Behavior\WriteHtmlCacheBehavior [ RunTime:0.000000s ]
INFO: [ view_filter ] --END-- [ RunTime:0.000000s ]
INFO: [ app_end ] --START--
INFO: Run Behavior\ShowPageTraceBehavior [ RunTime:0.001000s ]
INFO: [ app_end ] --END-- [ RunTime:0.001000s ]

[ 2016-06-23T16:47:44+08:00 ] 127.0.0.1 /admin/positioncontent/add
INFO: [ app_init ] --START--
INFO: Run Behavior\BuildLiteBehavior [ RunTime:0.001000s ]
INFO: [ app_init ] --END-- [ RunTime:0.001000s ]
INFO: [ app_begin ] --START--
INFO: Run Behavior\ReadHtmlCacheBehavior [ RunTime:0.001000s ]
INFO: [ app_begin ] --END-- [ RunTime:0.001000s ]
SQL: SHOW COLUMNS FROM `tp_position` [ RunTime:0.0030s ]
SQL: SELECT * FROM `tp_position` WHERE `status` = 1  [ RunTime:0.0010s ]
NOTIC: [8] Undefined variable: news_id E:\xampp\htdocs\thinkphp\App\Admin\Controller\PositioncontentController.class.php 第 62 行.

[ 2016-06-23T16:49:53+08:00 ] 127.0.0.1 /admin/positioncontent/index
INFO: [ app_init ] --START--
INFO: Run Behavior\BuildLiteBehavior [ RunTime:0.001000s ]
INFO: [ app_init ] --END-- [ RunTime:0.001000s ]
INFO: [ app_begin ] --START--
INFO: Run Behavior\ReadHtmlCacheBehavior [ RunTime:0.000000s ]
INFO: [ app_begin ] --END-- [ RunTime:0.000000s ]
SQL: SHOW COLUMNS FROM `tp_position` [ RunTime:0.0030s ]
SQL: SELECT * FROM `tp_position` WHERE `status` = 1  [ RunTime:0.0010s ]
SQL: SHOW COLUMNS FROM `tp_position_content` [ RunTime:0.0030s ]
SQL: SELECT * FROM `tp_position_content` WHERE `position_id` = 1 AND `status` <> -1 ORDER BY listorder desc,id desc LIMIT 0,10   [ RunTime:0.0010s ]
SQL: SELECT COUNT(*) AS tp_count FROM `tp_position_content` WHERE `position_id` = 1 AND `status` <> -1 LIMIT 1   [ RunTime:0.0000s ]
INFO: [ view_parse ] --START--
INFO: [ template_filter ] --START--
INFO: Run Behavior\ContentReplaceBehavior [ RunTime:0.000000s ]
INFO: [ template_filter ] --END-- [ RunTime:0.001000s ]
SQL: SHOW COLUMNS FROM `tp_menu` [ RunTime:0.0020s ]
SQL: SELECT * FROM `tp_menu` WHERE `status` <> -1 AND `type` = 1 ORDER BY listorder asc,menu_id desc  [ RunTime:0.0000s ]
NOTIC: [8] Undefined index: title E:\xampp\htdocs\thinkphp\App\Runtime\Cache\Admin\041c7953ec01bd0fc2eb35d1a8d1e55e.php 第 74 行.
INFO: Run Behavior\ParseTemplateBehavior [ RunTime:0.015001s ]
INFO: [ view_parse ] --END-- [ RunTime:0.015001s ]
INFO: [ view_filter ] --START--
INFO: Run Behavior\WriteHtmlCacheBehavior [ RunTime:0.001000s ]
INFO: [ view_filter ] --END-- [ RunTime:0.001000s ]
INFO: [ app_end ] --START--
INFO: Run Behavior\ShowPageTraceBehavior [ RunTime:0.001000s ]
INFO: [ app_end ] --END-- [ RunTime:0.001000s ]

[ 2016-06-23T16:49:54+08:00 ] 127.0.0.1 /admin/positioncontent/add
INFO: [ app_init ] --START--
INFO: Run Behavior\BuildLiteBehavior [ RunTime:0.000000s ]
INFO: [ app_init ] --END-- [ RunTime:0.000000s ]
INFO: [ app_begin ] --START--
INFO: Run Behavior\ReadHtmlCacheBehavior [ RunTime:0.000000s ]
INFO: [ app_begin ] --END-- [ RunTime:0.000000s ]
SQL: SHOW COLUMNS FROM `tp_position` [ RunTime:0.0040s ]
SQL: SELECT * FROM `tp_position` WHERE `status` = 1  [ RunTime:0.0010s ]
NOTIC: [8] Use of undefined constant id - assumed 'id' E:\xampp\htdocs\thinkphp\App\Admin\Controller\PositioncontentController.class.php 第 91 行.
NOTIC: [8] Undefined index: id E:\xampp\htdocs\thinkphp\App\Admin\Controller\PositioncontentController.class.php 第 91 行.
INFO: [ view_parse ] --START--
INFO: [ template_filter ] --START--
INFO: Run Behavior\ContentReplaceBehavior [ RunTime:0.000000s ]
INFO: [ template_filter ] --END-- [ RunTime:0.000000s ]
SQL: SHOW COLUMNS FROM `tp_menu` [ RunTime:0.0030s ]
SQL: SELECT * FROM `tp_menu` WHERE `status` <> -1 AND `type` = 1 ORDER BY listorder asc,menu_id desc  [ RunTime:0.0010s ]
NOTIC: [8] Undefined variable: positioncontent E:\xampp\htdocs\thinkphp\App\Runtime\Cache\Admin\79c7acd6949ac8435f996e3ca337aeb7.php 第 64 行.
NOTIC: [8] Undefined variable: positioncontent E:\xampp\htdocs\thinkphp\App\Runtime\Cache\Admin\79c7acd6949ac8435f996e3ca337aeb7.php 第 73 行.
NOTIC: [8] Undefined variable: positioncontent E:\xampp\htdocs\thinkphp\App\Runtime\Cache\Admin\79c7acd6949ac8435f996e3ca337aeb7.php 第 73 行.
NOTIC: [8] Undefined variable: positioncontent E:\xampp\htdocs\thinkphp\App\Runtime\Cache\Admin\79c7acd6949ac8435f996e3ca337aeb7.php 第 83 行.
NOTIC: [8] Undefined variable: positioncontent E:\xampp\htdocs\thinkphp\App\Runtime\Cache\Admin\79c7acd6949ac8435f996e3ca337aeb7.php 第 84 行.
NOTIC: [8] Undefined variable: positioncontent E:\xampp\htdocs\thinkphp\App\Runtime\Cache\Admin\79c7acd6949ac8435f996e3ca337aeb7.php 第 92 行.
NOTIC: [8] Undefined index: id E:\xampp\htdocs\thinkphp\App\Runtime\Cache\Admin\79c7acd6949ac8435f996e3ca337aeb7.php 第 99 行.
NOTIC: [8] Undefined variable: positioncontent E:\xampp\htdocs\thinkphp\App\Runtime\Cache\Admin\79c7acd6949ac8435f996e3ca337aeb7.php 第 100 行.
NOTIC: [8] Undefined variable: positioncontent E:\xampp\htdocs\thinkphp\App\Runtime\Cache\Admin\79c7acd6949ac8435f996e3ca337aeb7.php 第 107 行.
NOTIC: [8] Undefined variable: positioncontent E:\xampp\htdocs\thinkphp\App\Runtime\Cache\Admin\79c7acd6949ac8435f996e3ca337aeb7.php 第 107 行.
NOTIC: [8] Undefined variable: positioncontent E:\xampp\htdocs\thinkphp\App\Runtime\Cache\Admin\79c7acd6949ac8435f996e3ca337aeb7.php 第 108 行.
NOTIC: [8] Undefined variable: positioncontent E:\xampp\htdocs\thinkphp\App\Runtime\Cache\Admin\79c7acd6949ac8435f996e3ca337aeb7.php 第 115 行.
INFO: Run Behavior\ParseTemplateBehavior [ RunTime:0.014001s ]
INFO: [ view_parse ] --END-- [ RunTime:0.014001s ]
INFO: [ view_filter ] --START--
INFO: Run Behavior\WriteHtmlCacheBehavior [ RunTime:0.001000s ]
INFO: [ view_filter ] --END-- [ RunTime:0.001000s ]
INFO: [ app_end ] --START--
INFO: Run Behavior\ShowPageTraceBehavior [ RunTime:0.001000s ]
INFO: [ app_end ] --END-- [ RunTime:0.001000s ]

[ 2016-06-23T16:49:55+08:00 ] 127.0.0.1 /admin/positioncontent/
INFO: [ app_init ] --START--
INFO: Run Behavior\BuildLiteBehavior [ RunTime:0.000000s ]
INFO: [ app_init ] --END-- [ RunTime:0.000000s ]
INFO: [ app_begin ] --START--
INFO: Run Behavior\ReadHtmlCacheBehavior [ RunTime:0.000000s ]
INFO: [ app_begin ] --END-- [ RunTime:0.000000s ]
SQL: SHOW COLUMNS FROM `tp_position` [ RunTime:0.0030s ]
SQL: SELECT * FROM `tp_position` WHERE `status` = 1  [ RunTime:0.0010s ]
SQL: SHOW COLUMNS FROM `tp_position_content` [ RunTime:0.0020s ]
SQL: SELECT * FROM `tp_position_content` WHERE `position_id` = 1 AND `status` <> -1 ORDER BY listorder desc,id desc LIMIT 0,10   [ RunTime:0.0000s ]
SQL: SELECT COUNT(*) AS tp_count FROM `tp_position_content` WHERE `position_id` = 1 AND `status` <> -1 LIMIT 1   [ RunTime:0.0010s ]
INFO: [ view_parse ] --START--
INFO: [ template_filter ] --START--
INFO: Run Behavior\ContentReplaceBehavior [ RunTime:0.000000s ]
INFO: [ template_filter ] --END-- [ RunTime:0.000000s ]
SQL: SHOW COLUMNS FROM `tp_menu` [ RunTime:0.0030s ]
SQL: SELECT * FROM `tp_menu` WHERE `status` <> -1 AND `type` = 1 ORDER BY listorder asc,menu_id desc  [ RunTime:0.0010s ]
NOTIC: [8] Undefined index: title E:\xampp\htdocs\thinkphp\App\Runtime\Cache\Admin\041c7953ec01bd0fc2eb35d1a8d1e55e.php 第 74 行.
INFO: Run Behavior\ParseTemplateBehavior [ RunTime:0.016001s ]
INFO: [ view_parse ] --END-- [ RunTime:0.016001s ]
INFO: [ view_filter ] --START--
INFO: Run Behavior\WriteHtmlCacheBehavior [ RunTime:0.000000s ]
INFO: [ view_filter ] --END-- [ RunTime:0.000000s ]
INFO: [ app_end ] --START--
INFO: Run Behavior\ShowPageTraceBehavior [ RunTime:0.001000s ]
INFO: [ app_end ] --END-- [ RunTime:0.001000s ]

[ 2016-06-23T16:50:04+08:00 ] 127.0.0.1 /admin/positioncontent/index
INFO: [ app_init ] --START--
INFO: Run Behavior\BuildLiteBehavior [ RunTime:0.000000s ]
INFO: [ app_init ] --END-- [ RunTime:0.001000s ]
INFO: [ app_begin ] --START--
INFO: Run Behavior\ReadHtmlCacheBehavior [ RunTime:0.001000s ]
INFO: [ app_begin ] --END-- [ RunTime:0.001000s ]
SQL: SHOW COLUMNS FROM `tp_position` [ RunTime:0.0030s ]
SQL: SELECT * FROM `tp_position` WHERE `status` = 1  [ RunTime:0.0000s ]
SQL: SHOW COLUMNS FROM `tp_position_content` [ RunTime:0.0020s ]
SQL: SELECT * FROM `tp_position_content` WHERE `position_id` = 1 AND `status` <> -1 ORDER BY listorder desc,id desc LIMIT 0,10   [ RunTime:0.0000s ]
SQL: SELECT COUNT(*) AS tp_count FROM `tp_position_content` WHERE `position_id` = 1 AND `status` <> -1 LIMIT 1   [ RunTime:0.0000s ]
INFO: [ view_parse ] --START--
INFO: [ template_filter ] --START--
INFO: Run Behavior\ContentReplaceBehavior [ RunTime:0.000000s ]
INFO: [ template_filter ] --END-- [ RunTime:0.001000s ]
SQL: SHOW COLUMNS FROM `tp_menu` [ RunTime:0.0030s ]
SQL: SELECT * FROM `tp_menu` WHERE `status` <> -1 AND `type` = 1 ORDER BY listorder asc,menu_id desc  [ RunTime:0.0000s ]
NOTIC: [8] Undefined index: title E:\xampp\htdocs\thinkphp\App\Runtime\Cache\Admin\041c7953ec01bd0fc2eb35d1a8d1e55e.php 第 74 行.
INFO: Run Behavior\ParseTemplateBehavior [ RunTime:0.015001s ]
INFO: [ view_parse ] --END-- [ RunTime:0.015001s ]
INFO: [ view_filter ] --START--
INFO: Run Behavior\WriteHtmlCacheBehavior [ RunTime:0.000000s ]
INFO: [ view_filter ] --END-- [ RunTime:0.000000s ]
INFO: [ app_end ] --START--
INFO: Run Behavior\ShowPageTraceBehavior [ RunTime:0.001000s ]
INFO: [ app_end ] --END-- [ RunTime:0.001000s ]

[ 2016-06-23T16:50:08+08:00 ] 127.0.0.1 /admin/positioncontent/add?id=10
INFO: [ app_init ] --START--
INFO: Run Behavior\BuildLiteBehavior [ RunTime:0.000000s ]
INFO: [ app_init ] --END-- [ RunTime:0.000000s ]
INFO: [ app_begin ] --START--
INFO: Run Behavior\ReadHtmlCacheBehavior [ RunTime:0.000000s ]
INFO: [ app_begin ] --END-- [ RunTime:0.000000s ]
SQL: SHOW COLUMNS FROM `tp_position` [ RunTime:0.0030s ]
SQL: SELECT * FROM `tp_position` WHERE `status` = 1  [ RunTime:0.0000s ]
NOTIC: [8] Use of undefined constant id - assumed 'id' E:\xampp\htdocs\thinkphp\App\Admin\Controller\PositioncontentController.class.php 第 91 行.
SQL: SHOW COLUMNS FROM `tp_position_content` [ RunTime:0.0030s ]
NOTIC: [8] Use of undefined constant id - assumed 'id' E:\xampp\htdocs\thinkphp\App\Admin\Controller\PositioncontentController.class.php 第 92 行.
SQL: SELECT * FROM `tp_position_content` WHERE `id` = 10 LIMIT 1   [ RunTime:0.0010s ]
INFO: [ view_parse ] --START--
INFO: [ template_filter ] --START--
INFO: Run Behavior\ContentReplaceBehavior [ RunTime:0.000000s ]
INFO: [ template_filter ] --END-- [ RunTime:0.000000s ]
SQL: SHOW COLUMNS FROM `tp_menu` [ RunTime:0.0020s ]
SQL: SELECT * FROM `tp_menu` WHERE `status` <> -1 AND `type` = 1 ORDER BY listorder asc,menu_id desc  [ RunTime:0.0000s ]
INFO: Run Behavior\ParseTemplateBehavior [ RunTime:0.013001s ]
INFO: [ view_parse ] --END-- [ RunTime:0.013001s ]
INFO: [ view_filter ] --START--
INFO: Run Behavior\WriteHtmlCacheBehavior [ RunTime:0.001000s ]
INFO: [ view_filter ] --END-- [ RunTime:0.001000s ]
INFO: [ app_end ] --START--
INFO: Run Behavior\ShowPageTraceBehavior [ RunTime:0.000000s ]
INFO: [ app_end ] --END-- [ RunTime:0.000000s ]

[ 2016-06-23T16:50:09+08:00 ] 127.0.0.1 /admin/positioncontent/
INFO: [ app_init ] --START--
INFO: Run Behavior\BuildLiteBehavior [ RunTime:0.000000s ]
INFO: [ app_init ] --END-- [ RunTime:0.000000s ]
INFO: [ app_begin ] --START--
INFO: Run Behavior\ReadHtmlCacheBehavior [ RunTime:0.001000s ]
INFO: [ app_begin ] --END-- [ RunTime:0.001000s ]
SQL: SHOW COLUMNS FROM `tp_position` [ RunTime:0.0030s ]
SQL: SELECT * FROM `tp_position` WHERE `status` = 1  [ RunTime:0.0000s ]
SQL: SHOW COLUMNS FROM `tp_position_content` [ RunTime:0.0030s ]
SQL: SELECT * FROM `tp_position_content` WHERE `position_id` = 1 AND `status` <> -1 ORDER BY listorder desc,id desc LIMIT 0,10   [ RunTime:0.0000s ]
SQL: SELECT COUNT(*) AS tp_count FROM `tp_position_content` WHERE `position_id` = 1 AND `status` <> -1 LIMIT 1   [ RunTime:0.0000s ]
INFO: [ view_parse ] --START--
INFO: [ template_filter ] --START--
INFO: Run Behavior\ContentReplaceBehavior [ RunTime:0.000000s ]
INFO: [ template_filter ] --END-- [ RunTime:0.000000s ]
SQL: SHOW COLUMNS FROM `tp_menu` [ RunTime:0.0040s ]
SQL: SELECT * FROM `tp_menu` WHERE `status` <> -1 AND `type` = 1 ORDER BY listorder asc,menu_id desc  [ RunTime:0.0010s ]
NOTIC: [8] Undefined index: title E:\xampp\htdocs\thinkphp\App\Runtime\Cache\Admin\041c7953ec01bd0fc2eb35d1a8d1e55e.php 第 74 行.
INFO: Run Behavior\ParseTemplateBehavior [ RunTime:0.016001s ]
INFO: [ view_parse ] --END-- [ RunTime:0.016001s ]
INFO: [ view_filter ] --START--
INFO: Run Behavior\WriteHtmlCacheBehavior [ RunTime:0.000000s ]
INFO: [ view_filter ] --END-- [ RunTime:0.000000s ]
INFO: [ app_end ] --START--
INFO: Run Behavior\ShowPageTraceBehavior [ RunTime:0.001000s ]
INFO: [ app_end ] --END-- [ RunTime:0.001000s ]

[ 2016-06-23T16:50:33+08:00 ] 127.0.0.1 /admin/positioncontent/add
INFO: [ app_init ] --START--
INFO: Run Behavior\BuildLiteBehavior [ RunTime:0.000000s ]
INFO: [ app_init ] --END-- [ RunTime:0.001001s ]
INFO: [ app_begin ] --START--
INFO: Run Behavior\ReadHtmlCacheBehavior [ RunTime:0.000000s ]
INFO: [ app_begin ] --END-- [ RunTime:0.000000s ]
SQL: SHOW COLUMNS FROM `tp_position` [ RunTime:0.0030s ]
SQL: SELECT * FROM `tp_position` WHERE `status` = 1  [ RunTime:0.0000s ]
NOTIC: [8] Undefined variable: news_id E:\xampp\htdocs\thinkphp\App\Admin\Controller\PositioncontentController.class.php 第 62 行.

[ 2016-06-23T16:52:55+08:00 ] 127.0.0.1 /admin/positioncontent/add?id=10
INFO: [ app_init ] --START--
INFO: Run Behavior\BuildLiteBehavior [ RunTime:0.000000s ]
INFO: [ app_init ] --END-- [ RunTime:0.000000s ]
INFO: [ app_begin ] --START--
INFO: Run Behavior\ReadHtmlCacheBehavior [ RunTime:0.001000s ]
INFO: [ app_begin ] --END-- [ RunTime:0.001000s ]
SQL: SHOW COLUMNS FROM `tp_position` [ RunTime:0.0030s ]
SQL: SELECT * FROM `tp_position` WHERE `status` = 1  [ RunTime:0.0000s ]
NOTIC: [8] Use of undefined constant id - assumed 'id' E:\xampp\htdocs\thinkphp\App\Admin\Controller\PositioncontentController.class.php 第 91 行.
SQL: SHOW COLUMNS FROM `tp_position_content` [ RunTime:0.0030s ]
NOTIC: [8] Use of undefined constant id - assumed 'id' E:\xampp\htdocs\thinkphp\App\Admin\Controller\PositioncontentController.class.php 第 92 行.
SQL: SELECT * FROM `tp_position_content` WHERE `id` = 10 LIMIT 1   [ RunTime:0.0010s ]
INFO: [ view_parse ] --START--
INFO: [ template_filter ] --START--
INFO: Run Behavior\ContentReplaceBehavior [ RunTime:0.000000s ]
INFO: [ template_filter ] --END-- [ RunTime:0.000000s ]
SQL: SHOW COLUMNS FROM `tp_menu` [ RunTime:0.0030s ]
SQL: SELECT * FROM `tp_menu` WHERE `status` <> -1 AND `type` = 1 ORDER BY listorder asc,menu_id desc  [ RunTime:0.0010s ]
INFO: Run Behavior\ParseTemplateBehavior [ RunTime:0.014001s ]
INFO: [ view_parse ] --END-- [ RunTime:0.014001s ]
INFO: [ view_filter ] --START--
INFO: Run Behavior\WriteHtmlCacheBehavior [ RunTime:0.001000s ]
INFO: [ view_filter ] --END-- [ RunTime:0.001000s ]
INFO: [ app_end ] --START--
INFO: Run Behavior\ShowPageTraceBehavior [ RunTime:0.000000s ]
INFO: [ app_end ] --END-- [ RunTime:0.000000s ]

[ 2016-06-23T16:52:57+08:00 ] 127.0.0.1 /admin/positioncontent/
INFO: [ app_init ] --START--
INFO: Run Behavior\BuildLiteBehavior [ RunTime:0.000000s ]
INFO: [ app_init ] --END-- [ RunTime:0.001000s ]
INFO: [ app_begin ] --START--
INFO: Run Behavior\ReadHtmlCacheBehavior [ RunTime:0.000000s ]
INFO: [ app_begin ] --END-- [ RunTime:0.000000s ]
SQL: SHOW COLUMNS FROM `tp_position` [ RunTime:0.0030s ]
SQL: SELECT * FROM `tp_position` WHERE `status` = 1  [ RunTime:0.0010s ]
SQL: SHOW COLUMNS FROM `tp_position_content` [ RunTime:0.0030s ]
SQL: SELECT * FROM `tp_position_content` WHERE `position_id` = 1 AND `status` <> -1 ORDER BY listorder desc,id desc LIMIT 0,10   [ RunTime:0.0010s ]
SQL: SELECT COUNT(*) AS tp_count FROM `tp_position_content` WHERE `position_id` = 1 AND `status` <> -1 LIMIT 1   [ RunTime:0.0000s ]
INFO: [ view_parse ] --START--
INFO: [ template_filter ] --START--
INFO: Run Behavior\ContentReplaceBehavior [ RunTime:0.000000s ]
INFO: [ template_filter ] --END-- [ RunTime:0.000000s ]
SQL: SHOW COLUMNS FROM `tp_menu` [ RunTime:0.0030s ]
SQL: SELECT * FROM `tp_menu` WHERE `status` <> -1 AND `type` = 1 ORDER BY listorder asc,menu_id desc  [ RunTime:0.0010s ]
NOTIC: [8] Undefined index: title E:\xampp\htdocs\thinkphp\App\Runtime\Cache\Admin\041c7953ec01bd0fc2eb35d1a8d1e55e.php 第 74 行.
INFO: Run Behavior\ParseTemplateBehavior [ RunTime:0.017001s ]
INFO: [ view_parse ] --END-- [ RunTime:0.017001s ]
INFO: [ view_filter ] --START--
INFO: Run Behavior\WriteHtmlCacheBehavior [ RunTime:0.000000s ]
INFO: [ view_filter ] --END-- [ RunTime:0.000000s ]
INFO: [ app_end ] --START--
INFO: Run Behavior\ShowPageTraceBehavior [ RunTime:0.001000s ]
INFO: [ app_end ] --END-- [ RunTime:0.001000s ]

[ 2016-06-23T16:52:59+08:00 ] 127.0.0.1 /admin/positioncontent/add
INFO: [ app_init ] --START--
INFO: Run Behavior\BuildLiteBehavior [ RunTime:0.000000s ]
INFO: [ app_init ] --END-- [ RunTime:0.000000s ]
INFO: [ app_begin ] --START--
INFO: Run Behavior\ReadHtmlCacheBehavior [ RunTime:0.001000s ]
INFO: [ app_begin ] --END-- [ RunTime:0.001000s ]
SQL: SHOW COLUMNS FROM `tp_position` [ RunTime:0.0030s ]
SQL: SELECT * FROM `tp_position` WHERE `status` = 1  [ RunTime:0.0010s ]
SQL: SHOW COLUMNS FROM `tp_position_content` [ RunTime:0.0030s ]
SQL: UPDATE `tp_position_content` SET `title`='开博了',`position_id`='1',`thumb`='/upload/2016/06/23/576b9ffa78572.JPG',`url`='/admin/detail?id=14',`news_id`='14',`id`='10',`status`='1',`update_time`='1466671979' WHERE `id` = 10 [ RunTime:0.0010s ]

[ 2016-06-23T16:53:00+08:00 ] 127.0.0.1 /admin/positioncontent/index
INFO: [ app_init ] --START--
INFO: Run Behavior\BuildLiteBehavior [ RunTime:0.000000s ]
INFO: [ app_init ] --END-- [ RunTime:0.000000s ]
INFO: [ app_begin ] --START--
INFO: Run Behavior\ReadHtmlCacheBehavior [ RunTime:0.001000s ]
INFO: [ app_begin ] --END-- [ RunTime:0.001000s ]
SQL: SHOW COLUMNS FROM `tp_position` [ RunTime:0.0030s ]
SQL: SELECT * FROM `tp_position` WHERE `status` = 1  [ RunTime:0.0010s ]
SQL: SHOW COLUMNS FROM `tp_position_content` [ RunTime:0.0020s ]
SQL: SELECT * FROM `tp_position_content` WHERE `position_id` = 1 AND `status` <> -1 ORDER BY listorder desc,id desc LIMIT 0,10   [ RunTime:0.0000s ]
SQL: SELECT COUNT(*) AS tp_count FROM `tp_position_content` WHERE `position_id` = 1 AND `status` <> -1 LIMIT 1   [ RunTime:0.0000s ]
INFO: [ view_parse ] --START--
INFO: [ template_filter ] --START--
INFO: Run Behavior\ContentReplaceBehavior [ RunTime:0.000000s ]
INFO: [ template_filter ] --END-- [ RunTime:0.000000s ]
SQL: SHOW COLUMNS FROM `tp_menu` [ RunTime:0.0020s ]
SQL: SELECT * FROM `tp_menu` WHERE `status` <> -1 AND `type` = 1 ORDER BY listorder asc,menu_id desc  [ RunTime:0.0000s ]
NOTIC: [8] Undefined index: title E:\xampp\htdocs\thinkphp\App\Runtime\Cache\Admin\041c7953ec01bd0fc2eb35d1a8d1e55e.php 第 74 行.
INFO: Run Behavior\ParseTemplateBehavior [ RunTime:0.016001s ]
INFO: [ view_parse ] --END-- [ RunTime:0.016001s ]
INFO: [ view_filter ] --START--
INFO: Run Behavior\WriteHtmlCacheBehavior [ RunTime:0.001000s ]
INFO: [ view_filter ] --END-- [ RunTime:0.001000s ]
INFO: [ app_end ] --START--
INFO: Run Behavior\ShowPageTraceBehavior [ RunTime:0.001000s ]
INFO: [ app_end ] --END-- [ RunTime:0.001000s ]

[ 2016-06-23T16:53:08+08:00 ] 127.0.0.1 /admin/detail?id=14
INFO: [ app_init ] --START--
INFO: Run Behavior\BuildLiteBehavior [ RunTime:0.000000s ]
INFO: [ app_init ] --END-- [ RunTime:0.000000s ]
INFO: [ app_begin ] --START--
INFO: Run Behavior\ReadHtmlCacheBehavior [ RunTime:0.001000s ]
INFO: [ app_begin ] --END-- [ RunTime:0.001000s ]
ERR: 无法加载控制器:Detail

[ 2016-06-23T16:53:32+08:00 ] 127.0.0.1 /admin/basic/index
INFO: [ app_init ] --START--
INFO: Run Behavior\BuildLiteBehavior [ RunTime:0.000000s ]
INFO: [ app_init ] --END-- [ RunTime:0.000000s ]
INFO: [ app_begin ] --START--
INFO: Run Behavior\ReadHtmlCacheBehavior [ RunTime:0.001000s ]
INFO: [ app_begin ] --END-- [ RunTime:0.001000s ]
INFO: [ view_parse ] --START--
INFO: [ template_filter ] --START--
INFO: Run Behavior\ContentReplaceBehavior [ RunTime:0.000000s ]
INFO: [ template_filter ] --END-- [ RunTime:0.000000s ]
SQL: SHOW COLUMNS FROM `tp_menu` [ RunTime:0.0030s ]
SQL: SELECT * FROM `tp_menu` WHERE `status` <> -1 AND `type` = 1 ORDER BY listorder asc,menu_id desc  [ RunTime:0.0000s ]
INFO: Run Behavior\ParseTemplateBehavior [ RunTime:0.020001s ]
INFO: [ view_parse ] --END-- [ RunTime:0.020001s ]
INFO: [ view_filter ] --START--
INFO: Run Behavior\WriteHtmlCacheBehavior [ RunTime:0.000000s ]
INFO: [ view_filter ] --END-- [ RunTime:0.000000s ]
INFO: [ app_end ] --START--
INFO: Run Behavior\ShowPageTraceBehavior [ RunTime:0.001001s ]
INFO: [ app_end ] --END-- [ RunTime:0.001001s ]

[ 2016-06-23T16:53:34+08:00 ] 127.0.0.1 /admin/positioncontent/index
INFO: [ app_init ] --START--
INFO: Run Behavior\BuildLiteBehavior [ RunTime:0.000000s ]
INFO: [ app_init ] --END-- [ RunTime:0.000000s ]
INFO: [ app_begin ] --START--
INFO: Run Behavior\ReadHtmlCacheBehavior [ RunTime:0.001000s ]
INFO: [ app_begin ] --END-- [ RunTime:0.001000s ]
SQL: SHOW COLUMNS FROM `tp_position` [ RunTime:0.0030s ]
SQL: SELECT * FROM `tp_position` WHERE `status` = 1  [ RunTime:0.0010s ]
SQL: SHOW COLUMNS FROM `tp_position_content` [ RunTime:0.0020s ]
SQL: SELECT * FROM `tp_position_content` WHERE `position_id` = 1 AND `status` <> -1 ORDER BY listorder desc,id desc LIMIT 0,10   [ RunTime:0.0000s ]
SQL: SELECT COUNT(*) AS tp_count FROM `tp_position_content` WHERE `position_id` = 1 AND `status` <> -1 LIMIT 1   [ RunTime:0.0010s ]
INFO: [ view_parse ] --START--
INFO: [ template_filter ] --START--
INFO: Run Behavior\ContentReplaceBehavior [ RunTime:0.000000s ]
INFO: [ template_filter ] --END-- [ RunTime:0.000000s ]
SQL: SHOW COLUMNS FROM `tp_menu` [ RunTime:0.0030s ]
SQL: SELECT * FROM `tp_menu` WHERE `status` <> -1 AND `type` = 1 ORDER BY listorder asc,menu_id desc  [ RunTime:0.0010s ]
NOTIC: [8] Undefined index: title E:\xampp\htdocs\thinkphp\App\Runtime\Cache\Admin\041c7953ec01bd0fc2eb35d1a8d1e55e.php 第 74 行.
INFO: Run Behavior\ParseTemplateBehavior [ RunTime:0.015001s ]
INFO: [ view_parse ] --END-- [ RunTime:0.015001s ]
INFO: [ view_filter ] --START--
INFO: Run Behavior\WriteHtmlCacheBehavior [ RunTime:0.000000s ]
INFO: [ view_filter ] --END-- [ RunTime:0.000000s ]
INFO: [ app_end ] --START--
INFO: Run Behavior\ShowPageTraceBehavior [ RunTime:0.001000s ]
INFO: [ app_end ] --END-- [ RunTime:0.001000s ]

[ 2016-06-23T16:53:36+08:00 ] 127.0.0.1 /admin/positioncontent/add?id=10
INFO: [ app_init ] --START--
INFO: Run Behavior\BuildLiteBehavior [ RunTime:0.000000s ]
INFO: [ app_init ] --END-- [ RunTime:0.000000s ]
INFO: [ app_begin ] --START--
INFO: Run Behavior\ReadHtmlCacheBehavior [ RunTime:0.001000s ]
INFO: [ app_begin ] --END-- [ RunTime:0.001000s ]
SQL: SHOW COLUMNS FROM `tp_position` [ RunTime:0.0020s ]
SQL: SELECT * FROM `tp_position` WHERE `status` = 1  [ RunTime:0.0000s ]
NOTIC: [8] Use of undefined constant id - assumed 'id' E:\xampp\htdocs\thinkphp\App\Admin\Controller\PositioncontentController.class.php 第 91 行.
SQL: SHOW COLUMNS FROM `tp_position_content` [ RunTime:0.0020s ]
NOTIC: [8] Use of undefined constant id - assumed 'id' E:\xampp\htdocs\thinkphp\App\Admin\Controller\PositioncontentController.class.php 第 92 行.
SQL: SELECT * FROM `tp_position_content` WHERE `id` = 10 LIMIT 1   [ RunTime:0.0000s ]
INFO: [ view_parse ] --START--
INFO: [ template_filter ] --START--
INFO: Run Behavior\ContentReplaceBehavior [ RunTime:0.000000s ]
INFO: [ template_filter ] --END-- [ RunTime:0.000000s ]
SQL: SHOW COLUMNS FROM `tp_menu` [ RunTime:0.0030s ]
SQL: SELECT * FROM `tp_menu` WHERE `status` <> -1 AND `type` = 1 ORDER BY listorder asc,menu_id desc  [ RunTime:0.0010s ]
INFO: Run Behavior\ParseTemplateBehavior [ RunTime:0.014001s ]
INFO: [ view_parse ] --END-- [ RunTime:0.014001s ]
INFO: [ view_filter ] --START--
INFO: Run Behavior\WriteHtmlCacheBehavior [ RunTime:0.000000s ]
INFO: [ view_filter ] --END-- [ RunTime:0.000000s ]
INFO: [ app_end ] --START--
INFO: Run Behavior\ShowPageTraceBehavior [ RunTime:0.001000s ]
INFO: [ app_end ] --END-- [ RunTime:0.001000s ]

[ 2016-06-23T16:53:38+08:00 ] 127.0.0.1 /admin/positioncontent/
INFO: [ app_init ] --START--
INFO: Run Behavior\BuildLiteBehavior [ RunTime:0.000000s ]
INFO: [ app_init ] --END-- [ RunTime:0.000000s ]
INFO: [ app_begin ] --START--
INFO: Run Behavior\ReadHtmlCacheBehavior [ RunTime:0.001000s ]
INFO: [ app_begin ] --END-- [ RunTime:0.001000s ]
SQL: SHOW COLUMNS FROM `tp_position` [ RunTime:0.0030s ]
SQL: SELECT * FROM `tp_position` WHERE `status` = 1  [ RunTime:0.0000s ]
SQL: SHOW COLUMNS FROM `tp_position_content` [ RunTime:0.0020s ]
SQL: SELECT * FROM `tp_position_content` WHERE `position_id` = 1 AND `status` <> -1 ORDER BY listorder desc,id desc LIMIT 0,10   [ RunTime:0.0000s ]
SQL: SELECT COUNT(*) AS tp_count FROM `tp_position_content` WHERE `position_id` = 1 AND `status` <> -1 LIMIT 1   [ RunTime:0.0010s ]
INFO: [ view_parse ] --START--
INFO: [ template_filter ] --START--
INFO: Run Behavior\ContentReplaceBehavior [ RunTime:0.000000s ]
INFO: [ template_filter ] --END-- [ RunTime:0.000000s ]
SQL: SHOW COLUMNS FROM `tp_menu` [ RunTime:0.0020s ]
SQL: SELECT * FROM `tp_menu` WHERE `status` <> -1 AND `type` = 1 ORDER BY listorder asc,menu_id desc  [ RunTime:0.0010s ]
NOTIC: [8] Undefined index: title E:\xampp\htdocs\thinkphp\App\Runtime\Cache\Admin\041c7953ec01bd0fc2eb35d1a8d1e55e.php 第 74 行.
INFO: Run Behavior\ParseTemplateBehavior [ RunTime:0.015001s ]
INFO: [ view_parse ] --END-- [ RunTime:0.015001s ]
INFO: [ view_filter ] --START--
INFO: Run Behavior\WriteHtmlCacheBehavior [ RunTime:0.000000s ]
INFO: [ view_filter ] --END-- [ RunTime:0.000000s ]
INFO: [ app_end ] --START--
INFO: Run Behavior\ShowPageTraceBehavior [ RunTime:0.001000s ]
INFO: [ app_end ] --END-- [ RunTime:0.001000s ]

[ 2016-06-23T16:53:48+08:00 ] 127.0.0.1 /admin/positioncontent/add
INFO: [ app_init ] --START--
INFO: Run Behavior\BuildLiteBehavior [ RunTime:0.000000s ]
INFO: [ app_init ] --END-- [ RunTime:0.001000s ]
INFO: [ app_begin ] --START--
INFO: Run Behavior\ReadHtmlCacheBehavior [ RunTime:0.001000s ]
INFO: [ app_begin ] --END-- [ RunTime:0.001000s ]
SQL: SHOW COLUMNS FROM `tp_position` [ RunTime:0.0030s ]
SQL: SELECT * FROM `tp_position` WHERE `status` = 1  [ RunTime:0.0010s ]
SQL: SHOW COLUMNS FROM `tp_position_content` [ RunTime:0.0020s ]
SQL: UPDATE `tp_position_content` SET `title`='yangb个人微博开博了',`position_id`='1',`thumb`='/upload/2016/06/23/576b9ffa78572.JPG',`url`='/admin/detail?id=14',`news_id`='14',`id`='10',`status`='1',`update_time`='1466672028' WHERE `id` = 10 [ RunTime:0.0000s ]

[ 2016-06-23T16:53:49+08:00 ] 127.0.0.1 /admin/positioncontent/index
INFO: [ app_init ] --START--
INFO: Run Behavior\BuildLiteBehavior [ RunTime:0.000000s ]
INFO: [ app_init ] --END-- [ RunTime:0.000000s ]
INFO: [ app_begin ] --START--
INFO: Run Behavior\ReadHtmlCacheBehavior [ RunTime:0.001000s ]
INFO: [ app_begin ] --END-- [ RunTime:0.001000s ]
SQL: SHOW COLUMNS FROM `tp_position` [ RunTime:0.0030s ]
SQL: SELECT * FROM `tp_position` WHERE `status` = 1  [ RunTime:0.0010s ]
SQL: SHOW COLUMNS FROM `tp_position_content` [ RunTime:0.0030s ]
SQL: SELECT * FROM `tp_position_content` WHERE `position_id` = 1 AND `status` <> -1 ORDER BY listorder desc,id desc LIMIT 0,10   [ RunTime:0.0000s ]
SQL: SELECT COUNT(*) AS tp_count FROM `tp_position_content` WHERE `position_id` = 1 AND `status` <> -1 LIMIT 1   [ RunTime:0.0000s ]
INFO: [ view_parse ] --START--
INFO: [ template_filter ] --START--
INFO: Run Behavior\ContentReplaceBehavior [ RunTime:0.000000s ]
INFO: [ template_filter ] --END-- [ RunTime:0.000000s ]
SQL: SHOW COLUMNS FROM `tp_menu` [ RunTime:0.0030s ]
SQL: SELECT * FROM `tp_menu` WHERE `status` <> -1 AND `type` = 1 ORDER BY listorder asc,menu_id desc  [ RunTime:0.0000s ]
NOTIC: [8] Undefined index: title E:\xampp\htdocs\thinkphp\App\Runtime\Cache\Admin\041c7953ec01bd0fc2eb35d1a8d1e55e.php 第 74 行.
INFO: Run Behavior\ParseTemplateBehavior [ RunTime:0.015001s ]
INFO: [ view_parse ] --END-- [ RunTime:0.015001s ]
INFO: [ view_filter ] --START--
INFO: Run Behavior\WriteHtmlCacheBehavior [ RunTime:0.001000s ]
INFO: [ view_filter ] --END-- [ RunTime:0.001000s ]
INFO: [ app_end ] --START--
INFO: Run Behavior\ShowPageTraceBehavior [ RunTime:0.001000s ]
INFO: [ app_end ] --END-- [ RunTime:0.001000s ]

[ 2016-06-23T17:00:33+08:00 ] 127.0.0.1 /admin/detail?id=14
INFO: [ app_init ] --START--
INFO: Run Behavior\BuildLiteBehavior [ RunTime:0.000000s ]
INFO: [ app_init ] --END-- [ RunTime:0.000000s ]
INFO: [ app_begin ] --START--
INFO: Run Behavior\ReadHtmlCacheBehavior [ RunTime:0.001000s ]
INFO: [ app_begin ] --END-- [ RunTime:0.001000s ]
ERR: 无法加载控制器:Detail

[ 2016-06-23T17:39:23+08:00 ] 127.0.0.1 /admin/positioncontent/index
INFO: [ app_init ] --START--
INFO: Run Behavior\BuildLiteBehavior [ RunTime:0.000000s ]
INFO: [ app_init ] --END-- [ RunTime:0.000000s ]
INFO: [ app_begin ] --START--
INFO: Run Behavior\ReadHtmlCacheBehavior [ RunTime:0.001000s ]
INFO: [ app_begin ] --END-- [ RunTime:0.001000s ]
SQL: SHOW COLUMNS FROM `tp_position` [ RunTime:0.0030s ]
SQL: SELECT * FROM `tp_position` WHERE `status` = 1  [ RunTime:0.0010s ]
SQL: SHOW COLUMNS FROM `tp_position_content` [ RunTime:0.0030s ]
SQL: SELECT * FROM `tp_position_content` WHERE `position_id` = 1 AND `status` <> -1 ORDER BY listorder desc,id desc LIMIT 0,10   [ RunTime:0.0000s ]
SQL: SELECT COUNT(*) AS tp_count FROM `tp_position_content` WHERE `position_id` = 1 AND `status` <> -1 LIMIT 1   [ RunTime:0.0010s ]
INFO: [ view_parse ] --START--
INFO: [ template_filter ] --START--
INFO: Run Behavior\ContentReplaceBehavior [ RunTime:0.000000s ]
INFO: [ template_filter ] --END-- [ RunTime:0.000000s ]
SQL: SHOW COLUMNS FROM `tp_menu` [ RunTime:0.0030s ]
SQL: SELECT * FROM `tp_menu` WHERE `status` <> -1 AND `type` = 1 ORDER BY listorder asc,menu_id desc  [ RunTime:0.0010s ]
NOTIC: [8] Undefined index: title E:\xampp\htdocs\thinkphp\App\Runtime\Cache\Admin\041c7953ec01bd0fc2eb35d1a8d1e55e.php 第 74 行.
INFO: Run Behavior\ParseTemplateBehavior [ RunTime:0.016001s ]
INFO: [ view_parse ] --END-- [ RunTime:0.016001s ]
INFO: [ view_filter ] --START--
INFO: Run Behavior\WriteHtmlCacheBehavior [ RunTime:0.000000s ]
INFO: [ view_filter ] --END-- [ RunTime:0.000000s ]
INFO: [ app_end ] --START--
INFO: Run Behavior\ShowPageTraceBehavior [ RunTime:0.000000s ]
INFO: [ app_end ] --END-- [ RunTime:0.000000s ]

[ 2016-06-23T17:39:26+08:00 ] 127.0.0.1 /admin/positioncontent/index?positionId=2&title=
INFO: [ app_init ] --START--
INFO: Run Behavior\BuildLiteBehavior [ RunTime:0.000000s ]
INFO: [ app_init ] --END-- [ RunTime:0.002001s ]
INFO: [ app_begin ] --START--
INFO: Run Behavior\ReadHtmlCacheBehavior [ RunTime:0.001000s ]
INFO: [ app_begin ] --END-- [ RunTime:0.001000s ]
SQL: SHOW COLUMNS FROM `tp_position` [ RunTime:0.0040s ]
SQL: SELECT * FROM `tp_position` WHERE `status` = 1  [ RunTime:0.0000s ]
SQL: SHOW COLUMNS FROM `tp_position_content` [ RunTime:0.0030s ]
SQL: SELECT * FROM `tp_position_content` WHERE `position_id` = 2 AND `status` <> -1 ORDER BY listorder desc,id desc LIMIT 0,10   [ RunTime:0.0000s ]
SQL: SELECT COUNT(*) AS tp_count FROM `tp_position_content` WHERE `position_id` = 2 AND `status` <> -1 LIMIT 1   [ RunTime:0.0000s ]
INFO: [ view_parse ] --START--
INFO: [ template_filter ] --START--
INFO: Run Behavior\ContentReplaceBehavior [ RunTime:0.000000s ]
INFO: [ template_filter ] --END-- [ RunTime:0.000000s ]
SQL: SHOW COLUMNS FROM `tp_menu` [ RunTime:0.0040s ]
SQL: SELECT * FROM `tp_menu` WHERE `status` <> -1 AND `type` = 1 ORDER BY listorder asc,menu_id desc  [ RunTime:0.0010s ]
INFO: Run Behavior\ParseTemplateBehavior [ RunTime:0.018001s ]
INFO: [ view_parse ] --END-- [ RunTime:0.018001s ]
INFO: [ view_filter ] --START--
INFO: Run Behavior\WriteHtmlCacheBehavior [ RunTime:0.000000s ]
INFO: [ view_filter ] --END-- [ RunTime:0.000000s ]
INFO: [ app_end ] --START--
INFO: Run Behavior\ShowPageTraceBehavior [ RunTime:0.001000s ]
INFO: [ app_end ] --END-- [ RunTime:0.001000s ]

[ 2016-06-23T17:39:34+08:00 ] 127.0.0.1 /admin/positioncontent/listorder
INFO: [ app_init ] --START--
INFO: Run Behavior\BuildLiteBehavior [ RunTime:0.000000s ]
INFO: [ app_init ] --END-- [ RunTime:0.000000s ]
INFO: [ app_begin ] --START--
INFO: Run Behavior\ReadHtmlCacheBehavior [ RunTime:0.001000s ]
INFO: [ app_begin ] --END-- [ RunTime:0.001000s ]
SQL: SHOW COLUMNS FROM `tp_position_content` [ RunTime:0.0030s ]
SQL: UPDATE `tp_position_content` SET `listorder`='1' WHERE ( id=6 ) [ RunTime:0.0010s ]
SQL: UPDATE `tp_position_content` SET `listorder`='2' WHERE ( id=8 ) [ RunTime:0.0000s ]

[ 2016-06-23T17:39:35+08:00 ] 127.0.0.1 /admin/positioncontent/index
INFO: [ app_init ] --START--
INFO: Run Behavior\BuildLiteBehavior [ RunTime:0.000000s ]
INFO: [ app_init ] --END-- [ RunTime:0.001000s ]
INFO: [ app_begin ] --START--
INFO: Run Behavior\ReadHtmlCacheBehavior [ RunTime:0.001000s ]
INFO: [ app_begin ] --END-- [ RunTime:0.001000s ]
SQL: SHOW COLUMNS FROM `tp_position` [ RunTime:0.0030s ]
SQL: SELECT * FROM `tp_position` WHERE `status` = 1  [ RunTime:0.0010s ]
SQL: SHOW COLUMNS FROM `tp_position_content` [ RunTime:0.0020s ]
SQL: SELECT * FROM `tp_position_content` WHERE `position_id` = 1 AND `status` <> -1 ORDER BY listorder desc,id desc LIMIT 0,10   [ RunTime:0.0000s ]
SQL: SELECT COUNT(*) AS tp_count FROM `tp_position_content` WHERE `position_id` = 1 AND `status` <> -1 LIMIT 1   [ RunTime:0.0000s ]
INFO: [ view_parse ] --START--
INFO: [ template_filter ] --START--
INFO: Run Behavior\ContentReplaceBehavior [ RunTime:0.000000s ]
INFO: [ template_filter ] --END-- [ RunTime:0.001000s ]
SQL: SHOW COLUMNS FROM `tp_menu` [ RunTime:0.0030s ]
SQL: SELECT * FROM `tp_menu` WHERE `status` <> -1 AND `type` = 1 ORDER BY listorder asc,menu_id desc  [ RunTime:0.0010s ]
NOTIC: [8] Undefined index: title E:\xampp\htdocs\thinkphp\App\Runtime\Cache\Admin\041c7953ec01bd0fc2eb35d1a8d1e55e.php 第 74 行.
INFO: Run Behavior\ParseTemplateBehavior [ RunTime:0.016001s ]
INFO: [ view_parse ] --END-- [ RunTime:0.016001s ]
INFO: [ view_filter ] --START--
INFO: Run Behavior\WriteHtmlCacheBehavior [ RunTime:0.000000s ]
INFO: [ view_filter ] --END-- [ RunTime:0.000000s ]
INFO: [ app_end ] --START--
INFO: Run Behavior\ShowPageTraceBehavior [ RunTime:0.000000s ]
INFO: [ app_end ] --END-- [ RunTime:0.000000s ]

