[ 2016-06-24T17:00:53+08:00 ] 127.0.0.1 /admin
INFO: [ app_init ] --START--
INFO: Run Behavior\BuildLiteBehavior [ RunTime:0.000000s ]
INFO: [ app_init ] --END-- [ RunTime:0.001000s ]
INFO: [ app_begin ] --START--
INFO: Run Behavior\ReadHtmlCacheBehavior [ RunTime:0.001000s ]
INFO: [ app_begin ] --END-- [ RunTime:0.001000s ]

[ 2016-06-24T17:00:54+08:00 ] 127.0.0.1 /index.php/admin/login/index.html
INFO: [ app_init ] --START--
INFO: Run Behavior\BuildLiteBehavior [ RunTime:0.000000s ]
INFO: [ app_init ] --END-- [ RunTime:0.001001s ]
INFO: [ app_begin ] --START--
INFO: Run Behavior\ReadHtmlCacheBehavior [ RunTime:0.000000s ]
INFO: [ app_begin ] --END-- [ RunTime:0.000000s ]
INFO: [ view_parse ] --START--
INFO: [ template_filter ] --START--
INFO: Run Behavior\ContentReplaceBehavior [ RunTime:0.000000s ]
INFO: [ template_filter ] --END-- [ RunTime:0.001000s ]
INFO: Run Behavior\ParseTemplateBehavior [ RunTime:0.041002s ]
INFO: [ view_parse ] --END-- [ RunTime:0.041002s ]
INFO: [ view_filter ] --START--
INFO: Run Behavior\WriteHtmlCacheBehavior [ RunTime:0.000000s ]
INFO: [ view_filter ] --END-- [ RunTime:0.000000s ]
INFO: [ app_end ] --START--
INFO: Run Behavior\ShowPageTraceBehavior [ RunTime:0.001001s ]
INFO: [ app_end ] --END-- [ RunTime:0.001001s ]

[ 2016-06-24T17:01:02+08:00 ] 127.0.0.1 /admin/login/check
INFO: [ app_init ] --START--
INFO: Run Behavior\BuildLiteBehavior [ RunTime:0.000000s ]
INFO: [ app_init ] --END-- [ RunTime:0.001000s ]
INFO: [ app_begin ] --START--
INFO: Run Behavior\ReadHtmlCacheBehavior [ RunTime:0.001000s ]
INFO: [ app_begin ] --END-- [ RunTime:0.001000s ]
SQL: SHOW COLUMNS FROM `tp_admin` [ RunTime:0.0040s ]
SQL: SELECT * FROM `tp_admin` WHERE ( username="admin" ) LIMIT 1   [ RunTime:0.0010s ]

[ 2016-06-24T17:01:04+08:00 ] 127.0.0.1 /admin/index/index
INFO: [ app_init ] --START--
INFO: Run Behavior\BuildLiteBehavior [ RunTime:0.000000s ]
INFO: [ app_init ] --END-- [ RunTime:0.001000s ]
INFO: [ app_begin ] --START--
INFO: Run Behavior\ReadHtmlCacheBehavior [ RunTime:0.001000s ]
INFO: [ app_begin ] --END-- [ RunTime:0.001000s ]
INFO: [ view_parse ] --START--
INFO: [ template_filter ] --START--
INFO: Run Behavior\ContentReplaceBehavior [ RunTime:0.000000s ]
INFO: [ template_filter ] --END-- [ RunTime:0.000000s ]
SQL: SHOW COLUMNS FROM `tp_menu` [ RunTime:0.0020s ]
SQL: SELECT * FROM `tp_menu` WHERE `status` <> -1 AND `type` = 1 ORDER BY listorder asc,menu_id desc  [ RunTime:0.0000s ]
INFO: Run Behavior\ParseTemplateBehavior [ RunTime:0.049003s ]
INFO: [ view_parse ] --END-- [ RunTime:0.050003s ]
INFO: [ view_filter ] --START--
INFO: Run Behavior\WriteHtmlCacheBehavior [ RunTime:0.001000s ]
INFO: [ view_filter ] --END-- [ RunTime:0.001000s ]
INFO: [ app_end ] --START--
INFO: Run Behavior\ShowPageTraceBehavior [ RunTime:0.001000s ]
INFO: [ app_end ] --END-- [ RunTime:0.001000s ]

[ 2016-06-24T17:01:06+08:00 ] 127.0.0.1 /admin/content/index
INFO: [ app_init ] --START--
INFO: Run Behavior\BuildLiteBehavior [ RunTime:0.000000s ]
INFO: [ app_init ] --END-- [ RunTime:0.000000s ]
INFO: [ app_begin ] --START--
INFO: Run Behavior\ReadHtmlCacheBehavior [ RunTime:0.000000s ]
INFO: [ app_begin ] --END-- [ RunTime:0.000000s ]
SQL: SHOW COLUMNS FROM `tp_news` [ RunTime:0.0030s ]
NOTIC: [8] Undefined variable: data E:\xampp\htdocs\thinkphp\App\Admin\Controller\ContentController.class.php 第 25 行.
SQL: SELECT * FROM `tp_news` WHERE `status` <> -1 ORDER BY listorder desc,news_id desc LIMIT 0,2   [ RunTime:0.0010s ]
NOTIC: [8] Undefined variable: data E:\xampp\htdocs\thinkphp\App\Admin\Controller\ContentController.class.php 第 27 行.
SQL: SELECT COUNT(*) AS tp_count FROM `tp_news` WHERE `status` <> -1 LIMIT 1   [ RunTime:0.0000s ]
SQL: SHOW COLUMNS FROM `tp_menu` [ RunTime:0.0030s ]
SQL: SELECT * FROM `tp_menu` WHERE `status` = 1 AND `type` = 0 ORDER BY listorder asc,menu_id desc  [ RunTime:0.0000s ]
SQL: SHOW COLUMNS FROM `tp_position` [ RunTime:0.0020s ]
SQL: SELECT * FROM `tp_position` WHERE `status` = 1  [ RunTime:0.0010s ]
INFO: [ view_parse ] --START--
INFO: [ template_filter ] --START--
INFO: Run Behavior\ContentReplaceBehavior [ RunTime:0.001000s ]
INFO: [ template_filter ] --END-- [ RunTime:0.001000s ]
SQL: SELECT * FROM `tp_menu` WHERE `status` <> -1 AND `type` = 1 ORDER BY listorder asc,menu_id desc  [ RunTime:0.0010s ]
NOTIC: [8] Use of undefined constant catid - assumed 'catid' E:\xampp\htdocs\thinkphp\App\Runtime\Cache\Admin\6e3791952b5e133e055abbbf30a98617.php 第 68 行.
NOTIC: [8] Undefined index: catid E:\xampp\htdocs\thinkphp\App\Runtime\Cache\Admin\6e3791952b5e133e055abbbf30a98617.php 第 68 行.
NOTIC: [8] Use of undefined constant catid - assumed 'catid' E:\xampp\htdocs\thinkphp\App\Runtime\Cache\Admin\6e3791952b5e133e055abbbf30a98617.php 第 68 行.
NOTIC: [8] Undefined index: catid E:\xampp\htdocs\thinkphp\App\Runtime\Cache\Admin\6e3791952b5e133e055abbbf30a98617.php 第 68 行.
NOTIC: [8] Undefined index: title E:\xampp\htdocs\thinkphp\App\Runtime\Cache\Admin\6e3791952b5e133e055abbbf30a98617.php 第 75 行.
INFO: Run Behavior\ParseTemplateBehavior [ RunTime:0.015001s ]
INFO: [ view_parse ] --END-- [ RunTime:0.015001s ]
INFO: [ view_filter ] --START--
INFO: Run Behavior\WriteHtmlCacheBehavior [ RunTime:0.000000s ]
INFO: [ view_filter ] --END-- [ RunTime:0.000000s ]
INFO: [ app_end ] --START--
INFO: Run Behavior\ShowPageTraceBehavior [ RunTime:0.000000s ]
INFO: [ app_end ] --END-- [ RunTime:0.000000s ]

[ 2016-06-24T17:03:10+08:00 ] 127.0.0.1 /admin/content/index
INFO: [ app_init ] --START--
INFO: Run Behavior\BuildLiteBehavior [ RunTime:0.000000s ]
INFO: [ app_init ] --END-- [ RunTime:0.000000s ]
INFO: [ app_begin ] --START--
INFO: Run Behavior\ReadHtmlCacheBehavior [ RunTime:0.001000s ]
INFO: [ app_begin ] --END-- [ RunTime:0.001000s ]
SQL: SHOW COLUMNS FROM `tp_news` [ RunTime:0.0030s ]
NOTIC: [8] Undefined variable: data E:\xampp\htdocs\thinkphp\App\Admin\Controller\ContentController.class.php 第 25 行.
SQL: SELECT * FROM `tp_news` WHERE `status` <> -1 ORDER BY listorder desc,news_id desc LIMIT 0,2   [ RunTime:0.0000s ]
NOTIC: [8] Undefined variable: data E:\xampp\htdocs\thinkphp\App\Admin\Controller\ContentController.class.php 第 27 行.
SQL: SELECT COUNT(*) AS tp_count FROM `tp_news` WHERE `status` <> -1 LIMIT 1   [ RunTime:0.0010s ]
SQL: SHOW COLUMNS FROM `tp_menu` [ RunTime:0.0020s ]
SQL: SELECT * FROM `tp_menu` WHERE `status` = 1 AND `type` = 0 ORDER BY listorder asc,menu_id desc  [ RunTime:0.0010s ]
SQL: SHOW COLUMNS FROM `tp_position` [ RunTime:0.0030s ]
SQL: SELECT * FROM `tp_position` WHERE `status` = 1  [ RunTime:0.0000s ]
INFO: [ view_parse ] --START--
INFO: [ template_filter ] --START--
INFO: Run Behavior\ContentReplaceBehavior [ RunTime:0.000000s ]
INFO: [ template_filter ] --END-- [ RunTime:0.000000s ]
SQL: SELECT * FROM `tp_menu` WHERE `status` <> -1 AND `type` = 1 ORDER BY listorder asc,menu_id desc  [ RunTime:0.0010s ]
NOTIC: [8] Use of undefined constant catid - assumed 'catid' E:\xampp\htdocs\thinkphp\App\Runtime\Cache\Admin\6e3791952b5e133e055abbbf30a98617.php 第 68 行.
NOTIC: [8] Undefined index: catid E:\xampp\htdocs\thinkphp\App\Runtime\Cache\Admin\6e3791952b5e133e055abbbf30a98617.php 第 68 行.
NOTIC: [8] Use of undefined constant catid - assumed 'catid' E:\xampp\htdocs\thinkphp\App\Runtime\Cache\Admin\6e3791952b5e133e055abbbf30a98617.php 第 68 行.
NOTIC: [8] Undefined index: catid E:\xampp\htdocs\thinkphp\App\Runtime\Cache\Admin\6e3791952b5e133e055abbbf30a98617.php 第 68 行.
NOTIC: [8] Undefined index: title E:\xampp\htdocs\thinkphp\App\Runtime\Cache\Admin\6e3791952b5e133e055abbbf30a98617.php 第 75 行.
INFO: Run Behavior\ParseTemplateBehavior [ RunTime:0.014001s ]
INFO: [ view_parse ] --END-- [ RunTime:0.014001s ]
INFO: [ view_filter ] --START--
INFO: Run Behavior\WriteHtmlCacheBehavior [ RunTime:0.000000s ]
INFO: [ view_filter ] --END-- [ RunTime:0.000000s ]
INFO: [ app_end ] --START--
INFO: Run Behavior\ShowPageTraceBehavior [ RunTime:0.000000s ]
INFO: [ app_end ] --END-- [ RunTime:0.000000s ]

[ 2016-06-24T17:04:59+08:00 ] 127.0.0.1 /admin/content/index
INFO: [ app_init ] --START--
INFO: Run Behavior\BuildLiteBehavior [ RunTime:0.000000s ]
INFO: [ app_init ] --END-- [ RunTime:0.001000s ]
INFO: [ app_begin ] --START--
INFO: Run Behavior\ReadHtmlCacheBehavior [ RunTime:0.001000s ]
INFO: [ app_begin ] --END-- [ RunTime:0.001000s ]
SQL: SHOW COLUMNS FROM `tp_news` [ RunTime:0.0030s ]
NOTIC: [8] Undefined variable: data E:\xampp\htdocs\thinkphp\App\Admin\Controller\ContentController.class.php 第 25 行.
SQL: SELECT * FROM `tp_news` WHERE `status` <> -1 ORDER BY listorder desc,news_id desc LIMIT 0,2   [ RunTime:0.0000s ]
NOTIC: [8] Undefined variable: data E:\xampp\htdocs\thinkphp\App\Admin\Controller\ContentController.class.php 第 27 行.
SQL: SELECT COUNT(*) AS tp_count FROM `tp_news` WHERE `status` <> -1 LIMIT 1   [ RunTime:0.0010s ]
SQL: SHOW COLUMNS FROM `tp_menu` [ RunTime:0.0030s ]
SQL: SELECT * FROM `tp_menu` WHERE `status` = 1 AND `type` = 0 ORDER BY listorder asc,menu_id desc  [ RunTime:0.0010s ]
SQL: SHOW COLUMNS FROM `tp_position` [ RunTime:0.0020s ]
SQL: SELECT * FROM `tp_position` WHERE `status` = 1  [ RunTime:0.0000s ]
INFO: [ view_parse ] --START--
INFO: [ template_filter ] --START--
INFO: Run Behavior\ContentReplaceBehavior [ RunTime:0.000000s ]
INFO: [ template_filter ] --END-- [ RunTime:0.000000s ]
SQL: SELECT * FROM `tp_menu` WHERE `status` <> -1 AND `type` = 1 ORDER BY listorder asc,menu_id desc  [ RunTime:0.0000s ]
NOTIC: [8] Use of undefined constant catid - assumed 'catid' E:\xampp\htdocs\thinkphp\App\Runtime\Cache\Admin\6e3791952b5e133e055abbbf30a98617.php 第 68 行.
NOTIC: [8] Undefined index: catid E:\xampp\htdocs\thinkphp\App\Runtime\Cache\Admin\6e3791952b5e133e055abbbf30a98617.php 第 68 行.
NOTIC: [8] Use of undefined constant catid - assumed 'catid' E:\xampp\htdocs\thinkphp\App\Runtime\Cache\Admin\6e3791952b5e133e055abbbf30a98617.php 第 68 行.
NOTIC: [8] Undefined index: catid E:\xampp\htdocs\thinkphp\App\Runtime\Cache\Admin\6e3791952b5e133e055abbbf30a98617.php 第 68 行.
NOTIC: [8] Undefined index: title E:\xampp\htdocs\thinkphp\App\Runtime\Cache\Admin\6e3791952b5e133e055abbbf30a98617.php 第 75 行.
INFO: Run Behavior\ParseTemplateBehavior [ RunTime:0.014001s ]
INFO: [ view_parse ] --END-- [ RunTime:0.014001s ]
INFO: [ view_filter ] --START--
INFO: Run Behavior\WriteHtmlCacheBehavior [ RunTime:0.001000s ]
INFO: [ view_filter ] --END-- [ RunTime:0.001000s ]
INFO: [ app_end ] --START--
INFO: Run Behavior\ShowPageTraceBehavior [ RunTime:0.001000s ]
INFO: [ app_end ] --END-- [ RunTime:0.001000s ]

[ 2016-06-24T17:51:15+08:00 ] 127.0.0.1 /admin/basic/index
INFO: [ app_init ] --START--
INFO: Run Behavior\BuildLiteBehavior [ RunTime:0.000000s ]
INFO: [ app_init ] --END-- [ RunTime:0.000000s ]
INFO: [ app_begin ] --START--
INFO: Run Behavior\ReadHtmlCacheBehavior [ RunTime:0.001000s ]
INFO: [ app_begin ] --END-- [ RunTime:0.001000s ]
INFO: [ view_parse ] --START--
INFO: [ template_filter ] --START--
INFO: Run Behavior\ContentReplaceBehavior [ RunTime:0.000000s ]
INFO: [ template_filter ] --END-- [ RunTime:0.000000s ]
SQL: SHOW COLUMNS FROM `tp_menu` [ RunTime:0.0030s ]
SQL: SELECT * FROM `tp_menu` WHERE `status` <> -1 AND `type` = 1 ORDER BY listorder asc,menu_id desc  [ RunTime:0.0010s ]
INFO: Run Behavior\ParseTemplateBehavior [ RunTime:0.021001s ]
INFO: [ view_parse ] --END-- [ RunTime:0.021001s ]
INFO: [ view_filter ] --START--
INFO: Run Behavior\WriteHtmlCacheBehavior [ RunTime:0.000000s ]
INFO: [ view_filter ] --END-- [ RunTime:0.000000s ]
INFO: [ app_end ] --START--
INFO: Run Behavior\ShowPageTraceBehavior [ RunTime:0.001000s ]
INFO: [ app_end ] --END-- [ RunTime:0.001000s ]

[ 2016-06-24T17:52:27+08:00 ] 127.0.0.1 /admin/basic/index
INFO: [ app_init ] --START--
INFO: Run Behavior\BuildLiteBehavior [ RunTime:0.000000s ]
INFO: [ app_init ] --END-- [ RunTime:0.000000s ]
INFO: [ app_begin ] --START--
INFO: Run Behavior\ReadHtmlCacheBehavior [ RunTime:0.001000s ]
INFO: [ app_begin ] --END-- [ RunTime:0.001000s ]
INFO: [ view_parse ] --START--
INFO: [ template_filter ] --START--
INFO: Run Behavior\ContentReplaceBehavior [ RunTime:0.000000s ]
INFO: [ template_filter ] --END-- [ RunTime:0.000000s ]
SQL: SHOW COLUMNS FROM `tp_menu` [ RunTime:0.0030s ]
SQL: SELECT * FROM `tp_menu` WHERE `status` <> -1 AND `type` = 1 ORDER BY listorder asc,menu_id desc  [ RunTime:0.0010s ]
INFO: Run Behavior\ParseTemplateBehavior [ RunTime:0.025001s ]
INFO: [ view_parse ] --END-- [ RunTime:0.025001s ]
INFO: [ view_filter ] --START--
INFO: Run Behavior\WriteHtmlCacheBehavior [ RunTime:0.001000s ]
INFO: [ view_filter ] --END-- [ RunTime:0.001000s ]
INFO: [ app_end ] --START--
INFO: Run Behavior\ShowPageTraceBehavior [ RunTime:0.000000s ]
INFO: [ app_end ] --END-- [ RunTime:0.000000s ]

[ 2016-06-24T17:53:58+08:00 ] 127.0.0.1 /admin/basic/index
INFO: [ app_init ] --START--
INFO: Run Behavior\BuildLiteBehavior [ RunTime:0.000000s ]
INFO: [ app_init ] --END-- [ RunTime:0.001000s ]
INFO: [ app_begin ] --START--
INFO: Run Behavior\ReadHtmlCacheBehavior [ RunTime:0.000000s ]
INFO: [ app_begin ] --END-- [ RunTime:0.000000s ]
INFO: [ view_parse ] --START--
INFO: [ template_filter ] --START--
INFO: Run Behavior\ContentReplaceBehavior [ RunTime:0.000000s ]
INFO: [ template_filter ] --END-- [ RunTime:0.000000s ]
SQL: SHOW COLUMNS FROM `tp_menu` [ RunTime:0.0030s ]
SQL: SELECT * FROM `tp_menu` WHERE `status` <> -1 AND `type` = 1 ORDER BY listorder asc,menu_id desc  [ RunTime:0.0010s ]
INFO: Run Behavior\ParseTemplateBehavior [ RunTime:0.020001s ]
INFO: [ view_parse ] --END-- [ RunTime:0.021001s ]
INFO: [ view_filter ] --START--
INFO: Run Behavior\WriteHtmlCacheBehavior [ RunTime:0.000000s ]
INFO: [ view_filter ] --END-- [ RunTime:0.000000s ]
INFO: [ app_end ] --START--
INFO: Run Behavior\ShowPageTraceBehavior [ RunTime:0.000000s ]
INFO: [ app_end ] --END-- [ RunTime:0.000000s ]

[ 2016-06-24T17:54:30+08:00 ] 127.0.0.1 /admin/basic/index
INFO: [ app_init ] --START--
INFO: Run Behavior\BuildLiteBehavior [ RunTime:0.000000s ]
INFO: [ app_init ] --END-- [ RunTime:0.000000s ]
INFO: [ app_begin ] --START--
INFO: Run Behavior\ReadHtmlCacheBehavior [ RunTime:0.000000s ]
INFO: [ app_begin ] --END-- [ RunTime:0.000000s ]
INFO: [ view_parse ] --START--
INFO: [ template_filter ] --START--
INFO: Run Behavior\ContentReplaceBehavior [ RunTime:0.000000s ]
INFO: [ template_filter ] --END-- [ RunTime:0.000000s ]
SQL: SHOW COLUMNS FROM `tp_menu` [ RunTime:0.0030s ]
SQL: SELECT * FROM `tp_menu` WHERE `status` <> -1 AND `type` = 1 ORDER BY listorder asc,menu_id desc  [ RunTime:0.0010s ]
INFO: Run Behavior\ParseTemplateBehavior [ RunTime:0.028002s ]
INFO: [ view_parse ] --END-- [ RunTime:0.028002s ]
INFO: [ view_filter ] --START--
INFO: Run Behavior\WriteHtmlCacheBehavior [ RunTime:0.000000s ]
INFO: [ view_filter ] --END-- [ RunTime:0.000000s ]
INFO: [ app_end ] --START--
INFO: Run Behavior\ShowPageTraceBehavior [ RunTime:0.001000s ]
INFO: [ app_end ] --END-- [ RunTime:0.001000s ]

[ 2016-06-24T17:54:41+08:00 ] 127.0.0.1 /admin/basic/index
INFO: [ app_init ] --START--
INFO: Run Behavior\BuildLiteBehavior [ RunTime:0.000000s ]
INFO: [ app_init ] --END-- [ RunTime:0.001000s ]
INFO: [ app_begin ] --START--
INFO: Run Behavior\ReadHtmlCacheBehavior [ RunTime:0.001000s ]
INFO: [ app_begin ] --END-- [ RunTime:0.001000s ]
INFO: [ view_parse ] --START--
INFO: [ template_filter ] --START--
INFO: Run Behavior\ContentReplaceBehavior [ RunTime:0.000000s ]
INFO: [ template_filter ] --END-- [ RunTime:0.000000s ]
SQL: SHOW COLUMNS FROM `tp_menu` [ RunTime:0.0020s ]
SQL: SELECT * FROM `tp_menu` WHERE `status` <> -1 AND `type` = 1 ORDER BY listorder asc,menu_id desc  [ RunTime:0.0000s ]
INFO: Run Behavior\ParseTemplateBehavior [ RunTime:0.020002s ]
INFO: [ view_parse ] --END-- [ RunTime:0.020002s ]
INFO: [ view_filter ] --START--
INFO: Run Behavior\WriteHtmlCacheBehavior [ RunTime:0.001000s ]
INFO: [ view_filter ] --END-- [ RunTime:0.001000s ]
INFO: [ app_end ] --START--
INFO: Run Behavior\ShowPageTraceBehavior [ RunTime:0.000000s ]
INFO: [ app_end ] --END-- [ RunTime:0.000000s ]

[ 2016-06-24T17:54:57+08:00 ] 127.0.0.1 /admin/basic/index
INFO: [ app_init ] --START--
INFO: Run Behavior\BuildLiteBehavior [ RunTime:0.000000s ]
INFO: [ app_init ] --END-- [ RunTime:0.001000s ]
INFO: [ app_begin ] --START--
INFO: Run Behavior\ReadHtmlCacheBehavior [ RunTime:0.000000s ]
INFO: [ app_begin ] --END-- [ RunTime:0.000000s ]
INFO: [ view_parse ] --START--
INFO: [ template_filter ] --START--
INFO: Run Behavior\ContentReplaceBehavior [ RunTime:0.000000s ]
INFO: [ template_filter ] --END-- [ RunTime:0.000000s ]
SQL: SHOW COLUMNS FROM `tp_menu` [ RunTime:0.0030s ]
SQL: SELECT * FROM `tp_menu` WHERE `status` <> -1 AND `type` = 1 ORDER BY listorder asc,menu_id desc  [ RunTime:0.0010s ]
INFO: Run Behavior\ParseTemplateBehavior [ RunTime:0.030002s ]
INFO: [ view_parse ] --END-- [ RunTime:0.030002s ]
INFO: [ view_filter ] --START--
INFO: Run Behavior\WriteHtmlCacheBehavior [ RunTime:0.000000s ]
INFO: [ view_filter ] --END-- [ RunTime:0.000000s ]
INFO: [ app_end ] --START--
INFO: Run Behavior\ShowPageTraceBehavior [ RunTime:0.001000s ]
INFO: [ app_end ] --END-- [ RunTime:0.001000s ]

[ 2016-06-24T17:57:50+08:00 ] 127.0.0.1 /admin/basic/cache
INFO: [ app_init ] --START--
INFO: Run Behavior\BuildLiteBehavior [ RunTime:0.000000s ]
INFO: [ app_init ] --END-- [ RunTime:0.000000s ]
INFO: [ app_begin ] --START--
INFO: Run Behavior\ReadHtmlCacheBehavior [ RunTime:0.000000s ]
INFO: [ app_begin ] --END-- [ RunTime:0.000000s ]
INFO: [ view_parse ] --START--
INFO: [ template_filter ] --START--
INFO: Run Behavior\ContentReplaceBehavior [ RunTime:0.000000s ]
INFO: [ template_filter ] --END-- [ RunTime:0.000000s ]
NOTIC: [8] Undefined variable: title E:\xampp\htdocs\thinkphp\App\Runtime\Cache\Admin\2d5e1803b64d70e72bb62a5a37d6b1a4.php 第 5 行.
SQL: SHOW COLUMNS FROM `tp_menu` [ RunTime:0.0030s ]
SQL: SELECT * FROM `tp_menu` WHERE `status` <> -1 AND `type` = 1 ORDER BY listorder asc,menu_id desc  [ RunTime:0.0000s ]
NOTIC: [8] Undefined variable: title E:\xampp\htdocs\thinkphp\App\Runtime\Cache\Admin\2d5e1803b64d70e72bb62a5a37d6b1a4.php 第 48 行.
NOTIC: [8] Undefined variable: navname E:\xampp\htdocs\thinkphp\App\Runtime\Cache\Admin\2d5e1803b64d70e72bb62a5a37d6b1a4.php 第 49 行.
NOTIC: [8] Undefined variable: basic E:\xampp\htdocs\thinkphp\App\Runtime\Cache\Admin\2d5e1803b64d70e72bb62a5a37d6b1a4.php 第 65 行.
INFO: Run Behavior\ParseTemplateBehavior [ RunTime:0.021001s ]
INFO: [ view_parse ] --END-- [ RunTime:0.021001s ]
INFO: [ view_filter ] --START--
INFO: Run Behavior\WriteHtmlCacheBehavior [ RunTime:0.000000s ]
INFO: [ view_filter ] --END-- [ RunTime:0.000000s ]
INFO: [ app_end ] --START--
INFO: Run Behavior\ShowPageTraceBehavior [ RunTime:0.001000s ]
INFO: [ app_end ] --END-- [ RunTime:0.001000s ]

[ 2016-06-24T17:58:19+08:00 ] 127.0.0.1 /admin/basic/cache
INFO: [ app_init ] --START--
INFO: Run Behavior\BuildLiteBehavior [ RunTime:0.000000s ]
INFO: [ app_init ] --END-- [ RunTime:0.000000s ]
INFO: [ app_begin ] --START--
INFO: Run Behavior\ReadHtmlCacheBehavior [ RunTime:0.001000s ]
INFO: [ app_begin ] --END-- [ RunTime:0.001000s ]
INFO: [ view_parse ] --START--
INFO: [ template_filter ] --START--
INFO: Run Behavior\ContentReplaceBehavior [ RunTime:0.000000s ]
INFO: [ template_filter ] --END-- [ RunTime:0.000000s ]
NOTIC: [8] Undefined variable: title E:\xampp\htdocs\thinkphp\App\Runtime\Cache\Admin\2d5e1803b64d70e72bb62a5a37d6b1a4.php 第 5 行.
SQL: SHOW COLUMNS FROM `tp_menu` [ RunTime:0.0030s ]
SQL: SELECT * FROM `tp_menu` WHERE `status` <> -1 AND `type` = 1 ORDER BY listorder asc,menu_id desc  [ RunTime:0.0010s ]
NOTIC: [8] Undefined variable: title E:\xampp\htdocs\thinkphp\App\Runtime\Cache\Admin\2d5e1803b64d70e72bb62a5a37d6b1a4.php 第 48 行.
NOTIC: [8] Undefined variable: navname E:\xampp\htdocs\thinkphp\App\Runtime\Cache\Admin\2d5e1803b64d70e72bb62a5a37d6b1a4.php 第 49 行.
INFO: Run Behavior\ParseTemplateBehavior [ RunTime:0.033002s ]
INFO: [ view_parse ] --END-- [ RunTime:0.033002s ]
INFO: [ view_filter ] --START--
INFO: Run Behavior\WriteHtmlCacheBehavior [ RunTime:0.001000s ]
INFO: [ view_filter ] --END-- [ RunTime:0.001000s ]
INFO: [ app_end ] --START--
INFO: Run Behavior\ShowPageTraceBehavior [ RunTime:0.000000s ]
INFO: [ app_end ] --END-- [ RunTime:0.000000s ]

[ 2016-06-24T17:58:29+08:00 ] 127.0.0.1 /admin/basic/cache
INFO: [ app_init ] --START--
INFO: Run Behavior\BuildLiteBehavior [ RunTime:0.000000s ]
INFO: [ app_init ] --END-- [ RunTime:0.000000s ]
INFO: [ app_begin ] --START--
INFO: Run Behavior\ReadHtmlCacheBehavior [ RunTime:0.000000s ]
INFO: [ app_begin ] --END-- [ RunTime:0.000000s ]
INFO: [ view_parse ] --START--
INFO: [ template_filter ] --START--
INFO: Run Behavior\ContentReplaceBehavior [ RunTime:0.000000s ]
INFO: [ template_filter ] --END-- [ RunTime:0.000000s ]
NOTIC: [8] Undefined variable: title E:\xampp\htdocs\thinkphp\App\Runtime\Cache\Admin\2d5e1803b64d70e72bb62a5a37d6b1a4.php 第 5 行.
SQL: SHOW COLUMNS FROM `tp_menu` [ RunTime:0.0020s ]
SQL: SELECT * FROM `tp_menu` WHERE `status` <> -1 AND `type` = 1 ORDER BY listorder asc,menu_id desc  [ RunTime:0.0010s ]
NOTIC: [8] Undefined variable: title E:\xampp\htdocs\thinkphp\App\Runtime\Cache\Admin\2d5e1803b64d70e72bb62a5a37d6b1a4.php 第 48 行.
NOTIC: [8] Undefined variable: navname E:\xampp\htdocs\thinkphp\App\Runtime\Cache\Admin\2d5e1803b64d70e72bb62a5a37d6b1a4.php 第 49 行.
INFO: Run Behavior\ParseTemplateBehavior [ RunTime:0.019001s ]
INFO: [ view_parse ] --END-- [ RunTime:0.019001s ]
INFO: [ view_filter ] --START--
INFO: Run Behavior\WriteHtmlCacheBehavior [ RunTime:0.000000s ]
INFO: [ view_filter ] --END-- [ RunTime:0.000000s ]
INFO: [ app_end ] --START--
INFO: Run Behavior\ShowPageTraceBehavior [ RunTime:0.000000s ]
INFO: [ app_end ] --END-- [ RunTime:0.000000s ]

[ 2016-06-24T17:58:36+08:00 ] 127.0.0.1 /admin/basic/cache
INFO: [ app_init ] --START--
INFO: Run Behavior\BuildLiteBehavior [ RunTime:0.000000s ]
INFO: [ app_init ] --END-- [ RunTime:0.000000s ]
INFO: [ app_begin ] --START--
INFO: Run Behavior\ReadHtmlCacheBehavior [ RunTime:0.001000s ]
INFO: [ app_begin ] --END-- [ RunTime:0.001000s ]
INFO: [ view_parse ] --START--
INFO: [ template_filter ] --START--
INFO: Run Behavior\ContentReplaceBehavior [ RunTime:0.000000s ]
INFO: [ template_filter ] --END-- [ RunTime:0.000000s ]
NOTIC: [8] Undefined variable: title E:\xampp\htdocs\thinkphp\App\Runtime\Cache\Admin\2d5e1803b64d70e72bb62a5a37d6b1a4.php 第 5 行.
SQL: SHOW COLUMNS FROM `tp_menu` [ RunTime:0.0020s ]
SQL: SELECT * FROM `tp_menu` WHERE `status` <> -1 AND `type` = 1 ORDER BY listorder asc,menu_id desc  [ RunTime:0.0000s ]
NOTIC: [8] Undefined variable: title E:\xampp\htdocs\thinkphp\App\Runtime\Cache\Admin\2d5e1803b64d70e72bb62a5a37d6b1a4.php 第 48 行.
NOTIC: [8] Undefined variable: navname E:\xampp\htdocs\thinkphp\App\Runtime\Cache\Admin\2d5e1803b64d70e72bb62a5a37d6b1a4.php 第 49 行.
INFO: Run Behavior\ParseTemplateBehavior [ RunTime:0.020001s ]
INFO: [ view_parse ] --END-- [ RunTime:0.020001s ]
INFO: [ view_filter ] --START--
INFO: Run Behavior\WriteHtmlCacheBehavior [ RunTime:0.001000s ]
INFO: [ view_filter ] --END-- [ RunTime:0.001000s ]
INFO: [ app_end ] --START--
INFO: Run Behavior\ShowPageTraceBehavior [ RunTime:0.001000s ]
INFO: [ app_end ] --END-- [ RunTime:0.001000s ]

[ 2016-06-24T17:58:42+08:00 ] 127.0.0.1 /admin/basic/cache
INFO: [ app_init ] --START--
INFO: Run Behavior\BuildLiteBehavior [ RunTime:0.000000s ]
INFO: [ app_init ] --END-- [ RunTime:0.001000s ]
INFO: [ app_begin ] --START--
INFO: Run Behavior\ReadHtmlCacheBehavior [ RunTime:0.001000s ]
INFO: [ app_begin ] --END-- [ RunTime:0.001000s ]
INFO: [ view_parse ] --START--
INFO: [ template_filter ] --START--
INFO: Run Behavior\ContentReplaceBehavior [ RunTime:0.000000s ]
INFO: [ template_filter ] --END-- [ RunTime:0.000000s ]
NOTIC: [8] Undefined variable: title E:\xampp\htdocs\thinkphp\App\Runtime\Cache\Admin\2d5e1803b64d70e72bb62a5a37d6b1a4.php 第 5 行.
SQL: SHOW COLUMNS FROM `tp_menu` [ RunTime:0.0020s ]
SQL: SELECT * FROM `tp_menu` WHERE `status` <> -1 AND `type` = 1 ORDER BY listorder asc,menu_id desc  [ RunTime:0.0000s ]
NOTIC: [8] Undefined variable: title E:\xampp\htdocs\thinkphp\App\Runtime\Cache\Admin\2d5e1803b64d70e72bb62a5a37d6b1a4.php 第 48 行.
NOTIC: [8] Undefined variable: navname E:\xampp\htdocs\thinkphp\App\Runtime\Cache\Admin\2d5e1803b64d70e72bb62a5a37d6b1a4.php 第 49 行.
INFO: Run Behavior\ParseTemplateBehavior [ RunTime:0.019001s ]
INFO: [ view_parse ] --END-- [ RunTime:0.019001s ]
INFO: [ view_filter ] --START--
INFO: Run Behavior\WriteHtmlCacheBehavior [ RunTime:0.001000s ]
INFO: [ view_filter ] --END-- [ RunTime:0.001000s ]
INFO: [ app_end ] --START--
INFO: Run Behavior\ShowPageTraceBehavior [ RunTime:0.000000s ]
INFO: [ app_end ] --END-- [ RunTime:0.000000s ]

[ 2016-06-24T17:58:56+08:00 ] 127.0.0.1 /admin/basic/cache
INFO: [ app_init ] --START--
INFO: Run Behavior\BuildLiteBehavior [ RunTime:0.000000s ]
INFO: [ app_init ] --END-- [ RunTime:0.001000s ]
INFO: [ app_begin ] --START--
INFO: Run Behavior\ReadHtmlCacheBehavior [ RunTime:0.001000s ]
INFO: [ app_begin ] --END-- [ RunTime:0.001000s ]
INFO: [ view_parse ] --START--
INFO: [ template_filter ] --START--
INFO: Run Behavior\ContentReplaceBehavior [ RunTime:0.000000s ]
INFO: [ template_filter ] --END-- [ RunTime:0.000000s ]
NOTIC: [8] Undefined variable: title E:\xampp\htdocs\thinkphp\App\Runtime\Cache\Admin\2d5e1803b64d70e72bb62a5a37d6b1a4.php 第 5 行.
SQL: SHOW COLUMNS FROM `tp_menu` [ RunTime:0.0040s ]
SQL: SELECT * FROM `tp_menu` WHERE `status` <> -1 AND `type` = 1 ORDER BY listorder asc,menu_id desc  [ RunTime:0.0000s ]
NOTIC: [8] Undefined variable: title E:\xampp\htdocs\thinkphp\App\Runtime\Cache\Admin\2d5e1803b64d70e72bb62a5a37d6b1a4.php 第 48 行.
NOTIC: [8] Undefined variable: navname E:\xampp\htdocs\thinkphp\App\Runtime\Cache\Admin\2d5e1803b64d70e72bb62a5a37d6b1a4.php 第 49 行.
INFO: Run Behavior\ParseTemplateBehavior [ RunTime:0.023001s ]
INFO: [ view_parse ] --END-- [ RunTime:0.023001s ]
INFO: [ view_filter ] --START--
INFO: Run Behavior\WriteHtmlCacheBehavior [ RunTime:0.000000s ]
INFO: [ view_filter ] --END-- [ RunTime:0.000000s ]
INFO: [ app_end ] --START--
INFO: Run Behavior\ShowPageTraceBehavior [ RunTime:0.001000s ]
INFO: [ app_end ] --END-- [ RunTime:0.001000s ]

[ 2016-06-24T17:59:13+08:00 ] 127.0.0.1 /admin/basic/cache
INFO: [ app_init ] --START--
INFO: Run Behavior\BuildLiteBehavior [ RunTime:0.000000s ]
INFO: [ app_init ] --END-- [ RunTime:0.000000s ]
INFO: [ app_begin ] --START--
INFO: Run Behavior\ReadHtmlCacheBehavior [ RunTime:0.001000s ]
INFO: [ app_begin ] --END-- [ RunTime:0.001000s ]
INFO: [ view_parse ] --START--
INFO: [ template_filter ] --START--
INFO: Run Behavior\ContentReplaceBehavior [ RunTime:0.000000s ]
INFO: [ template_filter ] --END-- [ RunTime:0.000000s ]
NOTIC: [8] Undefined variable: title E:\xampp\htdocs\thinkphp\App\Runtime\Cache\Admin\2d5e1803b64d70e72bb62a5a37d6b1a4.php 第 5 行.
SQL: SHOW COLUMNS FROM `tp_menu` [ RunTime:0.0020s ]
SQL: SELECT * FROM `tp_menu` WHERE `status` <> -1 AND `type` = 1 ORDER BY listorder asc,menu_id desc  [ RunTime:0.0000s ]
NOTIC: [8] Undefined variable: title E:\xampp\htdocs\thinkphp\App\Runtime\Cache\Admin\2d5e1803b64d70e72bb62a5a37d6b1a4.php 第 48 行.
NOTIC: [8] Undefined variable: navname E:\xampp\htdocs\thinkphp\App\Runtime\Cache\Admin\2d5e1803b64d70e72bb62a5a37d6b1a4.php 第 49 行.
INFO: Run Behavior\ParseTemplateBehavior [ RunTime:0.021001s ]
INFO: [ view_parse ] --END-- [ RunTime:0.021001s ]
INFO: [ view_filter ] --START--
INFO: Run Behavior\WriteHtmlCacheBehavior [ RunTime:0.001000s ]
INFO: [ view_filter ] --END-- [ RunTime:0.001000s ]
INFO: [ app_end ] --START--
INFO: Run Behavior\ShowPageTraceBehavior [ RunTime:0.000000s ]
INFO: [ app_end ] --END-- [ RunTime:0.000000s ]

[ 2016-06-24T18:01:21+08:00 ] 127.0.0.1 /admin/basic/cache
INFO: [ app_init ] --START--
INFO: Run Behavior\BuildLiteBehavior [ RunTime:0.000000s ]
INFO: [ app_init ] --END-- [ RunTime:0.000000s ]
INFO: [ app_begin ] --START--
INFO: Run Behavior\ReadHtmlCacheBehavior [ RunTime:0.000000s ]
INFO: [ app_begin ] --END-- [ RunTime:0.000000s ]
INFO: [ view_parse ] --START--
INFO: [ template_filter ] --START--
INFO: Run Behavior\ContentReplaceBehavior [ RunTime:0.000000s ]
INFO: [ template_filter ] --END-- [ RunTime:0.000000s ]
SQL: SHOW COLUMNS FROM `tp_menu` [ RunTime:0.0030s ]
SQL: SELECT * FROM `tp_menu` WHERE `status` <> -1 AND `type` = 1 ORDER BY listorder asc,menu_id desc  [ RunTime:0.0010s ]
INFO: Run Behavior\ParseTemplateBehavior [ RunTime:0.029001s ]
INFO: [ view_parse ] --END-- [ RunTime:0.029001s ]
INFO: [ view_filter ] --START--
INFO: Run Behavior\WriteHtmlCacheBehavior [ RunTime:0.000000s ]
INFO: [ view_filter ] --END-- [ RunTime:0.000000s ]
INFO: [ app_end ] --START--
INFO: Run Behavior\ShowPageTraceBehavior [ RunTime:0.001000s ]
INFO: [ app_end ] --END-- [ RunTime:0.001000s ]

[ 2016-06-24T18:09:50+08:00 ] 127.0.0.1 /admin/basic/cache
INFO: [ app_init ] --START--
INFO: Run Behavior\BuildLiteBehavior [ RunTime:0.000000s ]
INFO: [ app_init ] --END-- [ RunTime:0.000000s ]
INFO: [ app_begin ] --START--
INFO: Run Behavior\ReadHtmlCacheBehavior [ RunTime:0.001000s ]
INFO: [ app_begin ] --END-- [ RunTime:0.001000s ]
INFO: [ view_parse ] --START--
INFO: [ template_filter ] --START--
INFO: Run Behavior\ContentReplaceBehavior [ RunTime:0.000000s ]
INFO: [ template_filter ] --END-- [ RunTime:0.000000s ]
SQL: SHOW COLUMNS FROM `tp_menu` [ RunTime:0.0020s ]
SQL: SELECT * FROM `tp_menu` WHERE `status` <> -1 AND `type` = 1 ORDER BY listorder asc,menu_id desc  [ RunTime:0.0000s ]
INFO: Run Behavior\ParseTemplateBehavior [ RunTime:0.020001s ]
INFO: [ view_parse ] --END-- [ RunTime:0.020001s ]
INFO: [ view_filter ] --START--
INFO: Run Behavior\WriteHtmlCacheBehavior [ RunTime:0.001000s ]
INFO: [ view_filter ] --END-- [ RunTime:0.001000s ]
INFO: [ app_end ] --START--
INFO: Run Behavior\ShowPageTraceBehavior [ RunTime:0.001000s ]
INFO: [ app_end ] --END-- [ RunTime:0.001000s ]

[ 2016-06-24T18:09:54+08:00 ] 127.0.0.1 /admin/basic/cache
INFO: [ app_init ] --START--
INFO: Run Behavior\BuildLiteBehavior [ RunTime:0.000000s ]
INFO: [ app_init ] --END-- [ RunTime:0.001000s ]
INFO: [ app_begin ] --START--
INFO: Run Behavior\ReadHtmlCacheBehavior [ RunTime:0.001000s ]
INFO: [ app_begin ] --END-- [ RunTime:0.001000s ]
INFO: [ view_parse ] --START--
INFO: [ template_filter ] --START--
INFO: Run Behavior\ContentReplaceBehavior [ RunTime:0.000000s ]
INFO: [ template_filter ] --END-- [ RunTime:0.000000s ]
SQL: SHOW COLUMNS FROM `tp_menu` [ RunTime:0.0020s ]
SQL: SELECT * FROM `tp_menu` WHERE `status` <> -1 AND `type` = 1 ORDER BY listorder asc,menu_id desc  [ RunTime:0.0000s ]
INFO: Run Behavior\ParseTemplateBehavior [ RunTime:0.021002s ]
INFO: [ view_parse ] --END-- [ RunTime:0.021002s ]
INFO: [ view_filter ] --START--
INFO: Run Behavior\WriteHtmlCacheBehavior [ RunTime:0.001000s ]
INFO: [ view_filter ] --END-- [ RunTime:0.001000s ]
INFO: [ app_end ] --START--
INFO: Run Behavior\ShowPageTraceBehavior [ RunTime:0.000000s ]
INFO: [ app_end ] --END-- [ RunTime:0.001000s ]

